Loading model from file: /cnn/models/dsd/release/ResNet50/resnet50_dsd.t7	
 | Test: [0][1/1000]    Time 4.698  Data 1.143  top1  16.000 ( 16.000)  top5   6.000 (  6.000)	
 | Test: [0][2/1000]    Time 0.172  Data 0.001  top1  16.000 ( 16.000)  top5   4.000 (  5.000)	
 | Test: [0][3/1000]    Time 0.170  Data 0.001  top1  20.000 ( 17.333)  top5   6.000 (  5.333)	
 | Test: [0][4/1000]    Time 0.169  Data 0.001  top1  18.000 ( 17.500)  top5   6.000 (  5.500)	
 | Test: [0][5/1000]    Time 0.168  Data 0.000  top1  20.000 ( 18.000)  top5   6.000 (  5.600)	
 | Test: [0][6/1000]    Time 0.678  Data 0.511  top1  20.000 ( 18.333)  top5   6.000 (  5.667)	
 | Test: [0][7/1000]    Time 0.216  Data 0.049  top1  22.000 ( 18.857)  top5   2.000 (  5.143)	
 | Test: [0][8/1000]    Time 0.948  Data 0.777  top1  20.000 ( 19.000)  top5   4.000 (  5.000)	
 | Test: [0][9/1000]    Time 0.208  Data 0.038  top1  28.000 ( 20.000)  top5  12.000 (  5.778)	
 | Test: [0][10/1000]    Time 0.891  Data 0.723  top1  26.000 ( 20.600)  top5   6.000 (  5.800)	
 | Test: [0][11/1000]    Time 0.213  Data 0.036  top1  22.000 ( 20.727)  top5   6.000 (  5.818)	
 | Test: [0][12/1000]    Time 0.943  Data 0.774  top1  18.000 ( 20.500)  top5   6.000 (  5.833)	
 | Test: [0][13/1000]    Time 0.169  Data 0.001  top1  34.000 ( 21.538)  top5  10.000 (  6.154)	
 | Test: [0][14/1000]    Time 1.001  Data 0.833  top1  22.000 ( 21.571)  top5   8.000 (  6.286)	
 | Test: [0][15/1000]    Time 0.175  Data 0.001  top1  26.000 ( 21.867)  top5   8.000 (  6.400)	
 | Test: [0][16/1000]    Time 0.720  Data 0.536  top1  20.000 ( 21.750)  top5   8.000 (  6.500)	
 | Test: [0][17/1000]    Time 0.269  Data 0.095  top1  22.000 ( 21.765)  top5   2.000 (  6.235)	
 | Test: [0][18/1000]    Time 0.839  Data 0.665  top1  26.000 ( 22.000)  top5   8.000 (  6.333)	
 | Test: [0][19/1000]    Time 0.263  Data 0.089  top1  22.000 ( 22.000)  top5  14.000 (  6.737)	
 | Test: [0][20/1000]    Time 1.025  Data 0.851  top1  26.000 ( 22.200)  top5   4.000 (  6.600)	
 | Test: [0][21/1000]    Time 0.226  Data 0.052  top1  34.000 ( 22.762)  top5  14.000 (  6.952)	
 | Test: [0][22/1000]    Time 1.192  Data 0.987  top1  26.000 ( 22.909)  top5  12.000 (  7.182)	
 | Test: [0][23/1000]    Time 0.178  Data 0.001  top1  18.000 ( 22.696)  top5   6.000 (  7.130)	
 | Test: [0][24/1000]    Time 1.015  Data 0.841  top1  18.000 ( 22.500)  top5   6.000 (  7.083)	
 | Test: [0][25/1000]    Time 0.259  Data 0.091  top1  22.000 ( 22.480)  top5   6.000 (  7.040)	
 | Test: [0][26/1000]    Time 0.996  Data 0.826  top1  28.000 ( 22.692)  top5   8.000 (  7.077)	
 | Test: [0][27/1000]    Time 0.305  Data 0.129  top1  22.000 ( 22.667)  top5   8.000 (  7.111)	
 | Test: [0][28/1000]    Time 0.860  Data 0.684  top1  14.000 ( 22.357)  top5   0.000 (  6.857)	
 | Test: [0][29/1000]    Time 0.362  Data 0.186  top1  22.000 ( 22.345)  top5   4.000 (  6.759)	
 | Test: [0][30/1000]    Time 0.918  Data 0.743  top1  10.000 ( 21.933)  top5   4.000 (  6.667)	
 | Test: [0][31/1000]    Time 0.308  Data 0.133  top1  30.000 ( 22.194)  top5  10.000 (  6.774)	
 | Test: [0][32/1000]    Time 0.912  Data 0.718  top1  22.000 ( 22.188)  top5   2.000 (  6.625)	
 | Test: [0][33/1000]    Time 0.314  Data 0.138  top1  30.000 ( 22.424)  top5   6.000 (  6.606)	
 | Test: [0][34/1000]    Time 0.838  Data 0.662  top1  34.000 ( 22.765)  top5   4.000 (  6.529)	
 | Test: [0][35/1000]    Time 0.394  Data 0.213  top1  24.000 ( 22.800)  top5   8.000 (  6.571)	
 | Test: [0][36/1000]    Time 0.906  Data 0.715  top1  24.000 ( 22.833)  top5   8.000 (  6.611)	
 | Test: [0][37/1000]    Time 0.294  Data 0.119  top1  22.000 ( 22.811)  top5  10.000 (  6.703)	
 | Test: [0][38/1000]    Time 0.942  Data 0.767  top1  22.000 ( 22.789)  top5  10.000 (  6.789)	
 | Test: [0][39/1000]    Time 0.305  Data 0.130  top1  30.000 ( 22.974)  top5   8.000 (  6.821)	
 | Test: [0][40/1000]    Time 0.905  Data 0.724  top1  16.000 ( 22.800)  top5   2.000 (  6.700)	
 | Test: [0][41/1000]    Time 0.310  Data 0.133  top1  24.000 ( 22.829)  top5   8.000 (  6.732)	
 | Test: [0][42/1000]    Time 1.232  Data 1.036  top1  26.000 ( 22.905)  top5  10.000 (  6.810)	
 | Test: [0][43/1000]    Time 0.176  Data 0.001  top1  18.000 ( 22.791)  top5   2.000 (  6.698)	
 | Test: [0][44/1000]    Time 1.065  Data 0.890  top1  26.000 ( 22.864)  top5   8.000 (  6.727)	
 | Test: [0][45/1000]    Time 0.175  Data 0.001  top1  20.000 ( 22.800)  top5   4.000 (  6.667)	
 | Test: [0][46/1000]    Time 1.140  Data 0.962  top1  20.000 ( 22.739)  top5   6.000 (  6.652)	
 | Test: [0][47/1000]    Time 0.175  Data 0.001  top1  16.000 ( 22.596)  top5   4.000 (  6.596)	
 | Test: [0][48/1000]    Time 1.051  Data 0.871  top1  18.000 ( 22.500)  top5   4.000 (  6.542)	
 | Test: [0][49/1000]    Time 0.179  Data 0.001  top1  28.000 ( 22.612)  top5   8.000 (  6.571)	
 | Test: [0][50/1000]    Time 1.109  Data 0.935  top1  20.000 ( 22.560)  top5   8.000 (  6.600)	
 | Test: [0][51/1000]    Time 0.241  Data 0.066  top1  18.000 ( 22.471)  top5   4.000 (  6.549)	
 | Test: [0][52/1000]    Time 1.081  Data 0.883  top1  20.000 ( 22.423)  top5   6.000 (  6.538)	
 | Test: [0][53/1000]    Time 0.175  Data 0.001  top1  26.000 ( 22.491)  top5   8.000 (  6.566)	
 | Test: [0][54/1000]    Time 0.976  Data 0.802  top1  26.000 ( 22.556)  top5   6.000 (  6.556)	
 | Test: [0][55/1000]    Time 0.224  Data 0.048  top1  22.000 ( 22.545)  top5   4.000 (  6.509)	
 | Test: [0][56/1000]    Time 1.033  Data 0.859  top1  20.000 ( 22.500)  top5   8.000 (  6.536)	
 | Test: [0][57/1000]    Time 0.345  Data 0.170  top1  18.000 ( 22.421)  top5   2.000 (  6.456)	
 | Test: [0][58/1000]    Time 0.859  Data 0.684  top1  22.000 ( 22.414)  top5   6.000 (  6.448)	
 | Test: [0][59/1000]    Time 0.339  Data 0.164  top1  20.000 ( 22.373)  top5   4.000 (  6.407)	
 | Test: [0][60/1000]    Time 0.933  Data 0.758  top1  32.000 ( 22.533)  top5   8.000 (  6.433)	
 | Test: [0][61/1000]    Time 0.293  Data 0.118  top1  22.000 ( 22.525)  top5  10.000 (  6.492)	
 | Test: [0][62/1000]    Time 0.974  Data 0.799  top1  16.000 ( 22.419)  top5   4.000 (  6.452)	
 | Test: [0][63/1000]    Time 0.259  Data 0.084  top1  26.000 ( 22.476)  top5  10.000 (  6.508)	
 | Test: [0][64/1000]    Time 0.927  Data 0.752  top1  24.000 ( 22.500)  top5   0.000 (  6.406)	
 | Test: [0][65/1000]    Time 0.235  Data 0.060  top1  30.000 ( 22.615)  top5  10.000 (  6.462)	
 | Test: [0][66/1000]    Time 1.022  Data 0.847  top1  18.000 ( 22.545)  top5   8.000 (  6.485)	
 | Test: [0][67/1000]    Time 0.215  Data 0.040  top1  30.000 ( 22.657)  top5   4.000 (  6.448)	
 | Test: [0][68/1000]    Time 0.985  Data 0.798  top1  26.000 ( 22.706)  top5   4.000 (  6.412)	
 | Test: [0][69/1000]    Time 0.279  Data 0.099  top1  24.000 ( 22.725)  top5   4.000 (  6.377)	
 | Test: [0][70/1000]    Time 0.845  Data 0.668  top1  20.000 ( 22.686)  top5   6.000 (  6.371)	
 | Test: [0][71/1000]    Time 0.411  Data 0.209  top1  14.000 ( 22.563)  top5   4.000 (  6.338)	
 | Test: [0][72/1000]    Time 0.935  Data 0.757  top1  30.000 ( 22.667)  top5   4.000 (  6.306)	
 | Test: [0][73/1000]    Time 0.330  Data 0.155  top1  28.000 ( 22.740)  top5   4.000 (  6.274)	
 | Test: [0][74/1000]    Time 0.872  Data 0.697  top1  18.000 ( 22.676)  top5   4.000 (  6.243)	
 | Test: [0][75/1000]    Time 0.601  Data 0.426  top1  28.000 ( 22.747)  top5  10.000 (  6.293)	
 | Test: [0][76/1000]    Time 0.795  Data 0.620  top1  26.000 ( 22.789)  top5   4.000 (  6.263)	
 | Test: [0][77/1000]    Time 0.404  Data 0.228  top1  26.000 ( 22.831)  top5   4.000 (  6.234)	
 | Test: [0][78/1000]    Time 0.860  Data 0.684  top1  18.000 ( 22.769)  top5  10.000 (  6.282)	
 | Test: [0][79/1000]    Time 0.383  Data 0.208  top1  30.000 ( 22.861)  top5  10.000 (  6.329)	
 | Test: [0][80/1000]    Time 0.994  Data 0.809  top1  12.000 ( 22.725)  top5   4.000 (  6.300)	
 | Test: [0][81/1000]    Time 0.290  Data 0.115  top1  18.000 ( 22.667)  top5   6.000 (  6.296)	
 | Test: [0][82/1000]    Time 0.868  Data 0.693  top1  22.000 ( 22.659)  top5   8.000 (  6.317)	
 | Test: [0][83/1000]    Time 0.368  Data 0.192  top1  16.000 ( 22.578)  top5   4.000 (  6.289)	
 | Test: [0][84/1000]    Time 0.790  Data 0.616  top1  18.000 ( 22.524)  top5   6.000 (  6.286)	
 | Test: [0][85/1000]    Time 0.441  Data 0.267  top1  18.000 ( 22.471)  top5   6.000 (  6.282)	
 | Test: [0][86/1000]    Time 0.931  Data 0.747  top1  24.000 ( 22.488)  top5   8.000 (  6.302)	
 | Test: [0][87/1000]    Time 0.365  Data 0.191  top1  26.000 ( 22.529)  top5  10.000 (  6.345)	
 | Test: [0][88/1000]    Time 0.849  Data 0.674  top1  16.000 ( 22.455)  top5   4.000 (  6.318)	
 | Test: [0][89/1000]    Time 0.435  Data 0.259  top1  26.000 ( 22.494)  top5   4.000 (  6.292)	
 | Test: [0][90/1000]    Time 0.818  Data 0.643  top1  26.000 ( 22.533)  top5  12.000 (  6.356)	
 | Test: [0][91/1000]    Time 0.649  Data 0.474  top1  22.000 ( 22.527)  top5   4.000 (  6.330)	
 | Test: [0][92/1000]    Time 0.619  Data 0.443  top1  16.000 ( 22.457)  top5   4.000 (  6.304)	
 | Test: [0][93/1000]    Time 0.646  Data 0.464  top1  20.000 ( 22.430)  top5   4.000 (  6.280)	
 | Test: [0][94/1000]    Time 0.681  Data 0.506  top1  16.000 ( 22.362)  top5   8.000 (  6.298)	
 | Test: [0][95/1000]    Time 0.521  Data 0.346  top1  30.000 ( 22.442)  top5   6.000 (  6.295)	
 | Test: [0][96/1000]    Time 0.829  Data 0.643  top1  22.000 ( 22.438)  top5  10.000 (  6.333)	
 | Test: [0][97/1000]    Time 0.503  Data 0.328  top1  30.000 ( 22.515)  top5   4.000 (  6.309)	
 | Test: [0][98/1000]    Time 0.681  Data 0.504  top1  22.000 ( 22.510)  top5  12.000 (  6.367)	
 | Test: [0][99/1000]    Time 0.514  Data 0.339  top1  18.000 ( 22.465)  top5   4.000 (  6.343)	
 | Test: [0][100/1000]    Time 0.604  Data 0.428  top1  22.000 ( 22.460)  top5   2.000 (  6.300)	
 | Test: [0][101/1000]    Time 0.603  Data 0.429  top1  22.000 ( 22.455)  top5   8.000 (  6.317)	
 | Test: [0][102/1000]    Time 0.507  Data 0.332  top1  22.000 ( 22.451)  top5   4.000 (  6.294)	
 | Test: [0][103/1000]    Time 0.774  Data 0.598  top1  34.000 ( 22.563)  top5  10.000 (  6.330)	
 | Test: [0][104/1000]    Time 0.321  Data 0.146  top1  18.000 ( 22.519)  top5   6.000 (  6.327)	
 | Test: [0][105/1000]    Time 0.883  Data 0.707  top1  16.000 ( 22.457)  top5   2.000 (  6.286)	
 | Test: [0][106/1000]    Time 0.212  Data 0.036  top1  32.000 ( 22.547)  top5  12.000 (  6.340)	
 | Test: [0][107/1000]    Time 1.003  Data 0.835  top1  22.000 ( 22.542)  top5   4.000 (  6.318)	
 | Test: [0][108/1000]    Time 0.176  Data 0.001  top1  20.000 ( 22.519)  top5   8.000 (  6.333)	
 | Test: [0][109/1000]    Time 1.064  Data 0.894  top1  18.000 ( 22.477)  top5   8.000 (  6.349)	
 | Test: [0][110/1000]    Time 0.170  Data 0.001  top1  28.000 ( 22.527)  top5  10.000 (  6.382)	
 | Test: [0][111/1000]    Time 1.002  Data 0.829  top1  16.000 ( 22.468)  top5   6.000 (  6.378)	
 | Test: [0][112/1000]    Time 0.180  Data 0.001  top1  26.000 ( 22.500)  top5  14.000 (  6.446)	
 | Test: [0][113/1000]    Time 0.983  Data 0.811  top1  24.000 ( 22.513)  top5   2.000 (  6.407)	
 | Test: [0][114/1000]    Time 0.184  Data 0.015  top1  18.000 ( 22.474)  top5   2.000 (  6.368)	
 | Test: [0][115/1000]    Time 1.057  Data 0.851  top1  20.000 ( 22.452)  top5   4.000 (  6.348)	
 | Test: [0][116/1000]    Time 0.176  Data 0.004  top1  20.000 ( 22.431)  top5   8.000 (  6.362)	
 | Test: [0][117/1000]    Time 1.057  Data 0.887  top1  36.000 ( 22.547)  top5   4.000 (  6.342)	
 | Test: [0][118/1000]    Time 0.173  Data 0.001  top1  20.000 ( 22.525)  top5   2.000 (  6.305)	
 | Test: [0][119/1000]    Time 1.016  Data 0.841  top1  26.000 ( 22.555)  top5   8.000 (  6.319)	
 | Test: [0][120/1000]    Time 0.198  Data 0.023  top1  18.000 ( 22.517)  top5   6.000 (  6.317)	
 | Test: [0][121/1000]    Time 1.254  Data 1.085  top1  14.000 ( 22.446)  top5  10.000 (  6.347)	
 | Test: [0][122/1000]    Time 0.170  Data 0.001  top1  20.000 ( 22.426)  top5   8.000 (  6.361)	
 | Test: [0][123/1000]    Time 1.053  Data 0.869  top1  22.000 ( 22.423)  top5   2.000 (  6.325)	
 | Test: [0][124/1000]    Time 0.266  Data 0.090  top1  30.000 ( 22.484)  top5  14.000 (  6.387)	
 | Test: [0][125/1000]    Time 1.004  Data 0.824  top1  10.000 ( 22.384)  top5   0.000 (  6.336)	
 | Test: [0][126/1000]    Time 0.264  Data 0.095  top1  30.000 ( 22.444)  top5   4.000 (  6.317)	
 | Test: [0][127/1000]    Time 0.896  Data 0.727  top1  10.000 ( 22.346)  top5   2.000 (  6.283)	
 | Test: [0][128/1000]    Time 0.318  Data 0.145  top1  26.000 ( 22.375)  top5   4.000 (  6.266)	
 | Test: [0][129/1000]    Time 0.870  Data 0.701  top1  32.000 ( 22.450)  top5   2.000 (  6.233)	
 | Test: [0][130/1000]    Time 0.446  Data 0.277  top1  26.000 ( 22.477)  top5   4.000 (  6.215)	
 | Test: [0][131/1000]    Time 0.827  Data 0.657  top1  20.000 ( 22.458)  top5   6.000 (  6.214)	
 | Test: [0][132/1000]    Time 0.418  Data 0.248  top1  22.000 ( 22.455)  top5   4.000 (  6.197)	
 | Test: [0][133/1000]    Time 0.777  Data 0.607  top1  22.000 ( 22.451)  top5   6.000 (  6.195)	
 | Test: [0][134/1000]    Time 0.494  Data 0.323  top1  22.000 ( 22.448)  top5   8.000 (  6.209)	
 | Test: [0][135/1000]    Time 0.695  Data 0.526  top1  24.000 ( 22.459)  top5   8.000 (  6.222)	
 | Test: [0][136/1000]    Time 0.592  Data 0.423  top1  24.000 ( 22.471)  top5   8.000 (  6.235)	
 | Test: [0][137/1000]    Time 0.586  Data 0.417  top1  16.000 ( 22.423)  top5   6.000 (  6.234)	
 | Test: [0][138/1000]    Time 0.672  Data 0.503  top1  20.000 ( 22.406)  top5   4.000 (  6.217)	
 | Test: [0][139/1000]    Time 0.577  Data 0.409  top1  24.000 ( 22.417)  top5   6.000 (  6.216)	
 | Test: [0][140/1000]    Time 0.688  Data 0.503  top1  16.000 ( 22.371)  top5   2.000 (  6.186)	
 | Test: [0][141/1000]    Time 0.511  Data 0.342  top1  30.000 ( 22.426)  top5  10.000 (  6.213)	
 | Test: [0][142/1000]    Time 0.725  Data 0.555  top1  18.000 ( 22.394)  top5   4.000 (  6.197)	
 | Test: [0][143/1000]    Time 0.626  Data 0.437  top1  18.000 ( 22.364)  top5   4.000 (  6.182)	
 | Test: [0][144/1000]    Time 0.697  Data 0.523  top1  14.000 ( 22.306)  top5   2.000 (  6.153)	
 | Test: [0][145/1000]    Time 0.652  Data 0.483  top1  18.000 ( 22.276)  top5   2.000 (  6.124)	
 | Test: [0][146/1000]    Time 0.613  Data 0.444  top1  36.000 ( 22.370)  top5  10.000 (  6.151)	
 | Test: [0][147/1000]    Time 0.712  Data 0.542  top1  22.000 ( 22.367)  top5   8.000 (  6.163)	
 | Test: [0][148/1000]    Time 0.546  Data 0.371  top1  28.000 ( 22.405)  top5  12.000 (  6.203)	
 | Test: [0][149/1000]    Time 0.669  Data 0.500  top1  26.000 ( 22.430)  top5   6.000 (  6.201)	
 | Test: [0][150/1000]    Time 0.499  Data 0.330  top1  30.000 ( 22.480)  top5  10.000 (  6.227)	
 | Test: [0][151/1000]    Time 0.718  Data 0.549  top1  24.000 ( 22.490)  top5   4.000 (  6.212)	
 | Test: [0][152/1000]    Time 0.500  Data 0.331  top1  22.000 ( 22.487)  top5   8.000 (  6.224)	
 | Test: [0][153/1000]    Time 0.798  Data 0.628  top1  18.000 ( 22.458)  top5   2.000 (  6.196)	
 | Test: [0][154/1000]    Time 0.463  Data 0.294  top1  24.000 ( 22.468)  top5   2.000 (  6.169)	
 | Test: [0][155/1000]    Time 0.785  Data 0.614  top1  22.000 ( 22.465)  top5   6.000 (  6.168)	
 | Test: [0][156/1000]    Time 0.505  Data 0.322  top1  20.000 ( 22.449)  top5  10.000 (  6.192)	
 | Test: [0][157/1000]    Time 0.693  Data 0.523  top1  24.000 ( 22.459)  top5   6.000 (  6.191)	
 | Test: [0][158/1000]    Time 0.466  Data 0.297  top1  26.000 ( 22.481)  top5   8.000 (  6.203)	
 | Test: [0][159/1000]    Time 0.726  Data 0.557  top1  14.000 ( 22.428)  top5   6.000 (  6.201)	
 | Test: [0][160/1000]    Time 0.421  Data 0.253  top1  20.000 ( 22.413)  top5   8.000 (  6.213)	
 | Test: [0][161/1000]    Time 0.812  Data 0.641  top1  22.000 ( 22.410)  top5   4.000 (  6.199)	
 | Test: [0][162/1000]    Time 0.378  Data 0.209  top1  34.000 ( 22.481)  top5  12.000 (  6.235)	
 | Test: [0][163/1000]    Time 0.889  Data 0.719  top1  28.000 ( 22.515)  top5   6.000 (  6.233)	
 | Test: [0][164/1000]    Time 0.382  Data 0.211  top1  20.000 ( 22.500)  top5   4.000 (  6.220)	
 | Test: [0][165/1000]    Time 0.924  Data 0.754  top1  22.000 ( 22.497)  top5   6.000 (  6.218)	
 | Test: [0][166/1000]    Time 0.387  Data 0.217  top1  32.000 ( 22.554)  top5  14.000 (  6.265)	
 | Test: [0][167/1000]    Time 0.851  Data 0.681  top1  26.000 ( 22.575)  top5   6.000 (  6.263)	
 | Test: [0][168/1000]    Time 0.481  Data 0.306  top1  24.000 ( 22.583)  top5   6.000 (  6.262)	
 | Test: [0][169/1000]    Time 0.872  Data 0.703  top1  26.000 ( 22.604)  top5  12.000 (  6.296)	
 | Test: [0][170/1000]    Time 0.429  Data 0.259  top1  10.000 ( 22.529)  top5   2.000 (  6.271)	
 | Test: [0][171/1000]    Time 0.932  Data 0.763  top1  16.000 ( 22.491)  top5   2.000 (  6.246)	
 | Test: [0][172/1000]    Time 0.413  Data 0.244  top1  34.000 ( 22.558)  top5   8.000 (  6.256)	
 | Test: [0][173/1000]    Time 1.029  Data 0.847  top1  20.000 ( 22.543)  top5   6.000 (  6.254)	
 | Test: [0][174/1000]    Time 0.568  Data 0.399  top1  16.000 ( 22.506)  top5   4.000 (  6.241)	
 | Test: [0][175/1000]    Time 0.901  Data 0.733  top1  30.000 ( 22.549)  top5   8.000 (  6.251)	
 | Test: [0][176/1000]    Time 0.598  Data 0.429  top1  34.000 ( 22.614)  top5   4.000 (  6.239)	
 | Test: [0][177/1000]    Time 1.004  Data 0.827  top1   8.000 ( 22.531)  top5   4.000 (  6.226)	
 | Test: [0][178/1000]    Time 0.409  Data 0.239  top1  10.000 ( 22.461)  top5   4.000 (  6.213)	
 | Test: [0][179/1000]    Time 0.923  Data 0.755  top1  24.000 ( 22.469)  top5   6.000 (  6.212)	
 | Test: [0][180/1000]    Time 0.211  Data 0.043  top1  28.000 ( 22.500)  top5  10.000 (  6.233)	
 | Test: [0][181/1000]    Time 1.041  Data 0.863  top1  28.000 ( 22.530)  top5   8.000 (  6.243)	
 | Test: [0][182/1000]    Time 0.184  Data 0.011  top1  24.000 ( 22.538)  top5   8.000 (  6.253)	
 | Test: [0][183/1000]    Time 1.057  Data 0.886  top1  22.000 ( 22.536)  top5   4.000 (  6.240)	
 | Test: [0][184/1000]    Time 0.175  Data 0.001  top1  22.000 ( 22.533)  top5   4.000 (  6.228)	
 | Test: [0][185/1000]    Time 1.053  Data 0.876  top1  30.000 ( 22.573)  top5  10.000 (  6.249)	
 | Test: [0][186/1000]    Time 0.176  Data 0.001  top1  34.000 ( 22.634)  top5  10.000 (  6.269)	
 | Test: [0][187/1000]    Time 1.079  Data 0.909  top1  20.000 ( 22.620)  top5   6.000 (  6.267)	
 | Test: [0][188/1000]    Time 0.170  Data 0.001  top1  26.000 ( 22.638)  top5   8.000 (  6.277)	
 | Test: [0][189/1000]    Time 1.052  Data 0.881  top1  18.000 ( 22.614)  top5   8.000 (  6.286)	
 | Test: [0][190/1000]    Time 0.172  Data 0.001  top1  22.000 ( 22.611)  top5   4.000 (  6.274)	
 | Test: [0][191/1000]    Time 1.022  Data 0.852  top1  18.000 ( 22.586)  top5   0.000 (  6.241)	
 | Test: [0][192/1000]    Time 0.170  Data 0.001  top1  32.000 ( 22.635)  top5  10.000 (  6.260)	
 | Test: [0][193/1000]    Time 0.980  Data 0.810  top1  32.000 ( 22.684)  top5  10.000 (  6.280)	
 | Test: [0][194/1000]    Time 0.170  Data 0.001  top1  32.000 ( 22.732)  top5   2.000 (  6.258)	
 | Test: [0][195/1000]    Time 1.057  Data 0.881  top1  20.000 ( 22.718)  top5   6.000 (  6.256)	
 | Test: [0][196/1000]    Time 0.169  Data 0.001  top1  18.000 ( 22.694)  top5   8.000 (  6.265)	
 | Test: [0][197/1000]    Time 1.032  Data 0.859  top1  28.000 ( 22.721)  top5  10.000 (  6.284)	
 | Test: [0][198/1000]    Time 0.188  Data 0.019  top1  28.000 ( 22.747)  top5   6.000 (  6.283)	
 | Test: [0][199/1000]    Time 1.063  Data 0.893  top1  30.000 ( 22.784)  top5   8.000 (  6.291)	
 | Test: [0][200/1000]    Time 0.172  Data 0.003  top1  18.000 ( 22.760)  top5   8.000 (  6.300)	
 | Test: [0][201/1000]    Time 1.154  Data 0.980  top1  20.000 ( 22.746)  top5   2.000 (  6.279)	
 | Test: [0][202/1000]    Time 0.171  Data 0.001  top1  28.000 ( 22.772)  top5   8.000 (  6.287)	
 | Test: [0][203/1000]    Time 1.024  Data 0.855  top1  22.000 ( 22.768)  top5   4.000 (  6.276)	
 | Test: [0][204/1000]    Time 0.189  Data 0.020  top1  22.000 ( 22.765)  top5   4.000 (  6.265)	
 | Test: [0][205/1000]    Time 1.229  Data 1.059  top1  24.000 ( 22.771)  top5   6.000 (  6.263)	
 | Test: [0][206/1000]    Time 0.170  Data 0.001  top1  28.000 ( 22.796)  top5   4.000 (  6.252)	
 | Test: [0][207/1000]    Time 1.050  Data 0.877  top1  22.000 ( 22.792)  top5   6.000 (  6.251)	
 | Test: [0][208/1000]    Time 0.170  Data 0.001  top1  10.000 ( 22.731)  top5   6.000 (  6.250)	
 | Test: [0][209/1000]    Time 1.019  Data 0.850  top1  20.000 ( 22.718)  top5   8.000 (  6.258)	
 | Test: [0][210/1000]    Time 0.170  Data 0.001  top1  14.000 ( 22.676)  top5   4.000 (  6.248)	
 | Test: [0][211/1000]    Time 1.078  Data 0.909  top1  20.000 ( 22.664)  top5   8.000 (  6.256)	
 | Test: [0][212/1000]    Time 0.175  Data 0.001  top1  20.000 ( 22.651)  top5   0.000 (  6.226)	
 | Test: [0][213/1000]    Time 1.214  Data 1.040  top1  20.000 ( 22.638)  top5   2.000 (  6.207)	
 | Test: [0][214/1000]    Time 0.170  Data 0.001  top1  24.000 ( 22.645)  top5   8.000 (  6.215)	
 | Test: [0][215/1000]    Time 0.944  Data 0.775  top1  16.000 ( 22.614)  top5  10.000 (  6.233)	
 | Test: [0][216/1000]    Time 0.345  Data 0.175  top1  32.000 ( 22.657)  top5   4.000 (  6.222)	
 | Test: [0][217/1000]    Time 0.956  Data 0.787  top1  16.000 ( 22.627)  top5   2.000 (  6.203)	
 | Test: [0][218/1000]    Time 0.436  Data 0.266  top1  34.000 ( 22.679)  top5  10.000 (  6.220)	
 | Test: [0][219/1000]    Time 0.806  Data 0.636  top1  30.000 ( 22.712)  top5  12.000 (  6.247)	
 | Test: [0][220/1000]    Time 0.496  Data 0.326  top1  20.000 ( 22.700)  top5   4.000 (  6.236)	
 | Test: [0][221/1000]    Time 0.717  Data 0.548  top1  24.000 ( 22.706)  top5   8.000 (  6.244)	
 | Test: [0][222/1000]    Time 0.530  Data 0.361  top1  28.000 ( 22.730)  top5  16.000 (  6.288)	
 | Test: [0][223/1000]    Time 0.901  Data 0.727  top1  28.000 ( 22.753)  top5  14.000 (  6.323)	
 | Test: [0][224/1000]    Time 0.357  Data 0.188  top1  18.000 ( 22.732)  top5   4.000 (  6.313)	
 | Test: [0][225/1000]    Time 1.010  Data 0.840  top1  26.000 ( 22.747)  top5  10.000 (  6.329)	
 | Test: [0][226/1000]    Time 0.228  Data 0.058  top1  22.000 ( 22.743)  top5   8.000 (  6.336)	
 | Test: [0][227/1000]    Time 0.980  Data 0.810  top1  16.000 ( 22.714)  top5   6.000 (  6.335)	
 | Test: [0][228/1000]    Time 0.288  Data 0.115  top1  20.000 ( 22.702)  top5   6.000 (  6.333)	
 | Test: [0][229/1000]    Time 1.043  Data 0.869  top1  18.000 ( 22.681)  top5   2.000 (  6.314)	
 | Test: [0][230/1000]    Time 0.213  Data 0.044  top1  42.000 ( 22.765)  top5  14.000 (  6.348)	
 | Test: [0][231/1000]    Time 1.098  Data 0.926  top1  28.000 ( 22.788)  top5   6.000 (  6.346)	
 | Test: [0][232/1000]    Time 0.170  Data 0.001  top1  28.000 ( 22.810)  top5   2.000 (  6.328)	
 | Test: [0][233/1000]    Time 1.039  Data 0.869  top1  26.000 ( 22.824)  top5   0.000 (  6.300)	
 | Test: [0][234/1000]    Time 0.170  Data 0.001  top1  16.000 ( 22.795)  top5   6.000 (  6.299)	
 | Test: [0][235/1000]    Time 1.025  Data 0.855  top1  28.000 ( 22.817)  top5  10.000 (  6.315)	
 | Test: [0][236/1000]    Time 0.171  Data 0.001  top1  24.000 ( 22.822)  top5   6.000 (  6.314)	
 | Test: [0][237/1000]    Time 1.049  Data 0.876  top1  36.000 ( 22.878)  top5  12.000 (  6.338)	
 | Test: [0][238/1000]    Time 0.170  Data 0.001  top1  36.000 ( 22.933)  top5  10.000 (  6.353)	
 | Test: [0][239/1000]    Time 1.143  Data 0.973  top1  30.000 ( 22.962)  top5   6.000 (  6.351)	
 | Test: [0][240/1000]    Time 0.185  Data 0.001  top1  28.000 ( 22.983)  top5  12.000 (  6.375)	
 | Test: [0][241/1000]    Time 1.159  Data 0.990  top1  24.000 ( 22.988)  top5   6.000 (  6.373)	
 | Test: [0][242/1000]    Time 0.170  Data 0.001  top1  22.000 ( 22.983)  top5   4.000 (  6.364)	
 | Test: [0][243/1000]    Time 1.081  Data 0.910  top1  20.000 ( 22.971)  top5   2.000 (  6.346)	
 | Test: [0][244/1000]    Time 0.170  Data 0.001  top1  26.000 ( 22.984)  top5   6.000 (  6.344)	
 | Test: [0][245/1000]    Time 1.038  Data 0.868  top1  12.000 ( 22.939)  top5   2.000 (  6.327)	
 | Test: [0][246/1000]    Time 0.171  Data 0.001  top1  34.000 ( 22.984)  top5   6.000 (  6.325)	
 | Test: [0][247/1000]    Time 0.985  Data 0.815  top1  20.000 ( 22.972)  top5   8.000 (  6.332)	
 | Test: [0][248/1000]    Time 0.170  Data 0.001  top1  30.000 ( 23.000)  top5   8.000 (  6.339)	
 | Test: [0][249/1000]    Time 1.117  Data 0.947  top1  20.000 ( 22.988)  top5   4.000 (  6.329)	
 | Test: [0][250/1000]    Time 0.171  Data 0.001  top1  18.000 ( 22.968)  top5   4.000 (  6.320)	
 | Test: [0][251/1000]    Time 1.031  Data 0.861  top1  18.000 ( 22.948)  top5   4.000 (  6.311)	
 | Test: [0][252/1000]    Time 0.241  Data 0.071  top1  30.000 ( 22.976)  top5   8.000 (  6.317)	
 | Test: [0][253/1000]    Time 0.967  Data 0.785  top1  24.000 ( 22.980)  top5   8.000 (  6.324)	
 | Test: [0][254/1000]    Time 0.371  Data 0.201  top1  16.000 ( 22.953)  top5   2.000 (  6.307)	
 | Test: [0][255/1000]    Time 0.872  Data 0.701  top1  28.000 ( 22.973)  top5  10.000 (  6.322)	
 | Test: [0][256/1000]    Time 0.402  Data 0.233  top1  20.000 ( 22.961)  top5   2.000 (  6.305)	
 | Test: [0][257/1000]    Time 0.932  Data 0.762  top1  18.000 ( 22.942)  top5   2.000 (  6.288)	
 | Test: [0][258/1000]    Time 0.508  Data 0.338  top1  14.000 ( 22.907)  top5   2.000 (  6.271)	
 | Test: [0][259/1000]    Time 0.731  Data 0.561  top1  20.000 ( 22.896)  top5   6.000 (  6.270)	
 | Test: [0][260/1000]    Time 0.579  Data 0.409  top1  30.000 ( 22.923)  top5   8.000 (  6.277)	
 | Test: [0][261/1000]    Time 0.814  Data 0.644  top1  20.000 ( 22.912)  top5   4.000 (  6.268)	
 | Test: [0][262/1000]    Time 0.526  Data 0.356  top1  30.000 ( 22.939)  top5  10.000 (  6.282)	
 | Test: [0][263/1000]    Time 0.657  Data 0.482  top1  30.000 ( 22.966)  top5  12.000 (  6.304)	
 | Test: [0][264/1000]    Time 0.581  Data 0.411  top1  24.000 ( 22.970)  top5   4.000 (  6.295)	
 | Test: [0][265/1000]    Time 0.581  Data 0.411  top1  18.000 ( 22.951)  top5   2.000 (  6.279)	
 | Test: [0][266/1000]    Time 0.639  Data 0.468  top1  22.000 ( 22.947)  top5   8.000 (  6.286)	
 | Test: [0][267/1000]    Time 0.531  Data 0.362  top1  22.000 ( 22.944)  top5   8.000 (  6.292)	
 | Test: [0][268/1000]    Time 0.679  Data 0.498  top1  22.000 ( 22.940)  top5  10.000 (  6.306)	
 | Test: [0][269/1000]    Time 0.459  Data 0.287  top1  16.000 ( 22.914)  top5   2.000 (  6.290)	
 | Test: [0][270/1000]    Time 0.781  Data 0.612  top1  16.000 ( 22.889)  top5   4.000 (  6.281)	
 | Test: [0][271/1000]    Time 0.478  Data 0.308  top1  22.000 ( 22.886)  top5   4.000 (  6.273)	
 | Test: [0][272/1000]    Time 0.783  Data 0.614  top1  12.000 ( 22.846)  top5   2.000 (  6.257)	
 | Test: [0][273/1000]    Time 0.417  Data 0.248  top1  20.000 ( 22.835)  top5   8.000 (  6.264)	
 | Test: [0][274/1000]    Time 0.918  Data 0.748  top1  22.000 ( 22.832)  top5  10.000 (  6.277)	
 | Test: [0][275/1000]    Time 0.170  Data 0.001  top1  16.000 ( 22.807)  top5  10.000 (  6.291)	
 | Test: [0][276/1000]    Time 1.088  Data 0.919  top1  24.000 ( 22.812)  top5   8.000 (  6.297)	
 | Test: [0][277/1000]    Time 0.173  Data 0.001  top1  34.000 ( 22.852)  top5   0.000 (  6.274)	
 | Test: [0][278/1000]    Time 1.020  Data 0.850  top1  28.000 ( 22.871)  top5   4.000 (  6.266)	
 | Test: [0][279/1000]    Time 0.215  Data 0.045  top1  26.000 ( 22.882)  top5   8.000 (  6.272)	
 | Test: [0][280/1000]    Time 1.205  Data 1.035  top1  26.000 ( 22.893)  top5   4.000 (  6.264)	
 | Test: [0][281/1000]    Time 0.170  Data 0.001  top1  18.000 ( 22.875)  top5   2.000 (  6.249)	
 | Test: [0][282/1000]    Time 1.000  Data 0.831  top1  20.000 ( 22.865)  top5   8.000 (  6.255)	
 | Test: [0][283/1000]    Time 0.292  Data 0.122  top1  24.000 ( 22.869)  top5   8.000 (  6.261)	
 | Test: [0][284/1000]    Time 1.229  Data 1.059  top1  26.000 ( 22.880)  top5  10.000 (  6.275)	
 | Test: [0][285/1000]    Time 0.170  Data 0.001  top1  36.000 ( 22.926)  top5   8.000 (  6.281)	
 | Test: [0][286/1000]    Time 1.107  Data 0.937  top1  28.000 ( 22.944)  top5   8.000 (  6.287)	
 | Test: [0][287/1000]    Time 0.170  Data 0.001  top1  30.000 ( 22.969)  top5  12.000 (  6.307)	
 | Test: [0][288/1000]    Time 1.131  Data 0.946  top1  26.000 ( 22.979)  top5  10.000 (  6.319)	
 | Test: [0][289/1000]    Time 0.170  Data 0.001  top1  16.000 ( 22.955)  top5   0.000 (  6.298)	
 | Test: [0][290/1000]    Time 0.935  Data 0.765  top1  20.000 ( 22.945)  top5   6.000 (  6.297)	
 | Test: [0][291/1000]    Time 0.170  Data 0.001  top1  24.000 ( 22.948)  top5   8.000 (  6.302)	
 | Test: [0][292/1000]    Time 0.952  Data 0.782  top1  28.000 ( 22.966)  top5   6.000 (  6.301)	
 | Test: [0][293/1000]    Time 0.170  Data 0.001  top1  28.000 ( 22.983)  top5   6.000 (  6.300)	
 | Test: [0][294/1000]    Time 1.135  Data 0.965  top1  24.000 ( 22.986)  top5   8.000 (  6.306)	
 | Test: [0][295/1000]    Time 0.170  Data 0.001  top1  20.000 ( 22.976)  top5  10.000 (  6.319)	
 | Test: [0][296/1000]    Time 0.967  Data 0.797  top1  18.000 ( 22.959)  top5   4.000 (  6.311)	
 | Test: [0][297/1000]    Time 0.171  Data 0.001  top1  22.000 ( 22.956)  top5   4.000 (  6.303)	
 | Test: [0][298/1000]    Time 0.935  Data 0.765  top1   8.000 ( 22.906)  top5   0.000 (  6.282)	
 | Test: [0][299/1000]    Time 0.170  Data 0.001  top1  18.000 ( 22.890)  top5   0.000 (  6.261)	
 | Test: [0][300/1000]    Time 0.972  Data 0.802  top1  20.000 ( 22.880)  top5  10.000 (  6.273)	
 | Test: [0][301/1000]    Time 0.199  Data 0.029  top1  10.000 ( 22.837)  top5   2.000 (  6.259)	
 | Test: [0][302/1000]    Time 0.945  Data 0.775  top1  26.000 ( 22.848)  top5   2.000 (  6.245)	
 | Test: [0][303/1000]    Time 0.245  Data 0.075  top1  14.000 ( 22.818)  top5   4.000 (  6.238)	
 | Test: [0][304/1000]    Time 1.046  Data 0.864  top1  12.000 ( 22.783)  top5   2.000 (  6.224)	
 | Test: [0][305/1000]    Time 0.200  Data 0.031  top1  22.000 ( 22.780)  top5   6.000 (  6.223)	
 | Test: [0][306/1000]    Time 0.963  Data 0.793  top1  16.000 ( 22.758)  top5   6.000 (  6.222)	
 | Test: [0][307/1000]    Time 0.223  Data 0.053  top1  22.000 ( 22.756)  top5   6.000 (  6.221)	
 | Test: [0][308/1000]    Time 0.897  Data 0.728  top1  20.000 ( 22.747)  top5   8.000 (  6.227)	
 | Test: [0][309/1000]    Time 0.407  Data 0.237  top1  20.000 ( 22.738)  top5   6.000 (  6.227)	
 | Test: [0][310/1000]    Time 0.700  Data 0.530  top1  30.000 ( 22.761)  top5  10.000 (  6.239)	
 | Test: [0][311/1000]    Time 0.521  Data 0.351  top1  24.000 ( 22.765)  top5  10.000 (  6.251)	
 | Test: [0][312/1000]    Time 0.726  Data 0.557  top1  22.000 ( 22.763)  top5   0.000 (  6.231)	
 | Test: [0][313/1000]    Time 0.559  Data 0.390  top1  22.000 ( 22.760)  top5   4.000 (  6.224)	
 | Test: [0][314/1000]    Time 0.573  Data 0.404  top1  24.000 ( 22.764)  top5  10.000 (  6.236)	
 | Test: [0][315/1000]    Time 0.805  Data 0.635  top1  14.000 ( 22.737)  top5   2.000 (  6.222)	
 | Test: [0][316/1000]    Time 0.350  Data 0.180  top1  26.000 ( 22.747)  top5  10.000 (  6.234)	
 | Test: [0][317/1000]    Time 0.893  Data 0.723  top1  24.000 ( 22.751)  top5   8.000 (  6.240)	
 | Test: [0][318/1000]    Time 0.341  Data 0.172  top1  22.000 ( 22.748)  top5  10.000 (  6.252)	
 | Test: [0][319/1000]    Time 0.933  Data 0.764  top1  22.000 ( 22.746)  top5  12.000 (  6.270)	
 | Test: [0][320/1000]    Time 0.310  Data 0.141  top1  18.000 ( 22.731)  top5   6.000 (  6.269)	
 | Test: [0][321/1000]    Time 0.975  Data 0.793  top1  22.000 ( 22.729)  top5  12.000 (  6.287)	
 | Test: [0][322/1000]    Time 0.199  Data 0.029  top1  24.000 ( 22.733)  top5  10.000 (  6.298)	
 | Test: [0][323/1000]    Time 0.959  Data 0.788  top1  22.000 ( 22.731)  top5   6.000 (  6.297)	
 | Test: [0][324/1000]    Time 0.180  Data 0.010  top1  22.000 ( 22.728)  top5   8.000 (  6.302)	
 | Test: [0][325/1000]    Time 0.973  Data 0.803  top1  18.000 ( 22.714)  top5   6.000 (  6.302)	
 | Test: [0][326/1000]    Time 0.170  Data 0.001  top1  20.000 ( 22.706)  top5   6.000 (  6.301)	
 | Test: [0][327/1000]    Time 0.991  Data 0.822  top1  18.000 ( 22.691)  top5   6.000 (  6.300)	
 | Test: [0][328/1000]    Time 0.170  Data 0.001  top1  24.000 ( 22.695)  top5   2.000 (  6.287)	
 | Test: [0][329/1000]    Time 0.979  Data 0.809  top1  28.000 ( 22.711)  top5   8.000 (  6.292)	
 | Test: [0][330/1000]    Time 0.171  Data 0.001  top1  26.000 ( 22.721)  top5   4.000 (  6.285)	
 | Test: [0][331/1000]    Time 1.113  Data 0.943  top1  14.000 ( 22.695)  top5   4.000 (  6.278)	
 | Test: [0][332/1000]    Time 0.171  Data 0.001  top1  20.000 ( 22.687)  top5   4.000 (  6.271)	
 | Test: [0][333/1000]    Time 1.023  Data 0.844  top1  14.000 ( 22.661)  top5   6.000 (  6.270)	
 | Test: [0][334/1000]    Time 0.270  Data 0.100  top1  36.000 ( 22.701)  top5   8.000 (  6.275)	
 | Test: [0][335/1000]    Time 0.877  Data 0.706  top1  24.000 ( 22.704)  top5  12.000 (  6.293)	
 | Test: [0][336/1000]    Time 0.364  Data 0.194  top1  16.000 ( 22.685)  top5   2.000 (  6.280)	
 | Test: [0][337/1000]    Time 0.916  Data 0.747  top1  24.000 ( 22.688)  top5   6.000 (  6.279)	
 | Test: [0][338/1000]    Time 0.274  Data 0.105  top1  22.000 ( 22.686)  top5   4.000 (  6.272)	
 | Test: [0][339/1000]    Time 1.028  Data 0.858  top1  26.000 ( 22.696)  top5   6.000 (  6.271)	
 | Test: [0][340/1000]    Time 0.243  Data 0.071  top1  22.000 ( 22.694)  top5   4.000 (  6.265)	
 | Test: [0][341/1000]    Time 1.257  Data 1.087  top1  24.000 ( 22.698)  top5   8.000 (  6.270)	
 | Test: [0][342/1000]    Time 0.171  Data 0.001  top1  28.000 ( 22.713)  top5   6.000 (  6.269)	
 | Test: [0][343/1000]    Time 1.031  Data 0.861  top1  22.000 ( 22.711)  top5   4.000 (  6.262)	
 | Test: [0][344/1000]    Time 0.170  Data 0.001  top1  34.000 ( 22.744)  top5   8.000 (  6.267)	
 | Test: [0][345/1000]    Time 1.086  Data 0.915  top1  26.000 ( 22.754)  top5   6.000 (  6.267)	
 | Test: [0][346/1000]    Time 0.171  Data 0.001  top1  22.000 ( 22.751)  top5  10.000 (  6.277)	
 | Test: [0][347/1000]    Time 0.963  Data 0.793  top1  20.000 ( 22.744)  top5   4.000 (  6.271)	
 | Test: [0][348/1000]    Time 0.195  Data 0.025  top1  24.000 ( 22.747)  top5   6.000 (  6.270)	
 | Test: [0][349/1000]    Time 0.911  Data 0.738  top1  18.000 ( 22.734)  top5   6.000 (  6.269)	
 | Test: [0][350/1000]    Time 0.521  Data 0.351  top1  26.000 ( 22.743)  top5   6.000 (  6.269)	
 | Test: [0][351/1000]    Time 0.599  Data 0.427  top1  22.000 ( 22.741)  top5  10.000 (  6.279)	
 | Test: [0][352/1000]    Time 0.831  Data 0.662  top1  24.000 ( 22.744)  top5   8.000 (  6.284)	
 | Test: [0][353/1000]    Time 0.332  Data 0.160  top1  20.000 ( 22.737)  top5  10.000 (  6.295)	
 | Test: [0][354/1000]    Time 1.096  Data 0.927  top1  24.000 ( 22.740)  top5   8.000 (  6.299)	
 | Test: [0][355/1000]    Time 0.173  Data 0.001  top1  30.000 ( 22.761)  top5   8.000 (  6.304)	
 | Test: [0][356/1000]    Time 1.164  Data 0.986  top1  22.000 ( 22.758)  top5   8.000 (  6.309)	
 | Test: [0][357/1000]    Time 0.234  Data 0.064  top1  26.000 ( 22.768)  top5   6.000 (  6.308)	
 | Test: [0][358/1000]    Time 0.889  Data 0.713  top1  16.000 ( 22.749)  top5   6.000 (  6.307)	
 | Test: [0][359/1000]    Time 0.405  Data 0.235  top1  30.000 ( 22.769)  top5  12.000 (  6.323)	
 | Test: [0][360/1000]    Time 0.793  Data 0.623  top1  18.000 ( 22.756)  top5   2.000 (  6.311)	
 | Test: [0][361/1000]    Time 0.508  Data 0.338  top1  24.000 ( 22.759)  top5   8.000 (  6.316)	
 | Test: [0][362/1000]    Time 0.668  Data 0.498  top1  20.000 ( 22.751)  top5   4.000 (  6.309)	
 | Test: [0][363/1000]    Time 0.530  Data 0.360  top1  24.000 ( 22.755)  top5   6.000 (  6.309)	
 | Test: [0][364/1000]    Time 0.713  Data 0.532  top1  24.000 ( 22.758)  top5   8.000 (  6.313)	
 | Test: [0][365/1000]    Time 0.561  Data 0.384  top1  24.000 ( 22.762)  top5   8.000 (  6.318)	
 | Test: [0][366/1000]    Time 0.646  Data 0.470  top1  20.000 ( 22.754)  top5   4.000 (  6.311)	
 | Test: [0][367/1000]    Time 0.622  Data 0.446  top1  22.000 ( 22.752)  top5  10.000 (  6.322)	
 | Test: [0][368/1000]    Time 0.616  Data 0.440  top1  26.000 ( 22.761)  top5  10.000 (  6.332)	
 | Test: [0][369/1000]    Time 0.570  Data 0.393  top1  16.000 ( 22.743)  top5   4.000 (  6.325)	
 | Test: [0][370/1000]    Time 0.674  Data 0.505  top1  38.000 ( 22.784)  top5  16.000 (  6.351)	
 | Test: [0][371/1000]    Time 0.499  Data 0.329  top1  30.000 ( 22.803)  top5  12.000 (  6.367)	
 | Test: [0][372/1000]    Time 0.754  Data 0.573  top1  34.000 ( 22.833)  top5  14.000 (  6.387)	
 | Test: [0][373/1000]    Time 0.646  Data 0.477  top1  22.000 ( 22.831)  top5   8.000 (  6.391)	
 | Test: [0][374/1000]    Time 0.422  Data 0.253  top1  16.000 ( 22.813)  top5   4.000 (  6.385)	
 | Test: [0][375/1000]    Time 0.856  Data 0.686  top1  26.000 ( 22.821)  top5   6.000 (  6.384)	
 | Test: [0][376/1000]    Time 0.314  Data 0.145  top1  28.000 ( 22.835)  top5   8.000 (  6.388)	
 | Test: [0][377/1000]    Time 0.849  Data 0.679  top1  22.000 ( 22.833)  top5  12.000 (  6.403)	
 | Test: [0][378/1000]    Time 0.261  Data 0.092  top1  26.000 ( 22.841)  top5   6.000 (  6.402)	
 | Test: [0][379/1000]    Time 1.044  Data 0.874  top1  20.000 ( 22.834)  top5   8.000 (  6.406)	
 | Test: [0][380/1000]    Time 0.174  Data 0.001  top1  10.000 ( 22.800)  top5   2.000 (  6.395)	
 | Test: [0][381/1000]    Time 1.153  Data 0.983  top1  30.000 ( 22.819)  top5   6.000 (  6.394)	
 | Test: [0][382/1000]    Time 0.171  Data 0.001  top1  24.000 ( 22.822)  top5   6.000 (  6.393)	
 | Test: [0][383/1000]    Time 1.031  Data 0.861  top1  22.000 ( 22.820)  top5  12.000 (  6.407)	
 | Test: [0][384/1000]    Time 0.276  Data 0.101  top1  30.000 ( 22.839)  top5  14.000 (  6.427)	
 | Test: [0][385/1000]    Time 0.913  Data 0.743  top1  28.000 ( 22.852)  top5  10.000 (  6.436)	
 | Test: [0][386/1000]    Time 0.280  Data 0.111  top1  24.000 ( 22.855)  top5   8.000 (  6.440)	
 | Test: [0][387/1000]    Time 0.926  Data 0.755  top1  26.000 ( 22.863)  top5   2.000 (  6.429)	
 | Test: [0][388/1000]    Time 0.394  Data 0.224  top1  20.000 ( 22.856)  top5   6.000 (  6.428)	
 | Test: [0][389/1000]    Time 0.808  Data 0.639  top1  14.000 ( 22.833)  top5   8.000 (  6.432)	
 | Test: [0][390/1000]    Time 0.368  Data 0.197  top1  16.000 ( 22.815)  top5   2.000 (  6.421)	
 | Test: [0][391/1000]    Time 0.842  Data 0.669  top1  22.000 ( 22.813)  top5   8.000 (  6.425)	
 | Test: [0][392/1000]    Time 0.360  Data 0.149  top1  28.000 ( 22.827)  top5   6.000 (  6.423)	
 | Test: [0][393/1000]    Time 0.892  Data 0.722  top1  30.000 ( 22.845)  top5   8.000 (  6.427)	
 | Test: [0][394/1000]    Time 0.242  Data 0.072  top1  26.000 ( 22.853)  top5   6.000 (  6.426)	
 | Test: [0][395/1000]    Time 1.073  Data 0.904  top1  22.000 ( 22.851)  top5   4.000 (  6.420)	
 | Test: [0][396/1000]    Time 0.534  Data 0.359  top1  24.000 ( 22.854)  top5   4.000 (  6.414)	
 | Test: [0][397/1000]    Time 0.747  Data 0.572  top1  20.000 ( 22.846)  top5   4.000 (  6.408)	
 | Test: [0][398/1000]    Time 0.418  Data 0.248  top1  18.000 ( 22.834)  top5   4.000 (  6.402)	
 | Test: [0][399/1000]    Time 0.990  Data 0.820  top1  26.000 ( 22.842)  top5  10.000 (  6.411)	
 | Test: [0][400/1000]    Time 0.212  Data 0.041  top1  20.000 ( 22.835)  top5   6.000 (  6.410)	
 | Test: [0][401/1000]    Time 1.189  Data 1.018  top1  30.000 ( 22.853)  top5  16.000 (  6.434)	
 | Test: [0][402/1000]    Time 0.171  Data 0.001  top1  38.000 ( 22.891)  top5  10.000 (  6.443)	
 | Test: [0][403/1000]    Time 1.065  Data 0.895  top1  40.000 ( 22.933)  top5  16.000 (  6.467)	
 | Test: [0][404/1000]    Time 0.171  Data 0.001  top1   4.000 ( 22.886)  top5   4.000 (  6.460)	
 | Test: [0][405/1000]    Time 1.058  Data 0.887  top1  34.000 ( 22.914)  top5  14.000 (  6.479)	
 | Test: [0][406/1000]    Time 0.236  Data 0.066  top1  24.000 ( 22.916)  top5  10.000 (  6.488)	
 | Test: [0][407/1000]    Time 0.966  Data 0.796  top1  18.000 ( 22.904)  top5   6.000 (  6.486)	
 | Test: [0][408/1000]    Time 0.331  Data 0.156  top1  26.000 ( 22.912)  top5   8.000 (  6.490)	
 | Test: [0][409/1000]    Time 0.821  Data 0.651  top1  18.000 ( 22.900)  top5   4.000 (  6.484)	
 | Test: [0][410/1000]    Time 0.424  Data 0.254  top1  22.000 ( 22.898)  top5   6.000 (  6.483)	
 | Test: [0][411/1000]    Time 0.730  Data 0.560  top1  18.000 ( 22.886)  top5   8.000 (  6.487)	
 | Test: [0][412/1000]    Time 0.587  Data 0.409  top1  30.000 ( 22.903)  top5  10.000 (  6.495)	
 | Test: [0][413/1000]    Time 0.616  Data 0.446  top1  28.000 ( 22.915)  top5   6.000 (  6.494)	
 | Test: [0][414/1000]    Time 0.599  Data 0.430  top1  28.000 ( 22.928)  top5   4.000 (  6.488)	
 | Test: [0][415/1000]    Time 0.621  Data 0.451  top1  24.000 ( 22.930)  top5  10.000 (  6.496)	
 | Test: [0][416/1000]    Time 0.617  Data 0.447  top1  16.000 ( 22.913)  top5   4.000 (  6.490)	
 | Test: [0][417/1000]    Time 0.620  Data 0.448  top1  22.000 ( 22.911)  top5   4.000 (  6.484)	
 | Test: [0][418/1000]    Time 0.590  Data 0.421  top1  28.000 ( 22.923)  top5  14.000 (  6.502)	
 | Test: [0][419/1000]    Time 0.597  Data 0.427  top1  18.000 ( 22.912)  top5   6.000 (  6.501)	
 | Test: [0][420/1000]    Time 0.617  Data 0.436  top1  24.000 ( 22.914)  top5   6.000 (  6.500)	
 | Test: [0][421/1000]    Time 0.541  Data 0.372  top1  28.000 ( 22.926)  top5   8.000 (  6.504)	
 | Test: [0][422/1000]    Time 0.675  Data 0.505  top1  18.000 ( 22.915)  top5   6.000 (  6.502)	
 | Test: [0][423/1000]    Time 0.590  Data 0.420  top1  20.000 ( 22.908)  top5   6.000 (  6.501)	
 | Test: [0][424/1000]    Time 0.605  Data 0.435  top1  30.000 ( 22.925)  top5   6.000 (  6.500)	
 | Test: [0][425/1000]    Time 0.602  Data 0.433  top1  26.000 ( 22.932)  top5   8.000 (  6.504)	
 | Test: [0][426/1000]    Time 0.594  Data 0.424  top1  24.000 ( 22.934)  top5  10.000 (  6.512)	
 | Test: [0][427/1000]    Time 0.632  Data 0.463  top1  24.000 ( 22.937)  top5   4.000 (  6.506)	
 | Test: [0][428/1000]    Time 0.582  Data 0.412  top1  20.000 ( 22.930)  top5   8.000 (  6.509)	
 | Test: [0][429/1000]    Time 0.685  Data 0.516  top1  16.000 ( 22.914)  top5   6.000 (  6.508)	
 | Test: [0][430/1000]    Time 0.519  Data 0.350  top1  12.000 ( 22.888)  top5   0.000 (  6.493)	
 | Test: [0][431/1000]    Time 0.672  Data 0.502  top1  26.000 ( 22.896)  top5   0.000 (  6.478)	
 | Test: [0][432/1000]    Time 0.683  Data 0.513  top1  28.000 ( 22.907)  top5  10.000 (  6.486)	
 | Test: [0][433/1000]    Time 0.525  Data 0.349  top1  24.000 ( 22.910)  top5   6.000 (  6.485)	
 | Test: [0][434/1000]    Time 0.657  Data 0.481  top1  26.000 ( 22.917)  top5   8.000 (  6.488)	
 | Test: [0][435/1000]    Time 0.674  Data 0.504  top1  16.000 ( 22.901)  top5   2.000 (  6.478)	
 | Test: [0][436/1000]    Time 0.535  Data 0.354  top1  24.000 ( 22.904)  top5   6.000 (  6.477)	
 | Test: [0][437/1000]    Time 0.694  Data 0.524  top1  18.000 ( 22.892)  top5   8.000 (  6.481)	
 | Test: [0][438/1000]    Time 0.497  Data 0.327  top1  20.000 ( 22.886)  top5  12.000 (  6.493)	
 | Test: [0][439/1000]    Time 0.770  Data 0.600  top1  20.000 ( 22.879)  top5   8.000 (  6.497)	
 | Test: [0][440/1000]    Time 0.433  Data 0.257  top1  16.000 ( 22.864)  top5   4.000 (  6.491)	
 | Test: [0][441/1000]    Time 0.827  Data 0.656  top1  22.000 ( 22.862)  top5  12.000 (  6.503)	
 | Test: [0][442/1000]    Time 0.421  Data 0.252  top1  24.000 ( 22.864)  top5  10.000 (  6.511)	
 | Test: [0][443/1000]    Time 0.824  Data 0.654  top1  24.000 ( 22.867)  top5   8.000 (  6.515)	
 | Test: [0][444/1000]    Time 0.375  Data 0.206  top1  16.000 ( 22.851)  top5   2.000 (  6.505)	
 | Test: [0][445/1000]    Time 0.871  Data 0.701  top1  26.000 ( 22.858)  top5   2.000 (  6.494)	
 | Test: [0][446/1000]    Time 0.315  Data 0.145  top1  24.000 ( 22.861)  top5   8.000 (  6.498)	
 | Test: [0][447/1000]    Time 0.867  Data 0.697  top1  20.000 ( 22.855)  top5   6.000 (  6.497)	
 | Test: [0][448/1000]    Time 0.327  Data 0.157  top1  12.000 ( 22.830)  top5   4.000 (  6.491)	
 | Test: [0][449/1000]    Time 1.057  Data 0.887  top1  32.000 ( 22.851)  top5   6.000 (  6.490)	
 | Test: [0][450/1000]    Time 0.170  Data 0.001  top1  26.000 ( 22.858)  top5   4.000 (  6.484)	
 | Test: [0][451/1000]    Time 1.037  Data 0.867  top1  22.000 ( 22.856)  top5  10.000 (  6.492)	
 | Test: [0][452/1000]    Time 0.222  Data 0.053  top1  20.000 ( 22.850)  top5   2.000 (  6.482)	
 | Test: [0][453/1000]    Time 0.953  Data 0.783  top1  16.000 ( 22.834)  top5   6.000 (  6.481)	
 | Test: [0][454/1000]    Time 0.253  Data 0.084  top1  28.000 ( 22.846)  top5   4.000 (  6.476)	
 | Test: [0][455/1000]    Time 0.977  Data 0.801  top1  26.000 ( 22.853)  top5   2.000 (  6.466)	
 | Test: [0][456/1000]    Time 0.234  Data 0.058  top1  20.000 ( 22.846)  top5   4.000 (  6.461)	
 | Test: [0][457/1000]    Time 1.096  Data 0.927  top1  22.000 ( 22.845)  top5  10.000 (  6.468)	
 | Test: [0][458/1000]    Time 0.170  Data 0.001  top1  20.000 ( 22.838)  top5   8.000 (  6.472)	
 | Test: [0][459/1000]    Time 1.039  Data 0.870  top1  26.000 ( 22.845)  top5   6.000 (  6.471)	
 | Test: [0][460/1000]    Time 0.170  Data 0.001  top1  32.000 ( 22.865)  top5  10.000 (  6.478)	
 | Test: [0][461/1000]    Time 1.042  Data 0.872  top1  30.000 ( 22.881)  top5   8.000 (  6.482)	
 | Test: [0][462/1000]    Time 0.171  Data 0.001  top1  24.000 ( 22.883)  top5  10.000 (  6.489)	
 | Test: [0][463/1000]    Time 1.062  Data 0.892  top1  32.000 ( 22.903)  top5   6.000 (  6.488)	
 | Test: [0][464/1000]    Time 0.221  Data 0.039  top1  22.000 ( 22.901)  top5   6.000 (  6.487)	
 | Test: [0][465/1000]    Time 1.043  Data 0.862  top1  18.000 ( 22.890)  top5   4.000 (  6.482)	
 | Test: [0][466/1000]    Time 0.193  Data 0.023  top1  36.000 ( 22.918)  top5  10.000 (  6.489)	
 | Test: [0][467/1000]    Time 0.954  Data 0.784  top1  24.000 ( 22.921)  top5   6.000 (  6.488)	
 | Test: [0][468/1000]    Time 0.173  Data 0.003  top1  14.000 ( 22.902)  top5   2.000 (  6.479)	
 | Test: [0][469/1000]    Time 1.018  Data 0.848  top1  30.000 ( 22.917)  top5   6.000 (  6.478)	
 | Test: [0][470/1000]    Time 0.171  Data 0.001  top1  32.000 ( 22.936)  top5   8.000 (  6.481)	
 | Test: [0][471/1000]    Time 1.127  Data 0.951  top1  16.000 ( 22.921)  top5   4.000 (  6.476)	
 | Test: [0][472/1000]    Time 0.177  Data 0.001  top1  28.000 ( 22.932)  top5  10.000 (  6.483)	
 | Test: [0][473/1000]    Time 1.023  Data 0.848  top1  28.000 ( 22.943)  top5   6.000 (  6.482)	
 | Test: [0][474/1000]    Time 0.171  Data 0.001  top1  16.000 ( 22.928)  top5   6.000 (  6.481)	
 | Test: [0][475/1000]    Time 1.054  Data 0.885  top1  24.000 ( 22.931)  top5  10.000 (  6.488)	
 | Test: [0][476/1000]    Time 0.170  Data 0.001  top1  12.000 ( 22.908)  top5   2.000 (  6.479)	
 | Test: [0][477/1000]    Time 0.995  Data 0.825  top1  16.000 ( 22.893)  top5   4.000 (  6.474)	
 | Test: [0][478/1000]    Time 0.170  Data 0.001  top1  30.000 ( 22.908)  top5  12.000 (  6.485)	
 | Test: [0][479/1000]    Time 1.013  Data 0.843  top1  18.000 ( 22.898)  top5   4.000 (  6.480)	
 | Test: [0][480/1000]    Time 0.223  Data 0.054  top1  28.000 ( 22.908)  top5   2.000 (  6.471)	
 | Test: [0][481/1000]    Time 0.853  Data 0.684  top1  32.000 ( 22.927)  top5   4.000 (  6.466)	
 | Test: [0][482/1000]    Time 0.376  Data 0.207  top1  36.000 ( 22.954)  top5   4.000 (  6.461)	
 | Test: [0][483/1000]    Time 0.726  Data 0.556  top1  30.000 ( 22.969)  top5   4.000 (  6.455)	
 | Test: [0][484/1000]    Time 0.500  Data 0.331  top1  20.000 ( 22.963)  top5   4.000 (  6.450)	
 | Test: [0][485/1000]    Time 0.625  Data 0.456  top1  16.000 ( 22.948)  top5   6.000 (  6.449)	
 | Test: [0][486/1000]    Time 0.553  Data 0.384  top1  16.000 ( 22.934)  top5   8.000 (  6.453)	
 | Test: [0][487/1000]    Time 0.556  Data 0.386  top1  18.000 ( 22.924)  top5  10.000 (  6.460)	
 | Test: [0][488/1000]    Time 0.644  Data 0.474  top1  28.000 ( 22.934)  top5   4.000 (  6.455)	
 | Test: [0][489/1000]    Time 0.543  Data 0.374  top1  20.000 ( 22.928)  top5   6.000 (  6.454)	
 | Test: [0][490/1000]    Time 0.669  Data 0.499  top1  28.000 ( 22.939)  top5   8.000 (  6.457)	
 | Test: [0][491/1000]    Time 0.509  Data 0.339  top1  20.000 ( 22.933)  top5  10.000 (  6.464)	
 | Test: [0][492/1000]    Time 0.795  Data 0.616  top1  20.000 ( 22.927)  top5   0.000 (  6.451)	
 | Test: [0][493/1000]    Time 0.508  Data 0.339  top1  20.000 ( 22.921)  top5  12.000 (  6.462)	
 | Test: [0][494/1000]    Time 0.748  Data 0.578  top1  30.000 ( 22.935)  top5   8.000 (  6.466)	
 | Test: [0][495/1000]    Time 0.353  Data 0.184  top1  20.000 ( 22.929)  top5   6.000 (  6.465)	
 | Test: [0][496/1000]    Time 0.874  Data 0.705  top1  18.000 ( 22.919)  top5   4.000 (  6.460)	
 | Test: [0][497/1000]    Time 0.362  Data 0.193  top1  18.000 ( 22.909)  top5   6.000 (  6.459)	
 | Test: [0][498/1000]    Time 0.848  Data 0.678  top1  24.000 ( 22.912)  top5   6.000 (  6.458)	
 | Test: [0][499/1000]    Time 0.313  Data 0.143  top1  16.000 ( 22.898)  top5   2.000 (  6.449)	
 | Test: [0][500/1000]    Time 0.970  Data 0.801  top1  20.000 ( 22.892)  top5   6.000 (  6.448)	
 | Test: [0][501/1000]    Time 0.368  Data 0.198  top1  32.000 ( 22.910)  top5  10.000 (  6.455)	
 | Test: [0][502/1000]    Time 1.031  Data 0.861  top1  22.000 ( 22.908)  top5   6.000 (  6.454)	
 | Test: [0][503/1000]    Time 0.258  Data 0.085  top1  12.000 ( 22.887)  top5   2.000 (  6.445)	
 | Test: [0][504/1000]    Time 1.029  Data 0.850  top1  28.000 ( 22.897)  top5   8.000 (  6.448)	
 | Test: [0][505/1000]    Time 0.268  Data 0.098  top1  14.000 ( 22.879)  top5   2.000 (  6.440)	
 | Test: [0][506/1000]    Time 0.997  Data 0.826  top1  22.000 ( 22.877)  top5   2.000 (  6.431)	
 | Test: [0][507/1000]    Time 0.171  Data 0.001  top1  24.000 ( 22.880)  top5  12.000 (  6.442)	
 | Test: [0][508/1000]    Time 1.110  Data 0.939  top1  18.000 ( 22.870)  top5   6.000 (  6.441)	
 | Test: [0][509/1000]    Time 0.170  Data 0.001  top1  22.000 ( 22.868)  top5  10.000 (  6.448)	
 | Test: [0][510/1000]    Time 0.960  Data 0.790  top1  20.000 ( 22.863)  top5   8.000 (  6.451)	
 | Test: [0][511/1000]    Time 0.176  Data 0.001  top1  30.000 ( 22.877)  top5  14.000 (  6.466)	
 | Test: [0][512/1000]    Time 1.077  Data 0.907  top1  20.000 ( 22.871)  top5  10.000 (  6.473)	
 | Test: [0][513/1000]    Time 0.170  Data 0.001  top1  14.000 ( 22.854)  top5   0.000 (  6.460)	
 | Test: [0][514/1000]    Time 1.069  Data 0.900  top1  26.000 ( 22.860)  top5  10.000 (  6.467)	
 | Test: [0][515/1000]    Time 0.171  Data 0.001  top1  24.000 ( 22.862)  top5   6.000 (  6.466)	
 | Test: [0][516/1000]    Time 1.086  Data 0.914  top1  26.000 ( 22.868)  top5   6.000 (  6.465)	
 | Test: [0][517/1000]    Time 0.171  Data 0.001  top1  20.000 ( 22.863)  top5  10.000 (  6.472)	
 | Test: [0][518/1000]    Time 1.017  Data 0.847  top1  28.000 ( 22.873)  top5  12.000 (  6.483)	
 | Test: [0][519/1000]    Time 0.170  Data 0.001  top1  22.000 ( 22.871)  top5   8.000 (  6.486)	
 | Test: [0][520/1000]    Time 0.998  Data 0.824  top1  26.000 ( 22.877)  top5   8.000 (  6.488)	
 | Test: [0][521/1000]    Time 0.171  Data 0.001  top1  26.000 ( 22.883)  top5  14.000 (  6.503)	
 | Test: [0][522/1000]    Time 1.051  Data 0.879  top1  26.000 ( 22.889)  top5   6.000 (  6.502)	
 | Test: [0][523/1000]    Time 0.216  Data 0.045  top1  26.000 ( 22.895)  top5   4.000 (  6.497)	
 | Test: [0][524/1000]    Time 1.042  Data 0.853  top1  28.000 ( 22.905)  top5  10.000 (  6.504)	
 | Test: [0][525/1000]    Time 0.189  Data 0.012  top1  18.000 ( 22.895)  top5   8.000 (  6.507)	
 | Test: [0][526/1000]    Time 0.956  Data 0.786  top1  16.000 ( 22.882)  top5   4.000 (  6.502)	
 | Test: [0][527/1000]    Time 0.297  Data 0.120  top1  28.000 ( 22.892)  top5   8.000 (  6.505)	
 | Test: [0][528/1000]    Time 0.899  Data 0.727  top1  26.000 ( 22.898)  top5   6.000 (  6.504)	
 | Test: [0][529/1000]    Time 0.363  Data 0.193  top1  12.000 ( 22.877)  top5   0.000 (  6.491)	
 | Test: [0][530/1000]    Time 0.791  Data 0.620  top1  26.000 ( 22.883)  top5   4.000 (  6.487)	
 | Test: [0][531/1000]    Time 0.652  Data 0.479  top1  34.000 ( 22.904)  top5  14.000 (  6.501)	
 | Test: [0][532/1000]    Time 0.556  Data 0.383  top1  20.000 ( 22.898)  top5  10.000 (  6.508)	
 | Test: [0][533/1000]    Time 0.629  Data 0.459  top1  30.000 ( 22.912)  top5   2.000 (  6.499)	
 | Test: [0][534/1000]    Time 0.642  Data 0.472  top1  18.000 ( 22.903)  top5   4.000 (  6.494)	
 | Test: [0][535/1000]    Time 0.515  Data 0.344  top1  22.000 ( 22.901)  top5  10.000 (  6.501)	
 | Test: [0][536/1000]    Time 0.691  Data 0.521  top1  18.000 ( 22.892)  top5   2.000 (  6.493)	
 | Test: [0][537/1000]    Time 0.595  Data 0.426  top1  20.000 ( 22.886)  top5   8.000 (  6.495)	
 | Test: [0][538/1000]    Time 0.555  Data 0.383  top1  34.000 ( 22.907)  top5  12.000 (  6.506)	
 | Test: [0][539/1000]    Time 0.699  Data 0.527  top1  24.000 ( 22.909)  top5   8.000 (  6.508)	
 | Test: [0][540/1000]    Time 0.791  Data 0.608  top1  22.000 ( 22.907)  top5   6.000 (  6.507)	
 | Test: [0][541/1000]    Time 0.477  Data 0.306  top1  26.000 ( 22.913)  top5  12.000 (  6.518)	
 | Test: [0][542/1000]    Time 0.602  Data 0.426  top1  16.000 ( 22.900)  top5   4.000 (  6.513)	
 | Test: [0][543/1000]    Time 0.612  Data 0.435  top1  16.000 ( 22.888)  top5   2.000 (  6.505)	
 | Test: [0][544/1000]    Time 0.893  Data 0.724  top1  22.000 ( 22.886)  top5   6.000 (  6.504)	
 | Test: [0][545/1000]    Time 0.492  Data 0.319  top1  18.000 ( 22.877)  top5   8.000 (  6.506)	
 | Test: [0][546/1000]    Time 0.766  Data 0.595  top1  18.000 ( 22.868)  top5   4.000 (  6.502)	
 | Test: [0][547/1000]    Time 0.478  Data 0.308  top1  14.000 ( 22.852)  top5   6.000 (  6.501)	
 | Test: [0][548/1000]    Time 0.726  Data 0.556  top1  16.000 ( 22.839)  top5   2.000 (  6.493)	
 | Test: [0][549/1000]    Time 0.503  Data 0.330  top1  22.000 ( 22.838)  top5  10.000 (  6.499)	
 | Test: [0][550/1000]    Time 0.787  Data 0.609  top1  22.000 ( 22.836)  top5   6.000 (  6.498)	
 | Test: [0][551/1000]    Time 0.482  Data 0.305  top1  18.000 ( 22.828)  top5   2.000 (  6.490)	
 | Test: [0][552/1000]    Time 0.762  Data 0.585  top1  18.000 ( 22.819)  top5   2.000 (  6.482)	
 | Test: [0][553/1000]    Time 0.469  Data 0.293  top1  34.000 ( 22.839)  top5   8.000 (  6.485)	
 | Test: [0][554/1000]    Time 0.791  Data 0.613  top1  30.000 ( 22.852)  top5   6.000 (  6.484)	
 | Test: [0][555/1000]    Time 0.459  Data 0.283  top1  18.000 ( 22.843)  top5   6.000 (  6.483)	
 | Test: [0][556/1000]    Time 0.788  Data 0.597  top1  24.000 ( 22.845)  top5   8.000 (  6.486)	
 | Test: [0][557/1000]    Time 0.434  Data 0.258  top1  22.000 ( 22.844)  top5   4.000 (  6.481)	
 | Test: [0][558/1000]    Time 0.766  Data 0.596  top1  30.000 ( 22.857)  top5   8.000 (  6.484)	
 | Test: [0][559/1000]    Time 0.472  Data 0.303  top1  28.000 ( 22.866)  top5   6.000 (  6.483)	
 | Test: [0][560/1000]    Time 0.948  Data 0.779  top1  22.000 ( 22.864)  top5   4.000 (  6.479)	
 | Test: [0][561/1000]    Time 0.408  Data 0.238  top1  32.000 ( 22.881)  top5   8.000 (  6.481)	
 | Test: [0][562/1000]    Time 0.771  Data 0.598  top1  28.000 ( 22.890)  top5   8.000 (  6.484)	
 | Test: [0][563/1000]    Time 0.458  Data 0.282  top1  26.000 ( 22.895)  top5  10.000 (  6.490)	
 | Test: [0][564/1000]    Time 0.734  Data 0.564  top1  26.000 ( 22.901)  top5   4.000 (  6.486)	
 | Test: [0][565/1000]    Time 0.411  Data 0.241  top1  20.000 ( 22.896)  top5   6.000 (  6.485)	
 | Test: [0][566/1000]    Time 0.867  Data 0.697  top1  26.000 ( 22.901)  top5   4.000 (  6.481)	
 | Test: [0][567/1000]    Time 0.538  Data 0.368  top1  26.000 ( 22.907)  top5  14.000 (  6.494)	
 | Test: [0][568/1000]    Time 0.624  Data 0.454  top1  16.000 ( 22.894)  top5   6.000 (  6.493)	
 | Test: [0][569/1000]    Time 1.061  Data 0.875  top1  18.000 ( 22.886)  top5   8.000 (  6.496)	
 | Test: [0][570/1000]    Time 0.175  Data 0.005  top1  24.000 ( 22.888)  top5   6.000 (  6.495)	
 | Test: [0][571/1000]    Time 0.995  Data 0.825  top1  16.000 ( 22.876)  top5   6.000 (  6.494)	
 | Test: [0][572/1000]    Time 0.273  Data 0.103  top1  20.000 ( 22.871)  top5  10.000 (  6.500)	
 | Test: [0][573/1000]    Time 0.965  Data 0.792  top1  12.000 ( 22.852)  top5   2.000 (  6.492)	
 | Test: [0][574/1000]    Time 0.364  Data 0.191  top1  30.000 ( 22.864)  top5  14.000 (  6.505)	
 | Test: [0][575/1000]    Time 0.882  Data 0.712  top1  26.000 ( 22.870)  top5   6.000 (  6.504)	
 | Test: [0][576/1000]    Time 0.424  Data 0.254  top1  18.000 ( 22.861)  top5   4.000 (  6.500)	
 | Test: [0][577/1000]    Time 0.827  Data 0.657  top1  20.000 ( 22.856)  top5   4.000 (  6.496)	
 | Test: [0][578/1000]    Time 0.369  Data 0.199  top1  24.000 ( 22.858)  top5   8.000 (  6.498)	
 | Test: [0][579/1000]    Time 0.839  Data 0.669  top1  26.000 ( 22.864)  top5  10.000 (  6.504)	
 | Test: [0][580/1000]    Time 0.354  Data 0.185  top1  22.000 ( 22.862)  top5   4.000 (  6.500)	
 | Test: [0][581/1000]    Time 1.047  Data 0.877  top1   6.000 ( 22.833)  top5   2.000 (  6.492)	
 | Test: [0][582/1000]    Time 0.185  Data 0.016  top1  16.000 ( 22.821)  top5   6.000 (  6.491)	
 | Test: [0][583/1000]    Time 1.050  Data 0.873  top1  32.000 ( 22.837)  top5   8.000 (  6.494)	
 | Test: [0][584/1000]    Time 0.200  Data 0.029  top1  20.000 ( 22.832)  top5   4.000 (  6.490)	
 | Test: [0][585/1000]    Time 1.101  Data 0.931  top1  16.000 ( 22.821)  top5   0.000 (  6.479)	
 | Test: [0][586/1000]    Time 0.170  Data 0.001  top1  28.000 ( 22.829)  top5   8.000 (  6.481)	
 | Test: [0][587/1000]    Time 0.961  Data 0.791  top1  22.000 ( 22.828)  top5   4.000 (  6.477)	
 | Test: [0][588/1000]    Time 0.263  Data 0.093  top1  22.000 ( 22.827)  top5   4.000 (  6.473)	
 | Test: [0][589/1000]    Time 0.868  Data 0.698  top1  26.000 ( 22.832)  top5  16.000 (  6.489)	
 | Test: [0][590/1000]    Time 0.512  Data 0.339  top1  22.000 ( 22.831)  top5   2.000 (  6.481)	
 | Test: [0][591/1000]    Time 0.747  Data 0.573  top1  26.000 ( 22.836)  top5   6.000 (  6.481)	
 | Test: [0][592/1000]    Time 0.436  Data 0.266  top1  22.000 ( 22.834)  top5   6.000 (  6.480)	
 | Test: [0][593/1000]    Time 0.850  Data 0.681  top1  26.000 ( 22.840)  top5   6.000 (  6.479)	
 | Test: [0][594/1000]    Time 0.335  Data 0.164  top1  16.000 ( 22.828)  top5   4.000 (  6.475)	
 | Test: [0][595/1000]    Time 0.912  Data 0.742  top1  26.000 ( 22.834)  top5  12.000 (  6.484)	
 | Test: [0][596/1000]    Time 0.264  Data 0.093  top1  32.000 ( 22.849)  top5   4.000 (  6.480)	
 | Test: [0][597/1000]    Time 0.987  Data 0.807  top1  20.000 ( 22.844)  top5   2.000 (  6.472)	
 | Test: [0][598/1000]    Time 0.219  Data 0.049  top1  32.000 ( 22.860)  top5  10.000 (  6.478)	
 | Test: [0][599/1000]    Time 0.949  Data 0.779  top1  18.000 ( 22.851)  top5   2.000 (  6.471)	
 | Test: [0][600/1000]    Time 0.199  Data 0.027  top1  32.000 ( 22.867)  top5   8.000 (  6.473)	
 | Test: [0][601/1000]    Time 0.929  Data 0.759  top1  24.000 ( 22.869)  top5   2.000 (  6.466)	
 | Test: [0][602/1000]    Time 0.370  Data 0.200  top1  22.000 ( 22.867)  top5   6.000 (  6.465)	
 | Test: [0][603/1000]    Time 0.760  Data 0.590  top1  26.000 ( 22.872)  top5  12.000 (  6.474)	
 | Test: [0][604/1000]    Time 0.460  Data 0.287  top1  20.000 ( 22.868)  top5   8.000 (  6.477)	
 | Test: [0][605/1000]    Time 0.717  Data 0.547  top1  28.000 ( 22.876)  top5  10.000 (  6.483)	
 | Test: [0][606/1000]    Time 0.566  Data 0.395  top1  24.000 ( 22.878)  top5   6.000 (  6.482)	
 | Test: [0][607/1000]    Time 0.834  Data 0.664  top1  22.000 ( 22.876)  top5  10.000 (  6.488)	
 | Test: [0][608/1000]    Time 0.383  Data 0.213  top1  24.000 ( 22.878)  top5   8.000 (  6.490)	
 | Test: [0][609/1000]    Time 0.869  Data 0.700  top1  28.000 ( 22.887)  top5  10.000 (  6.496)	
 | Test: [0][610/1000]    Time 0.354  Data 0.184  top1  28.000 ( 22.895)  top5   8.000 (  6.498)	
 | Test: [0][611/1000]    Time 0.851  Data 0.681  top1  26.000 ( 22.900)  top5  12.000 (  6.507)	
 | Test: [0][612/1000]    Time 0.361  Data 0.191  top1  18.000 ( 22.892)  top5   8.000 (  6.510)	
 | Test: [0][613/1000]    Time 1.173  Data 1.003  top1  16.000 ( 22.881)  top5  10.000 (  6.515)	
 | Test: [0][614/1000]    Time 0.171  Data 0.001  top1  32.000 ( 22.896)  top5  10.000 (  6.521)	
 | Test: [0][615/1000]    Time 1.041  Data 0.871  top1  18.000 ( 22.888)  top5  12.000 (  6.530)	
 | Test: [0][616/1000]    Time 0.171  Data 0.001  top1  14.000 ( 22.873)  top5   0.000 (  6.519)	
 | Test: [0][617/1000]    Time 1.091  Data 0.922  top1  26.000 ( 22.878)  top5  10.000 (  6.525)	
 | Test: [0][618/1000]    Time 0.405  Data 0.235  top1  24.000 ( 22.880)  top5   8.000 (  6.528)	
 | Test: [0][619/1000]    Time 0.955  Data 0.786  top1  20.000 ( 22.876)  top5   2.000 (  6.520)	
 | Test: [0][620/1000]    Time 0.559  Data 0.390  top1  20.000 ( 22.871)  top5   4.000 (  6.516)	
 | Test: [0][621/1000]    Time 0.698  Data 0.522  top1  14.000 ( 22.857)  top5   4.000 (  6.512)	
 | Test: [0][622/1000]    Time 0.489  Data 0.320  top1  12.000 ( 22.839)  top5   4.000 (  6.508)	
 | Test: [0][623/1000]    Time 0.742  Data 0.572  top1  28.000 ( 22.848)  top5   8.000 (  6.510)	
 | Test: [0][624/1000]    Time 0.555  Data 0.385  top1  36.000 ( 22.869)  top5  18.000 (  6.529)	
 | Test: [0][625/1000]    Time 0.693  Data 0.523  top1  18.000 ( 22.861)  top5   8.000 (  6.531)	
 | Test: [0][626/1000]    Time 0.559  Data 0.389  top1  22.000 ( 22.859)  top5   6.000 (  6.530)	
 | Test: [0][627/1000]    Time 0.653  Data 0.482  top1  26.000 ( 22.864)  top5   4.000 (  6.526)	
 | Test: [0][628/1000]    Time 0.673  Data 0.503  top1  28.000 ( 22.873)  top5   8.000 (  6.529)	
 | Test: [0][629/1000]    Time 0.624  Data 0.454  top1  18.000 ( 22.865)  top5   8.000 (  6.531)	
 | Test: [0][630/1000]    Time 0.684  Data 0.512  top1  14.000 ( 22.851)  top5   2.000 (  6.524)	
 | Test: [0][631/1000]    Time 0.502  Data 0.331  top1  28.000 ( 22.859)  top5  10.000 (  6.529)	
 | Test: [0][632/1000]    Time 0.730  Data 0.546  top1  22.000 ( 22.858)  top5   6.000 (  6.528)	
 | Test: [0][633/1000]    Time 0.521  Data 0.350  top1  12.000 ( 22.840)  top5   0.000 (  6.518)	
 | Test: [0][634/1000]    Time 0.659  Data 0.489  top1  28.000 ( 22.849)  top5   6.000 (  6.517)	
 | Test: [0][635/1000]    Time 0.582  Data 0.407  top1  32.000 ( 22.863)  top5  10.000 (  6.523)	
 | Test: [0][636/1000]    Time 0.604  Data 0.430  top1  20.000 ( 22.858)  top5   2.000 (  6.516)	
 | Test: [0][637/1000]    Time 0.620  Data 0.450  top1  20.000 ( 22.854)  top5   6.000 (  6.515)	
 | Test: [0][638/1000]    Time 0.590  Data 0.420  top1  40.000 ( 22.881)  top5  18.000 (  6.533)	
 | Test: [0][639/1000]    Time 0.612  Data 0.441  top1  18.000 ( 22.873)  top5   2.000 (  6.526)	
 | Test: [0][640/1000]    Time 0.676  Data 0.506  top1  24.000 ( 22.875)  top5   2.000 (  6.519)	
 | Test: [0][641/1000]    Time 0.504  Data 0.334  top1  10.000 ( 22.855)  top5   0.000 (  6.509)	
 | Test: [0][642/1000]    Time 0.706  Data 0.536  top1  36.000 ( 22.875)  top5  12.000 (  6.517)	
 | Test: [0][643/1000]    Time 0.625  Data 0.455  top1  26.000 ( 22.880)  top5   4.000 (  6.513)	
 | Test: [0][644/1000]    Time 0.660  Data 0.490  top1  26.000 ( 22.885)  top5   4.000 (  6.509)	
 | Test: [0][645/1000]    Time 0.564  Data 0.394  top1  30.000 ( 22.896)  top5   8.000 (  6.512)	
 | Test: [0][646/1000]    Time 0.694  Data 0.518  top1  22.000 ( 22.895)  top5   8.000 (  6.514)	
 | Test: [0][647/1000]    Time 0.485  Data 0.315  top1  26.000 ( 22.900)  top5   8.000 (  6.516)	
 | Test: [0][648/1000]    Time 0.756  Data 0.575  top1  16.000 ( 22.889)  top5   2.000 (  6.509)	
 | Test: [0][649/1000]    Time 0.491  Data 0.321  top1  22.000 ( 22.888)  top5   4.000 (  6.505)	
 | Test: [0][650/1000]    Time 0.736  Data 0.566  top1  22.000 ( 22.886)  top5   6.000 (  6.505)	
 | Test: [0][651/1000]    Time 0.471  Data 0.295  top1  26.000 ( 22.891)  top5  10.000 (  6.510)	
 | Test: [0][652/1000]    Time 0.829  Data 0.653  top1  18.000 ( 22.883)  top5   4.000 (  6.506)	
 | Test: [0][653/1000]    Time 0.369  Data 0.199  top1  20.000 ( 22.879)  top5   2.000 (  6.499)	
 | Test: [0][654/1000]    Time 0.824  Data 0.654  top1  38.000 ( 22.902)  top5  10.000 (  6.505)	
 | Test: [0][655/1000]    Time 0.539  Data 0.366  top1  18.000 ( 22.895)  top5   6.000 (  6.504)	
 | Test: [0][656/1000]    Time 0.717  Data 0.547  top1  20.000 ( 22.890)  top5   6.000 (  6.503)	
 | Test: [0][657/1000]    Time 0.544  Data 0.374  top1  24.000 ( 22.892)  top5   2.000 (  6.496)	
 | Test: [0][658/1000]    Time 0.799  Data 0.629  top1  24.000 ( 22.894)  top5   4.000 (  6.492)	
 | Test: [0][659/1000]    Time 0.488  Data 0.318  top1  14.000 ( 22.880)  top5   0.000 (  6.483)	
 | Test: [0][660/1000]    Time 0.728  Data 0.557  top1  22.000 ( 22.879)  top5   6.000 (  6.482)	
 | Test: [0][661/1000]    Time 0.609  Data 0.439  top1  32.000 ( 22.893)  top5  10.000 (  6.487)	
 | Test: [0][662/1000]    Time 0.638  Data 0.468  top1  20.000 ( 22.888)  top5   4.000 (  6.483)	
 | Test: [0][663/1000]    Time 0.571  Data 0.401  top1  22.000 ( 22.887)  top5   8.000 (  6.486)	
 | Test: [0][664/1000]    Time 0.688  Data 0.504  top1  32.000 ( 22.901)  top5  10.000 (  6.491)	
 | Test: [0][665/1000]    Time 0.537  Data 0.367  top1  22.000 ( 22.899)  top5   6.000 (  6.490)	
 | Test: [0][666/1000]    Time 0.723  Data 0.554  top1  18.000 ( 22.892)  top5   4.000 (  6.486)	
 | Test: [0][667/1000]    Time 0.505  Data 0.335  top1  32.000 ( 22.906)  top5  10.000 (  6.492)	
 | Test: [0][668/1000]    Time 0.699  Data 0.523  top1  28.000 ( 22.913)  top5   8.000 (  6.494)	
 | Test: [0][669/1000]    Time 0.550  Data 0.380  top1  24.000 ( 22.915)  top5   8.000 (  6.496)	
 | Test: [0][670/1000]    Time 0.660  Data 0.490  top1  22.000 ( 22.913)  top5   2.000 (  6.490)	
 | Test: [0][671/1000]    Time 0.558  Data 0.388  top1  18.000 ( 22.906)  top5   8.000 (  6.492)	
 | Test: [0][672/1000]    Time 0.698  Data 0.529  top1  18.000 ( 22.899)  top5   2.000 (  6.485)	
 | Test: [0][673/1000]    Time 0.578  Data 0.408  top1  28.000 ( 22.906)  top5   6.000 (  6.484)	
 | Test: [0][674/1000]    Time 0.640  Data 0.470  top1  28.000 ( 22.914)  top5   6.000 (  6.484)	
 | Test: [0][675/1000]    Time 0.747  Data 0.577  top1  34.000 ( 22.930)  top5  20.000 (  6.504)	
 | Test: [0][676/1000]    Time 0.491  Data 0.321  top1  26.000 ( 22.935)  top5   6.000 (  6.503)	
 | Test: [0][677/1000]    Time 0.729  Data 0.560  top1  20.000 ( 22.931)  top5   4.000 (  6.499)	
 | Test: [0][678/1000]    Time 0.499  Data 0.329  top1  12.000 ( 22.914)  top5   4.000 (  6.496)	
 | Test: [0][679/1000]    Time 0.806  Data 0.636  top1  22.000 ( 22.913)  top5   2.000 (  6.489)	
 | Test: [0][680/1000]    Time 0.419  Data 0.250  top1  24.000 ( 22.915)  top5   8.000 (  6.491)	
 | Test: [0][681/1000]    Time 0.802  Data 0.619  top1  18.000 ( 22.907)  top5   6.000 (  6.490)	
 | Test: [0][682/1000]    Time 0.432  Data 0.262  top1  32.000 ( 22.921)  top5  10.000 (  6.496)	
 | Test: [0][683/1000]    Time 0.781  Data 0.603  top1  22.000 ( 22.919)  top5   4.000 (  6.492)	
 | Test: [0][684/1000]    Time 0.566  Data 0.390  top1  26.000 ( 22.924)  top5  10.000 (  6.497)	
 | Test: [0][685/1000]    Time 0.759  Data 0.583  top1  24.000 ( 22.926)  top5   4.000 (  6.493)	
 | Test: [0][686/1000]    Time 0.451  Data 0.275  top1  26.000 ( 22.930)  top5   8.000 (  6.496)	
 | Test: [0][687/1000]    Time 0.761  Data 0.591  top1  18.000 ( 22.923)  top5   2.000 (  6.489)	
 | Test: [0][688/1000]    Time 0.495  Data 0.325  top1  22.000 ( 22.922)  top5   6.000 (  6.488)	
 | Test: [0][689/1000]    Time 0.702  Data 0.532  top1  12.000 ( 22.906)  top5   0.000 (  6.479)	
 | Test: [0][690/1000]    Time 0.574  Data 0.405  top1  14.000 ( 22.893)  top5   2.000 (  6.472)	
 | Test: [0][691/1000]    Time 0.754  Data 0.583  top1  24.000 ( 22.894)  top5   4.000 (  6.469)	
 | Test: [0][692/1000]    Time 0.491  Data 0.321  top1  32.000 ( 22.908)  top5   8.000 (  6.471)	
 | Test: [0][693/1000]    Time 0.962  Data 0.782  top1  26.000 ( 22.912)  top5  12.000 (  6.479)	
 | Test: [0][694/1000]    Time 0.399  Data 0.230  top1  32.000 ( 22.925)  top5  10.000 (  6.484)	
 | Test: [0][695/1000]    Time 0.783  Data 0.613  top1  26.000 ( 22.929)  top5   8.000 (  6.486)	
 | Test: [0][696/1000]    Time 0.474  Data 0.305  top1  22.000 ( 22.928)  top5   8.000 (  6.489)	
 | Test: [0][697/1000]    Time 0.676  Data 0.505  top1  16.000 ( 22.918)  top5   2.000 (  6.482)	
 | Test: [0][698/1000]    Time 0.510  Data 0.340  top1  26.000 ( 22.923)  top5   8.000 (  6.484)	
 | Test: [0][699/1000]    Time 0.742  Data 0.572  top1  24.000 ( 22.924)  top5   0.000 (  6.475)	
 | Test: [0][700/1000]    Time 0.508  Data 0.338  top1  26.000 ( 22.929)  top5   2.000 (  6.469)	
 | Test: [0][701/1000]    Time 0.815  Data 0.645  top1  18.000 ( 22.922)  top5   4.000 (  6.465)	
 | Test: [0][702/1000]    Time 0.500  Data 0.330  top1  20.000 ( 22.917)  top5  12.000 (  6.473)	
 | Test: [0][703/1000]    Time 0.725  Data 0.555  top1  28.000 ( 22.925)  top5  12.000 (  6.481)	
 | Test: [0][704/1000]    Time 0.509  Data 0.340  top1  12.000 ( 22.909)  top5   0.000 (  6.472)	
 | Test: [0][705/1000]    Time 0.690  Data 0.520  top1  20.000 ( 22.905)  top5   6.000 (  6.471)	
 | Test: [0][706/1000]    Time 0.625  Data 0.455  top1  20.000 ( 22.901)  top5   4.000 (  6.467)	
 | Test: [0][707/1000]    Time 0.908  Data 0.738  top1  26.000 ( 22.905)  top5   6.000 (  6.467)	
 | Test: [0][708/1000]    Time 0.440  Data 0.271  top1  20.000 ( 22.901)  top5   2.000 (  6.460)	
 | Test: [0][709/1000]    Time 0.777  Data 0.596  top1  22.000 ( 22.900)  top5   4.000 (  6.457)	
 | Test: [0][710/1000]    Time 0.371  Data 0.198  top1  20.000 ( 22.896)  top5   6.000 (  6.456)	
 | Test: [0][711/1000]    Time 0.784  Data 0.614  top1  30.000 ( 22.906)  top5  10.000 (  6.461)	
 | Test: [0][712/1000]    Time 0.485  Data 0.315  top1  30.000 ( 22.916)  top5   4.000 (  6.458)	
 | Test: [0][713/1000]    Time 0.696  Data 0.522  top1  32.000 ( 22.928)  top5  10.000 (  6.463)	
 | Test: [0][714/1000]    Time 0.526  Data 0.357  top1  18.000 ( 22.922)  top5  10.000 (  6.468)	
 | Test: [0][715/1000]    Time 0.649  Data 0.479  top1  32.000 ( 22.934)  top5   8.000 (  6.470)	
 | Test: [0][716/1000]    Time 0.557  Data 0.388  top1  26.000 ( 22.939)  top5  10.000 (  6.475)	
 | Test: [0][717/1000]    Time 0.724  Data 0.555  top1  26.000 ( 22.943)  top5   6.000 (  6.474)	
 | Test: [0][718/1000]    Time 0.523  Data 0.346  top1  18.000 ( 22.936)  top5   6.000 (  6.474)	
 | Test: [0][719/1000]    Time 0.672  Data 0.502  top1  18.000 ( 22.929)  top5   0.000 (  6.465)	
 | Test: [0][720/1000]    Time 0.628  Data 0.452  top1  16.000 ( 22.919)  top5   2.000 (  6.458)	
 | Test: [0][721/1000]    Time 0.643  Data 0.473  top1  26.000 ( 22.924)  top5  12.000 (  6.466)	
 | Test: [0][722/1000]    Time 0.666  Data 0.496  top1  18.000 ( 22.917)  top5   4.000 (  6.463)	
 | Test: [0][723/1000]    Time 0.532  Data 0.362  top1  12.000 ( 22.902)  top5  10.000 (  6.467)	
 | Test: [0][724/1000]    Time 1.115  Data 0.946  top1  26.000 ( 22.906)  top5  16.000 (  6.481)	
 | Test: [0][725/1000]    Time 0.177  Data 0.001  top1  30.000 ( 22.916)  top5   6.000 (  6.480)	
 | Test: [0][726/1000]    Time 1.015  Data 0.845  top1  14.000 ( 22.904)  top5   0.000 (  6.471)	
 | Test: [0][727/1000]    Time 0.231  Data 0.060  top1  18.000 ( 22.897)  top5   4.000 (  6.468)	
 | Test: [0][728/1000]    Time 0.969  Data 0.787  top1  24.000 ( 22.898)  top5   4.000 (  6.464)	
 | Test: [0][729/1000]    Time 0.282  Data 0.113  top1   8.000 ( 22.878)  top5   6.000 (  6.464)	
 | Test: [0][730/1000]    Time 0.982  Data 0.811  top1  30.000 ( 22.888)  top5  10.000 (  6.468)	
 | Test: [0][731/1000]    Time 0.170  Data 0.001  top1  20.000 ( 22.884)  top5   2.000 (  6.462)	
 | Test: [0][732/1000]    Time 1.065  Data 0.873  top1  28.000 ( 22.891)  top5   6.000 (  6.462)	
 | Test: [0][733/1000]    Time 0.170  Data 0.001  top1  28.000 ( 22.898)  top5   4.000 (  6.458)	
 | Test: [0][734/1000]    Time 1.058  Data 0.887  top1  14.000 ( 22.886)  top5   4.000 (  6.455)	
 | Test: [0][735/1000]    Time 0.172  Data 0.001  top1  32.000 ( 22.898)  top5   4.000 (  6.452)	
 | Test: [0][736/1000]    Time 1.082  Data 0.911  top1  34.000 ( 22.913)  top5  16.000 (  6.465)	
 | Test: [0][737/1000]    Time 0.178  Data 0.001  top1  26.000 ( 22.917)  top5   4.000 (  6.461)	
 | Test: [0][738/1000]    Time 1.012  Data 0.842  top1  18.000 ( 22.911)  top5   2.000 (  6.455)	
 | Test: [0][739/1000]    Time 0.438  Data 0.268  top1  30.000 ( 22.920)  top5   8.000 (  6.457)	
 | Test: [0][740/1000]    Time 0.742  Data 0.572  top1  26.000 ( 22.924)  top5   8.000 (  6.459)	
 | Test: [0][741/1000]    Time 0.459  Data 0.277  top1  10.000 ( 22.907)  top5   4.000 (  6.456)	
 | Test: [0][742/1000]    Time 0.777  Data 0.601  top1  18.000 ( 22.900)  top5   6.000 (  6.456)	
 | Test: [0][743/1000]    Time 0.385  Data 0.209  top1  12.000 ( 22.886)  top5   2.000 (  6.450)	
 | Test: [0][744/1000]    Time 1.058  Data 0.880  top1  26.000 ( 22.890)  top5   6.000 (  6.449)	
 | Test: [0][745/1000]    Time 0.177  Data 0.001  top1  14.000 ( 22.878)  top5   6.000 (  6.448)	
 | Test: [0][746/1000]    Time 1.091  Data 0.919  top1  14.000 ( 22.866)  top5   4.000 (  6.445)	
 | Test: [0][747/1000]    Time 0.173  Data 0.001  top1  18.000 ( 22.859)  top5   6.000 (  6.444)	
 | Test: [0][748/1000]    Time 1.109  Data 0.939  top1  32.000 ( 22.872)  top5   6.000 (  6.444)	
 | Test: [0][749/1000]    Time 0.170  Data 0.001  top1  24.000 ( 22.873)  top5  12.000 (  6.451)	
 | Test: [0][750/1000]    Time 1.098  Data 0.911  top1  26.000 ( 22.877)  top5  12.000 (  6.459)	
 | Test: [0][751/1000]    Time 0.174  Data 0.001  top1  28.000 ( 22.884)  top5   6.000 (  6.458)	
 | Test: [0][752/1000]    Time 1.043  Data 0.873  top1  34.000 ( 22.899)  top5  12.000 (  6.465)	
 | Test: [0][753/1000]    Time 0.170  Data 0.001  top1  22.000 ( 22.898)  top5   4.000 (  6.462)	
 | Test: [0][754/1000]    Time 1.050  Data 0.880  top1  20.000 ( 22.894)  top5   4.000 (  6.459)	
 | Test: [0][755/1000]    Time 0.170  Data 0.001  top1  26.000 ( 22.898)  top5   8.000 (  6.461)	
 | Test: [0][756/1000]    Time 1.060  Data 0.882  top1  18.000 ( 22.892)  top5   4.000 (  6.458)	
 | Test: [0][757/1000]    Time 0.176  Data 0.001  top1  14.000 ( 22.880)  top5   6.000 (  6.457)	
 | Test: [0][758/1000]    Time 1.069  Data 0.899  top1  16.000 ( 22.871)  top5   4.000 (  6.454)	
 | Test: [0][759/1000]    Time 0.170  Data 0.001  top1  12.000 ( 22.856)  top5   8.000 (  6.456)	
 | Test: [0][760/1000]    Time 1.095  Data 0.914  top1  30.000 ( 22.866)  top5  10.000 (  6.461)	
 | Test: [0][761/1000]    Time 0.194  Data 0.022  top1  16.000 ( 22.857)  top5   4.000 (  6.457)	
 | Test: [0][762/1000]    Time 1.068  Data 0.898  top1  32.000 ( 22.869)  top5  14.000 (  6.467)	
 | Test: [0][763/1000]    Time 0.180  Data 0.001  top1  26.000 ( 22.873)  top5   6.000 (  6.467)	
 | Test: [0][764/1000]    Time 1.011  Data 0.841  top1  16.000 ( 22.864)  top5   6.000 (  6.466)	
 | Test: [0][765/1000]    Time 0.273  Data 0.103  top1  42.000 ( 22.889)  top5   6.000 (  6.465)	
 | Test: [0][766/1000]    Time 0.956  Data 0.786  top1  26.000 ( 22.893)  top5   6.000 (  6.465)	
 | Test: [0][767/1000]    Time 0.306  Data 0.136  top1  20.000 ( 22.889)  top5   0.000 (  6.456)	
 | Test: [0][768/1000]    Time 0.979  Data 0.809  top1  20.000 ( 22.885)  top5  12.000 (  6.464)	
 | Test: [0][769/1000]    Time 0.243  Data 0.073  top1  26.000 ( 22.889)  top5   6.000 (  6.463)	
 | Test: [0][770/1000]    Time 0.982  Data 0.809  top1  22.000 ( 22.888)  top5   6.000 (  6.462)	
 | Test: [0][771/1000]    Time 0.234  Data 0.063  top1  20.000 ( 22.885)  top5   8.000 (  6.464)	
 | Test: [0][772/1000]    Time 1.056  Data 0.885  top1  26.000 ( 22.889)  top5  10.000 (  6.469)	
 | Test: [0][773/1000]    Time 0.176  Data 0.006  top1  18.000 ( 22.882)  top5   4.000 (  6.466)	
 | Test: [0][774/1000]    Time 1.203  Data 1.033  top1  24.000 ( 22.884)  top5  10.000 (  6.470)	
 | Test: [0][775/1000]    Time 0.189  Data 0.019  top1  30.000 ( 22.893)  top5   4.000 (  6.467)	
 | Test: [0][776/1000]    Time 1.035  Data 0.854  top1  22.000 ( 22.892)  top5   6.000 (  6.466)	
 | Test: [0][777/1000]    Time 0.206  Data 0.036  top1  34.000 ( 22.906)  top5  14.000 (  6.476)	
 | Test: [0][778/1000]    Time 1.026  Data 0.856  top1  26.000 ( 22.910)  top5  12.000 (  6.483)	
 | Test: [0][779/1000]    Time 0.201  Data 0.031  top1  24.000 ( 22.911)  top5   0.000 (  6.475)	
 | Test: [0][780/1000]    Time 1.014  Data 0.840  top1  16.000 ( 22.903)  top5   2.000 (  6.469)	
 | Test: [0][781/1000]    Time 0.184  Data 0.014  top1  18.000 ( 22.896)  top5   4.000 (  6.466)	
 | Test: [0][782/1000]    Time 1.160  Data 0.989  top1  14.000 ( 22.885)  top5   4.000 (  6.463)	
 | Test: [0][783/1000]    Time 0.228  Data 0.058  top1  30.000 ( 22.894)  top5   4.000 (  6.460)	
 | Test: [0][784/1000]    Time 0.946  Data 0.773  top1  22.000 ( 22.893)  top5  10.000 (  6.464)	
 | Test: [0][785/1000]    Time 0.239  Data 0.067  top1  28.000 ( 22.899)  top5  14.000 (  6.474)	
 | Test: [0][786/1000]    Time 0.944  Data 0.774  top1  24.000 ( 22.901)  top5   6.000 (  6.473)	
 | Test: [0][787/1000]    Time 0.293  Data 0.123  top1  24.000 ( 22.902)  top5   8.000 (  6.475)	
 | Test: [0][788/1000]    Time 0.924  Data 0.753  top1  22.000 ( 22.901)  top5   6.000 (  6.475)	
 | Test: [0][789/1000]    Time 0.250  Data 0.080  top1  12.000 ( 22.887)  top5   4.000 (  6.471)	
 | Test: [0][790/1000]    Time 0.949  Data 0.779  top1  22.000 ( 22.886)  top5   8.000 (  6.473)	
 | Test: [0][791/1000]    Time 0.240  Data 0.070  top1  18.000 ( 22.880)  top5   6.000 (  6.473)	
 | Test: [0][792/1000]    Time 0.984  Data 0.802  top1  18.000 ( 22.874)  top5   8.000 (  6.475)	
 | Test: [0][793/1000]    Time 0.334  Data 0.164  top1  18.000 ( 22.868)  top5  12.000 (  6.482)	
 | Test: [0][794/1000]    Time 0.884  Data 0.715  top1  26.000 ( 22.872)  top5   4.000 (  6.479)	
 | Test: [0][795/1000]    Time 0.503  Data 0.334  top1  22.000 ( 22.870)  top5   8.000 (  6.481)	
 | Test: [0][796/1000]    Time 0.690  Data 0.514  top1  14.000 ( 22.859)  top5   8.000 (  6.482)	
 | Test: [0][797/1000]    Time 0.517  Data 0.348  top1  12.000 ( 22.846)  top5   0.000 (  6.474)	
 | Test: [0][798/1000]    Time 0.709  Data 0.539  top1  16.000 ( 22.837)  top5   2.000 (  6.469)	
 | Test: [0][799/1000]    Time 0.501  Data 0.332  top1  22.000 ( 22.836)  top5  12.000 (  6.476)	
 | Test: [0][800/1000]    Time 0.730  Data 0.560  top1  22.000 ( 22.835)  top5  10.000 (  6.480)	
 | Test: [0][801/1000]    Time 0.864  Data 0.682  top1  32.000 ( 22.846)  top5   6.000 (  6.479)	
 | Test: [0][802/1000]    Time 0.328  Data 0.157  top1  20.000 ( 22.843)  top5   4.000 (  6.476)	
 | Test: [0][803/1000]    Time 1.151  Data 0.980  top1  28.000 ( 22.849)  top5   8.000 (  6.478)	
 | Test: [0][804/1000]    Time 0.170  Data 0.001  top1  26.000 ( 22.853)  top5  12.000 (  6.485)	
 | Test: [0][805/1000]    Time 1.024  Data 0.854  top1  18.000 ( 22.847)  top5   4.000 (  6.482)	
 | Test: [0][806/1000]    Time 0.170  Data 0.001  top1  28.000 ( 22.854)  top5  10.000 (  6.486)	
 | Test: [0][807/1000]    Time 1.052  Data 0.882  top1  16.000 ( 22.845)  top5   4.000 (  6.483)	
 | Test: [0][808/1000]    Time 0.171  Data 0.001  top1  28.000 ( 22.851)  top5  14.000 (  6.493)	
 | Test: [0][809/1000]    Time 1.029  Data 0.859  top1  14.000 ( 22.841)  top5   2.000 (  6.487)	
 | Test: [0][810/1000]    Time 0.170  Data 0.001  top1  20.000 ( 22.837)  top5   2.000 (  6.481)	
 | Test: [0][811/1000]    Time 1.167  Data 0.998  top1  32.000 ( 22.848)  top5   6.000 (  6.481)	
 | Test: [0][812/1000]    Time 0.170  Data 0.001  top1  22.000 ( 22.847)  top5   8.000 (  6.483)	
 | Test: [0][813/1000]    Time 1.087  Data 0.917  top1  18.000 ( 22.841)  top5   0.000 (  6.475)	
 | Test: [0][814/1000]    Time 0.170  Data 0.001  top1  24.000 ( 22.843)  top5   4.000 (  6.472)	
 | Test: [0][815/1000]    Time 1.058  Data 0.880  top1  20.000 ( 22.839)  top5   6.000 (  6.471)	
 | Test: [0][816/1000]    Time 0.180  Data 0.001  top1  30.000 ( 22.848)  top5   6.000 (  6.471)	
 | Test: [0][817/1000]    Time 1.067  Data 0.897  top1  26.000 ( 22.852)  top5   6.000 (  6.470)	
 | Test: [0][818/1000]    Time 0.172  Data 0.002  top1  20.000 ( 22.848)  top5   4.000 (  6.467)	
 | Test: [0][819/1000]    Time 1.334  Data 1.164  top1  24.000 ( 22.850)  top5   6.000 (  6.466)	
 | Test: [0][820/1000]    Time 0.177  Data 0.001  top1  20.000 ( 22.846)  top5   4.000 (  6.463)	
 | Test: [0][821/1000]    Time 1.543  Data 1.373  top1  16.000 ( 22.838)  top5   2.000 (  6.458)	
 | Test: [0][822/1000]    Time 0.170  Data 0.001  top1  26.000 ( 22.842)  top5   4.000 (  6.455)	
 | Test: [0][823/1000]    Time 1.312  Data 1.138  top1  24.000 ( 22.843)  top5  10.000 (  6.459)	
 | Test: [0][824/1000]    Time 0.170  Data 0.001  top1  28.000 ( 22.850)  top5   4.000 (  6.456)	
 | Test: [0][825/1000]    Time 1.239  Data 1.069  top1  24.000 ( 22.851)  top5  12.000 (  6.463)	
 | Test: [0][826/1000]    Time 0.171  Data 0.001  top1  28.000 ( 22.857)  top5   6.000 (  6.462)	
 | Test: [0][827/1000]    Time 0.952  Data 0.779  top1  22.000 ( 22.856)  top5   4.000 (  6.459)	
 | Test: [0][828/1000]    Time 0.181  Data 0.003  top1  30.000 ( 22.865)  top5  18.000 (  6.473)	
 | Test: [0][829/1000]    Time 0.920  Data 0.750  top1  24.000 ( 22.866)  top5   4.000 (  6.470)	
 | Test: [0][830/1000]    Time 0.317  Data 0.147  top1  14.000 ( 22.855)  top5   2.000 (  6.465)	
 | Test: [0][831/1000]    Time 0.845  Data 0.675  top1  18.000 ( 22.850)  top5   2.000 (  6.460)	
 | Test: [0][832/1000]    Time 0.362  Data 0.192  top1  28.000 ( 22.856)  top5   4.000 (  6.457)	
 | Test: [0][833/1000]    Time 0.807  Data 0.637  top1  22.000 ( 22.855)  top5   8.000 (  6.459)	
 | Test: [0][834/1000]    Time 0.464  Data 0.295  top1  22.000 ( 22.854)  top5   8.000 (  6.460)	
 | Test: [0][835/1000]    Time 0.722  Data 0.552  top1  32.000 ( 22.865)  top5   4.000 (  6.457)	
 | Test: [0][836/1000]    Time 0.556  Data 0.387  top1  18.000 ( 22.859)  top5   6.000 (  6.457)	
 | Test: [0][837/1000]    Time 0.684  Data 0.514  top1  20.000 ( 22.855)  top5   8.000 (  6.459)	
 | Test: [0][838/1000]    Time 0.682  Data 0.510  top1  20.000 ( 22.852)  top5  10.000 (  6.463)	
 | Test: [0][839/1000]    Time 0.583  Data 0.408  top1  20.000 ( 22.849)  top5   2.000 (  6.458)	
 | Test: [0][840/1000]    Time 0.632  Data 0.451  top1  38.000 ( 22.867)  top5   8.000 (  6.460)	
 | Test: [0][841/1000]    Time 0.538  Data 0.368  top1  24.000 ( 22.868)  top5  14.000 (  6.468)	
 | Test: [0][842/1000]    Time 0.654  Data 0.484  top1  22.000 ( 22.867)  top5   8.000 (  6.470)	
 | Test: [0][843/1000]    Time 0.426  Data 0.255  top1  24.000 ( 22.868)  top5   4.000 (  6.467)	
 | Test: [0][844/1000]    Time 0.809  Data 0.639  top1  28.000 ( 22.874)  top5  12.000 (  6.474)	
 | Test: [0][845/1000]    Time 0.310  Data 0.140  top1  22.000 ( 22.873)  top5   8.000 (  6.476)	
 | Test: [0][846/1000]    Time 0.874  Data 0.701  top1  24.000 ( 22.875)  top5   6.000 (  6.475)	
 | Test: [0][847/1000]    Time 0.306  Data 0.133  top1  26.000 ( 22.878)  top5   0.000 (  6.468)	
 | Test: [0][848/1000]    Time 0.890  Data 0.720  top1  22.000 ( 22.877)  top5   8.000 (  6.469)	
 | Test: [0][849/1000]    Time 0.307  Data 0.137  top1  14.000 ( 22.867)  top5   4.000 (  6.466)	
 | Test: [0][850/1000]    Time 1.127  Data 0.958  top1  22.000 ( 22.866)  top5  10.000 (  6.471)	
 | Test: [0][851/1000]    Time 0.171  Data 0.001  top1  20.000 ( 22.863)  top5   6.000 (  6.470)	
 | Test: [0][852/1000]    Time 1.027  Data 0.857  top1  26.000 ( 22.866)  top5   6.000 (  6.469)	
 | Test: [0][853/1000]    Time 0.170  Data 0.001  top1  16.000 ( 22.858)  top5   4.000 (  6.467)	
 | Test: [0][854/1000]    Time 1.113  Data 0.943  top1  32.000 ( 22.869)  top5  10.000 (  6.471)	
 | Test: [0][855/1000]    Time 0.170  Data 0.001  top1  20.000 ( 22.865)  top5   4.000 (  6.468)	
 | Test: [0][856/1000]    Time 1.058  Data 0.888  top1  28.000 ( 22.871)  top5   2.000 (  6.463)	
 | Test: [0][857/1000]    Time 0.170  Data 0.001  top1  32.000 ( 22.882)  top5   4.000 (  6.460)	
 | Test: [0][858/1000]    Time 1.058  Data 0.889  top1  16.000 ( 22.874)  top5   4.000 (  6.457)	
 | Test: [0][859/1000]    Time 0.170  Data 0.001  top1  34.000 ( 22.887)  top5   6.000 (  6.456)	
 | Test: [0][860/1000]    Time 1.152  Data 0.981  top1  30.000 ( 22.895)  top5  12.000 (  6.463)	
 | Test: [0][861/1000]    Time 0.183  Data 0.001  top1  26.000 ( 22.899)  top5   8.000 (  6.465)	
 | Test: [0][862/1000]    Time 0.959  Data 0.789  top1  14.000 ( 22.889)  top5   0.000 (  6.457)	
 | Test: [0][863/1000]    Time 0.189  Data 0.020  top1  32.000 ( 22.899)  top5  14.000 (  6.466)	
 | Test: [0][864/1000]    Time 0.858  Data 0.688  top1  36.000 ( 22.914)  top5  10.000 (  6.470)	
 | Test: [0][865/1000]    Time 0.382  Data 0.212  top1  22.000 ( 22.913)  top5   8.000 (  6.472)	
 | Test: [0][866/1000]    Time 0.771  Data 0.602  top1  28.000 ( 22.919)  top5  12.000 (  6.478)	
 | Test: [0][867/1000]    Time 0.537  Data 0.368  top1  18.000 ( 22.913)  top5   4.000 (  6.475)	
 | Test: [0][868/1000]    Time 0.653  Data 0.475  top1  32.000 ( 22.924)  top5   8.000 (  6.477)	
 | Test: [0][869/1000]    Time 0.595  Data 0.422  top1  16.000 ( 22.916)  top5   4.000 (  6.474)	
 | Test: [0][870/1000]    Time 0.554  Data 0.382  top1  22.000 ( 22.915)  top5   6.000 (  6.474)	
 | Test: [0][871/1000]    Time 0.699  Data 0.529  top1  12.000 ( 22.902)  top5   4.000 (  6.471)	
 | Test: [0][872/1000]    Time 0.540  Data 0.370  top1  26.000 ( 22.906)  top5   8.000 (  6.472)	
 | Test: [0][873/1000]    Time 0.772  Data 0.603  top1  32.000 ( 22.916)  top5  10.000 (  6.477)	
 | Test: [0][874/1000]    Time 0.439  Data 0.269  top1  16.000 ( 22.908)  top5   2.000 (  6.471)	
 | Test: [0][875/1000]    Time 0.770  Data 0.594  top1  32.000 ( 22.919)  top5  10.000 (  6.475)	
 | Test: [0][876/1000]    Time 0.449  Data 0.272  top1  30.000 ( 22.927)  top5   4.000 (  6.473)	
 | Test: [0][877/1000]    Time 0.790  Data 0.599  top1  30.000 ( 22.935)  top5   4.000 (  6.470)	
 | Test: [0][878/1000]    Time 0.386  Data 0.210  top1  10.000 ( 22.920)  top5   4.000 (  6.467)	
 | Test: [0][879/1000]    Time 0.765  Data 0.590  top1  26.000 ( 22.924)  top5   8.000 (  6.469)	
 | Test: [0][880/1000]    Time 0.363  Data 0.194  top1  18.000 ( 22.918)  top5   2.000 (  6.464)	
 | Test: [0][881/1000]    Time 0.851  Data 0.676  top1  20.000 ( 22.915)  top5   4.000 (  6.461)	
 | Test: [0][882/1000]    Time 0.336  Data 0.166  top1  32.000 ( 22.925)  top5   6.000 (  6.460)	
 | Test: [0][883/1000]    Time 0.864  Data 0.694  top1  14.000 ( 22.915)  top5   0.000 (  6.453)	
 | Test: [0][884/1000]    Time 0.338  Data 0.165  top1  22.000 ( 22.914)  top5   6.000 (  6.452)	
 | Test: [0][885/1000]    Time 0.913  Data 0.741  top1  14.000 ( 22.904)  top5   2.000 (  6.447)	
 | Test: [0][886/1000]    Time 0.285  Data 0.115  top1  20.000 ( 22.901)  top5   8.000 (  6.449)	
 | Test: [0][887/1000]    Time 1.255  Data 1.083  top1  24.000 ( 22.902)  top5   6.000 (  6.449)	
 | Test: [0][888/1000]    Time 0.171  Data 0.001  top1  32.000 ( 22.912)  top5  10.000 (  6.453)	
 | Test: [0][889/1000]    Time 1.049  Data 0.879  top1  20.000 ( 22.909)  top5   4.000 (  6.450)	
 | Test: [0][890/1000]    Time 0.171  Data 0.001  top1  18.000 ( 22.903)  top5   6.000 (  6.449)	
 | Test: [0][891/1000]    Time 1.065  Data 0.891  top1  28.000 ( 22.909)  top5  12.000 (  6.456)	
 | Test: [0][892/1000]    Time 0.171  Data 0.001  top1  26.000 ( 22.913)  top5   6.000 (  6.455)	
 | Test: [0][893/1000]    Time 1.012  Data 0.842  top1  20.000 ( 22.909)  top5   8.000 (  6.457)	
 | Test: [0][894/1000]    Time 0.171  Data 0.001  top1  28.000 ( 22.915)  top5   4.000 (  6.454)	
 | Test: [0][895/1000]    Time 0.969  Data 0.799  top1  30.000 ( 22.923)  top5   8.000 (  6.456)	
 | Test: [0][896/1000]    Time 0.233  Data 0.062  top1  24.000 ( 22.924)  top5   6.000 (  6.455)	
 | Test: [0][897/1000]    Time 0.936  Data 0.761  top1  20.000 ( 22.921)  top5   2.000 (  6.450)	
 | Test: [0][898/1000]    Time 0.376  Data 0.206  top1  24.000 ( 22.922)  top5  10.000 (  6.454)	
 | Test: [0][899/1000]    Time 0.809  Data 0.639  top1  40.000 ( 22.941)  top5  18.000 (  6.467)	
 | Test: [0][900/1000]    Time 0.694  Data 0.520  top1  16.000 ( 22.933)  top5   4.000 (  6.464)	
 | Test: [0][901/1000]    Time 0.475  Data 0.302  top1  30.000 ( 22.941)  top5  10.000 (  6.468)	
 | Test: [0][902/1000]    Time 0.725  Data 0.556  top1  20.000 ( 22.938)  top5   4.000 (  6.466)	
 | Test: [0][903/1000]    Time 0.518  Data 0.348  top1  24.000 ( 22.939)  top5   4.000 (  6.463)	
 | Test: [0][904/1000]    Time 0.662  Data 0.493  top1  24.000 ( 22.940)  top5   8.000 (  6.465)	
 | Test: [0][905/1000]    Time 0.653  Data 0.473  top1  20.000 ( 22.937)  top5  10.000 (  6.469)	
 | Test: [0][906/1000]    Time 0.847  Data 0.677  top1  18.000 ( 22.932)  top5   4.000 (  6.466)	
 | Test: [0][907/1000]    Time 0.258  Data 0.088  top1  24.000 ( 22.933)  top5  12.000 (  6.472)	
 | Test: [0][908/1000]    Time 0.950  Data 0.776  top1  18.000 ( 22.927)  top5   6.000 (  6.471)	
 | Test: [0][909/1000]    Time 0.296  Data 0.122  top1  24.000 ( 22.928)  top5   6.000 (  6.471)	
 | Test: [0][910/1000]    Time 0.978  Data 0.799  top1  22.000 ( 22.927)  top5   4.000 (  6.468)	
 | Test: [0][911/1000]    Time 0.330  Data 0.147  top1  16.000 ( 22.920)  top5   2.000 (  6.463)	
 | Test: [0][912/1000]    Time 0.925  Data 0.756  top1  18.000 ( 22.914)  top5   4.000 (  6.461)	
 | Test: [0][913/1000]    Time 0.330  Data 0.160  top1  18.000 ( 22.909)  top5   6.000 (  6.460)	
 | Test: [0][914/1000]    Time 0.887  Data 0.717  top1  20.000 ( 22.906)  top5   4.000 (  6.457)	
 | Test: [0][915/1000]    Time 0.411  Data 0.242  top1  18.000 ( 22.901)  top5   8.000 (  6.459)	
 | Test: [0][916/1000]    Time 0.790  Data 0.620  top1  20.000 ( 22.897)  top5   2.000 (  6.454)	
 | Test: [0][917/1000]    Time 0.413  Data 0.244  top1  12.000 ( 22.885)  top5   4.000 (  6.451)	
 | Test: [0][918/1000]    Time 0.813  Data 0.643  top1  26.000 ( 22.889)  top5   8.000 (  6.453)	
 | Test: [0][919/1000]    Time 0.291  Data 0.121  top1  20.000 ( 22.886)  top5   2.000 (  6.448)	
 | Test: [0][920/1000]    Time 0.959  Data 0.779  top1  12.000 ( 22.874)  top5   4.000 (  6.446)	
 | Test: [0][921/1000]    Time 0.271  Data 0.101  top1  24.000 ( 22.875)  top5  16.000 (  6.456)	
 | Test: [0][922/1000]    Time 0.963  Data 0.793  top1  10.000 ( 22.861)  top5   6.000 (  6.456)	
 | Test: [0][923/1000]    Time 0.324  Data 0.155  top1  12.000 ( 22.849)  top5   2.000 (  6.451)	
 | Test: [0][924/1000]    Time 0.822  Data 0.652  top1  22.000 ( 22.848)  top5   2.000 (  6.446)	
 | Test: [0][925/1000]    Time 0.430  Data 0.260  top1  28.000 ( 22.854)  top5   6.000 (  6.445)	
 | Test: [0][926/1000]    Time 0.738  Data 0.569  top1  26.000 ( 22.857)  top5   6.000 (  6.445)	
 | Test: [0][927/1000]    Time 0.437  Data 0.267  top1  26.000 ( 22.861)  top5   4.000 (  6.442)	
 | Test: [0][928/1000]    Time 0.807  Data 0.638  top1  18.000 ( 22.856)  top5   4.000 (  6.440)	
 | Test: [0][929/1000]    Time 0.543  Data 0.373  top1  18.000 ( 22.850)  top5   4.000 (  6.437)	
 | Test: [0][930/1000]    Time 0.692  Data 0.517  top1  34.000 ( 22.862)  top5   8.000 (  6.439)	
 | Test: [0][931/1000]    Time 0.443  Data 0.273  top1  16.000 ( 22.855)  top5   4.000 (  6.436)	
 | Test: [0][932/1000]    Time 0.814  Data 0.644  top1  20.000 ( 22.852)  top5   4.000 (  6.433)	
 | Test: [0][933/1000]    Time 0.372  Data 0.202  top1  18.000 ( 22.847)  top5   8.000 (  6.435)	
 | Test: [0][934/1000]    Time 1.004  Data 0.834  top1  26.000 ( 22.850)  top5  10.000 (  6.439)	
 | Test: [0][935/1000]    Time 0.177  Data 0.007  top1  10.000 ( 22.836)  top5   2.000 (  6.434)	
 | Test: [0][936/1000]    Time 1.250  Data 1.080  top1  26.000 ( 22.840)  top5   6.000 (  6.434)	
 | Test: [0][937/1000]    Time 0.170  Data 0.001  top1  22.000 ( 22.839)  top5   8.000 (  6.435)	
 | Test: [0][938/1000]    Time 1.052  Data 0.882  top1  24.000 ( 22.840)  top5   8.000 (  6.437)	
 | Test: [0][939/1000]    Time 0.170  Data 0.001  top1  30.000 ( 22.848)  top5   6.000 (  6.437)	
 | Test: [0][940/1000]    Time 1.006  Data 0.821  top1  24.000 ( 22.849)  top5   4.000 (  6.434)	
 | Test: [0][941/1000]    Time 0.170  Data 0.001  top1  16.000 ( 22.842)  top5   8.000 (  6.436)	
 | Test: [0][942/1000]    Time 1.021  Data 0.852  top1  26.000 ( 22.845)  top5  12.000 (  6.442)	
 | Test: [0][943/1000]    Time 0.269  Data 0.099  top1  16.000 ( 22.838)  top5   6.000 (  6.441)	
 | Test: [0][944/1000]    Time 1.131  Data 0.961  top1  14.000 ( 22.828)  top5   2.000 (  6.436)	
 | Test: [0][945/1000]    Time 0.170  Data 0.001  top1  24.000 ( 22.830)  top5  12.000 (  6.442)	
 | Test: [0][946/1000]    Time 1.045  Data 0.869  top1  28.000 ( 22.835)  top5   6.000 (  6.442)	
 | Test: [0][947/1000]    Time 0.170  Data 0.001  top1  20.000 ( 22.832)  top5   2.000 (  6.437)	
 | Test: [0][948/1000]    Time 1.139  Data 0.969  top1  26.000 ( 22.835)  top5   6.000 (  6.437)	
 | Test: [0][949/1000]    Time 0.170  Data 0.001  top1  16.000 ( 22.828)  top5   2.000 (  6.432)	
 | Test: [0][950/1000]    Time 1.142  Data 0.962  top1  34.000 ( 22.840)  top5  12.000 (  6.438)	
 | Test: [0][951/1000]    Time 0.176  Data 0.001  top1  14.000 ( 22.831)  top5   8.000 (  6.440)	
 | Test: [0][952/1000]    Time 1.036  Data 0.866  top1  18.000 ( 22.826)  top5   4.000 (  6.437)	
 | Test: [0][953/1000]    Time 0.170  Data 0.001  top1  22.000 ( 22.825)  top5   4.000 (  6.434)	
 | Test: [0][954/1000]    Time 1.121  Data 0.951  top1  22.000 ( 22.824)  top5  10.000 (  6.438)	
 | Test: [0][955/1000]    Time 0.170  Data 0.001  top1  22.000 ( 22.823)  top5   8.000 (  6.440)	
 | Test: [0][956/1000]    Time 1.099  Data 0.929  top1  26.000 ( 22.826)  top5   8.000 (  6.441)	
 | Test: [0][957/1000]    Time 0.170  Data 0.001  top1  16.000 ( 22.819)  top5   6.000 (  6.441)	
 | Test: [0][958/1000]    Time 1.049  Data 0.879  top1  30.000 ( 22.827)  top5   6.000 (  6.441)	
 | Test: [0][959/1000]    Time 0.170  Data 0.001  top1  34.000 ( 22.838)  top5   8.000 (  6.442)	
 | Test: [0][960/1000]    Time 1.057  Data 0.875  top1  20.000 ( 22.835)  top5   4.000 (  6.440)	
 | Test: [0][961/1000]    Time 0.170  Data 0.000  top1  18.000 ( 22.830)  top5   6.000 (  6.439)	
 | Test: [0][962/1000]    Time 1.015  Data 0.845  top1  22.000 ( 22.830)  top5  10.000 (  6.443)	
 | Test: [0][963/1000]    Time 0.170  Data 0.001  top1  40.000 ( 22.847)  top5  12.000 (  6.449)	
 | Test: [0][964/1000]    Time 1.080  Data 0.893  top1  28.000 ( 22.853)  top5  10.000 (  6.452)	
 | Test: [0][965/1000]    Time 0.170  Data 0.001  top1  30.000 ( 22.860)  top5   8.000 (  6.454)	
 | Test: [0][966/1000]    Time 1.003  Data 0.832  top1  14.000 ( 22.851)  top5   6.000 (  6.453)	
 | Test: [0][967/1000]    Time 0.171  Data 0.001  top1  20.000 ( 22.848)  top5   6.000 (  6.453)	
 | Test: [0][968/1000]    Time 1.034  Data 0.864  top1  22.000 ( 22.847)  top5   4.000 (  6.450)	
 | Test: [0][969/1000]    Time 0.171  Data 0.001  top1  22.000 ( 22.846)  top5   4.000 (  6.448)	
 | Test: [0][970/1000]    Time 1.090  Data 0.920  top1  22.000 ( 22.845)  top5   6.000 (  6.447)	
 | Test: [0][971/1000]    Time 0.171  Data 0.001  top1  20.000 ( 22.842)  top5   4.000 (  6.445)	
 | Test: [0][972/1000]    Time 1.053  Data 0.884  top1  16.000 ( 22.835)  top5   6.000 (  6.444)	
 | Test: [0][973/1000]    Time 0.170  Data 0.001  top1  16.000 ( 22.828)  top5   4.000 (  6.442)	
 | Test: [0][974/1000]    Time 1.053  Data 0.883  top1  28.000 ( 22.834)  top5   8.000 (  6.444)	
 | Test: [0][975/1000]    Time 0.236  Data 0.054  top1  32.000 ( 22.843)  top5  12.000 (  6.449)	
 | Test: [0][976/1000]    Time 1.027  Data 0.842  top1  28.000 ( 22.848)  top5  12.000 (  6.455)	
 | Test: [0][977/1000]    Time 0.185  Data 0.015  top1  20.000 ( 22.845)  top5   6.000 (  6.454)	
 | Test: [0][978/1000]    Time 1.062  Data 0.892  top1  26.000 ( 22.849)  top5  12.000 (  6.460)	
 | Test: [0][979/1000]    Time 0.213  Data 0.035  top1  28.000 ( 22.854)  top5   4.000 (  6.458)	
 | Test: [0][980/1000]    Time 1.202  Data 1.021  top1  22.000 ( 22.853)  top5   4.000 (  6.455)	
 | Test: [0][981/1000]    Time 0.170  Data 0.001  top1  22.000 ( 22.852)  top5   6.000 (  6.455)	
 | Test: [0][982/1000]    Time 1.049  Data 0.879  top1  24.000 ( 22.853)  top5   4.000 (  6.452)	
 | Test: [0][983/1000]    Time 0.179  Data 0.001  top1  18.000 ( 22.848)  top5   8.000 (  6.454)	
 | Test: [0][984/1000]    Time 1.077  Data 0.898  top1  24.000 ( 22.850)  top5   2.000 (  6.449)	
 | Test: [0][985/1000]    Time 0.240  Data 0.064  top1  28.000 ( 22.855)  top5  10.000 (  6.453)	
 | Test: [0][986/1000]    Time 0.997  Data 0.827  top1  18.000 ( 22.850)  top5  10.000 (  6.456)	
 | Test: [0][987/1000]    Time 0.198  Data 0.027  top1  16.000 ( 22.843)  top5   2.000 (  6.452)	
 | Test: [0][988/1000]    Time 1.036  Data 0.855  top1  28.000 ( 22.848)  top5  12.000 (  6.457)	
 | Test: [0][989/1000]    Time 0.279  Data 0.109  top1  22.000 ( 22.847)  top5   0.000 (  6.451)	
 | Test: [0][990/1000]    Time 0.898  Data 0.728  top1  22.000 ( 22.846)  top5   6.000 (  6.451)	
 | Test: [0][991/1000]    Time 0.385  Data 0.210  top1  22.000 ( 22.846)  top5   6.000 (  6.450)	
 | Test: [0][992/1000]    Time 0.775  Data 0.600  top1  36.000 ( 22.859)  top5  14.000 (  6.458)	
 | Test: [0][993/1000]    Time 0.502  Data 0.324  top1  34.000 ( 22.870)  top5  14.000 (  6.465)	
 | Test: [0][994/1000]    Time 0.688  Data 0.517  top1  34.000 ( 22.881)  top5   2.000 (  6.461)	
 | Test: [0][995/1000]    Time 0.543  Data 0.369  top1  32.000 ( 22.890)  top5   6.000 (  6.460)	
 | Test: [0][996/1000]    Time 0.820  Data 0.650  top1  24.000 ( 22.892)  top5   2.000 (  6.456)	
 | Test: [0][997/1000]    Time 0.427  Data 0.247  top1  22.000 ( 22.891)  top5  12.000 (  6.461)	
 | Test: [0][998/1000]    Time 0.970  Data 0.800  top1  28.000 ( 22.896)  top5  10.000 (  6.465)	
 | Test: [0][999/1000]    Time 0.378  Data 0.209  top1  26.000 ( 22.899)  top5   8.000 (  6.466)	
 | Test: [0][1000/1000]    Time 0.913  Data 0.743  top1  14.000 ( 22.890)  top5  12.000 (  6.472)	
 * Finished epoch # 0     top1:  22.890  top5:   6.472
	
 * Results top1: 22.890  top5:  6.472	
