Loading model from file: /cnn/models/dsd/release/ResNet18/resnet18_dsd.t7	
 | Test: [0][1/1000]    Time 2.525  Data 1.138  top1  20.000 ( 20.000)  top5  10.000 ( 10.000)	
 | Test: [0][2/1000]    Time 0.066  Data 0.002  top1  22.000 ( 21.000)  top5   4.000 (  7.000)	
 | Test: [0][3/1000]    Time 0.064  Data 0.001  top1  18.000 ( 20.000)  top5   8.000 (  7.333)	
 | Test: [0][4/1000]    Time 0.064  Data 0.000  top1  24.000 ( 21.000)  top5   6.000 (  7.000)	
 | Test: [0][5/1000]    Time 1.085  Data 1.021  top1  22.000 ( 21.200)  top5   6.000 (  6.800)	
 | Test: [0][6/1000]    Time 0.064  Data 0.001  top1  26.000 ( 22.000)  top5  12.000 (  7.667)	
 | Test: [0][7/1000]    Time 1.159  Data 1.096  top1  20.000 ( 21.714)  top5   4.000 (  7.143)	
 | Test: [0][8/1000]    Time 0.064  Data 0.001  top1  26.000 ( 22.250)  top5   6.000 (  7.000)	
 | Test: [0][9/1000]    Time 1.097  Data 1.033  top1  32.000 ( 23.333)  top5   8.000 (  7.111)	
 | Test: [0][10/1000]    Time 0.065  Data 0.001  top1  34.000 ( 24.400)  top5  14.000 (  7.800)	
 | Test: [0][11/1000]    Time 1.112  Data 1.048  top1  34.000 ( 25.273)  top5  12.000 (  8.182)	
 | Test: [0][12/1000]    Time 0.066  Data 0.003  top1  30.000 ( 25.667)  top5  22.000 (  9.333)	
 | Test: [0][13/1000]    Time 1.094  Data 1.030  top1  32.000 ( 26.154)  top5  14.000 (  9.692)	
 | Test: [0][14/1000]    Time 0.108  Data 0.044  top1  30.000 ( 26.429)  top5  12.000 (  9.857)	
 | Test: [0][15/1000]    Time 1.135  Data 1.066  top1  34.000 ( 26.933)  top5  10.000 (  9.867)	
 | Test: [0][16/1000]    Time 0.085  Data 0.021  top1  32.000 ( 27.250)  top5   8.000 (  9.750)	
 | Test: [0][17/1000]    Time 1.175  Data 1.112  top1  34.000 ( 27.647)  top5  12.000 (  9.882)	
 | Test: [0][18/1000]    Time 0.082  Data 0.018  top1  30.000 ( 27.778)  top5  16.000 ( 10.222)	
 | Test: [0][19/1000]    Time 1.096  Data 1.032  top1  34.000 ( 28.105)  top5  14.000 ( 10.421)	
 | Test: [0][20/1000]    Time 0.171  Data 0.108  top1  38.000 ( 28.600)  top5  10.000 ( 10.400)	
 | Test: [0][21/1000]    Time 0.997  Data 0.933  top1  42.000 ( 29.238)  top5  24.000 ( 11.048)	
 | Test: [0][22/1000]    Time 0.466  Data 0.400  top1  24.000 ( 29.000)  top5   8.000 ( 10.909)	
 | Test: [0][23/1000]    Time 0.822  Data 0.751  top1  22.000 ( 28.696)  top5   8.000 ( 10.783)	
 | Test: [0][24/1000]    Time 0.328  Data 0.260  top1  20.000 ( 28.333)  top5   8.000 ( 10.667)	
 | Test: [0][25/1000]    Time 0.934  Data 0.866  top1  28.000 ( 28.320)  top5   8.000 ( 10.560)	
 | Test: [0][26/1000]    Time 0.353  Data 0.285  top1  32.000 ( 28.462)  top5   6.000 ( 10.385)	
 | Test: [0][27/1000]    Time 0.931  Data 0.857  top1  32.000 ( 28.593)  top5  12.000 ( 10.444)	
 | Test: [0][28/1000]    Time 0.174  Data 0.106  top1  28.000 ( 28.571)  top5   8.000 ( 10.357)	
 | Test: [0][29/1000]    Time 0.953  Data 0.885  top1  30.000 ( 28.621)  top5  10.000 ( 10.345)	
 | Test: [0][30/1000]    Time 0.264  Data 0.195  top1  20.000 ( 28.333)  top5   4.000 ( 10.133)	
 | Test: [0][31/1000]    Time 0.853  Data 0.785  top1  36.000 ( 28.581)  top5  14.000 ( 10.258)	
 | Test: [0][32/1000]    Time 0.317  Data 0.249  top1  24.000 ( 28.438)  top5   6.000 ( 10.125)	
 | Test: [0][33/1000]    Time 0.865  Data 0.798  top1  36.000 ( 28.667)  top5  12.000 ( 10.182)	
 | Test: [0][34/1000]    Time 0.260  Data 0.192  top1  32.000 ( 28.765)  top5  14.000 ( 10.294)	
 | Test: [0][35/1000]    Time 0.907  Data 0.832  top1  34.000 ( 28.914)  top5  10.000 ( 10.286)	
 | Test: [0][36/1000]    Time 0.287  Data 0.220  top1  18.000 ( 28.611)  top5   8.000 ( 10.222)	
 | Test: [0][37/1000]    Time 0.802  Data 0.734  top1  28.000 ( 28.595)  top5  16.000 ( 10.378)	
 | Test: [0][38/1000]    Time 0.351  Data 0.283  top1  22.000 ( 28.421)  top5   8.000 ( 10.316)	
 | Test: [0][39/1000]    Time 0.797  Data 0.729  top1  40.000 ( 28.718)  top5  10.000 ( 10.308)	
 | Test: [0][40/1000]    Time 0.334  Data 0.266  top1  26.000 ( 28.650)  top5   8.000 ( 10.250)	
 | Test: [0][41/1000]    Time 0.818  Data 0.750  top1  30.000 ( 28.683)  top5  14.000 ( 10.341)	
 | Test: [0][42/1000]    Time 0.589  Data 0.521  top1  32.000 ( 28.762)  top5   4.000 ( 10.190)	
 | Test: [0][43/1000]    Time 0.650  Data 0.582  top1  24.000 ( 28.651)  top5   6.000 ( 10.093)	
 | Test: [0][44/1000]    Time 0.527  Data 0.459  top1  30.000 ( 28.682)  top5   2.000 (  9.909)	
 | Test: [0][45/1000]    Time 0.645  Data 0.577  top1  26.000 ( 28.622)  top5  10.000 (  9.911)	
 | Test: [0][46/1000]    Time 0.608  Data 0.540  top1  16.000 ( 28.348)  top5   8.000 (  9.870)	
 | Test: [0][47/1000]    Time 0.448  Data 0.374  top1  18.000 ( 28.128)  top5   4.000 (  9.745)	
 | Test: [0][48/1000]    Time 0.782  Data 0.714  top1  28.000 ( 28.125)  top5  18.000 (  9.917)	
 | Test: [0][49/1000]    Time 0.273  Data 0.206  top1  26.000 ( 28.082)  top5   6.000 (  9.837)	
 | Test: [0][50/1000]    Time 0.951  Data 0.883  top1  30.000 ( 28.120)  top5  12.000 (  9.880)	
 | Test: [0][51/1000]    Time 0.320  Data 0.252  top1  36.000 ( 28.275)  top5  20.000 ( 10.078)	
 | Test: [0][52/1000]    Time 0.922  Data 0.854  top1  20.000 ( 28.115)  top5   8.000 ( 10.038)	
 | Test: [0][53/1000]    Time 0.151  Data 0.083  top1  30.000 ( 28.151)  top5  12.000 ( 10.075)	
 | Test: [0][54/1000]    Time 1.018  Data 0.950  top1  30.000 ( 28.185)  top5   8.000 ( 10.037)	
 | Test: [0][55/1000]    Time 0.081  Data 0.013  top1  34.000 ( 28.291)  top5  10.000 ( 10.036)	
 | Test: [0][56/1000]    Time 1.158  Data 1.094  top1  22.000 ( 28.179)  top5   8.000 ( 10.000)	
 | Test: [0][57/1000]    Time 0.123  Data 0.055  top1  34.000 ( 28.281)  top5   8.000 (  9.965)	
 | Test: [0][58/1000]    Time 1.058  Data 0.993  top1  22.000 ( 28.172)  top5   8.000 (  9.931)	
 | Test: [0][59/1000]    Time 0.067  Data 0.003  top1  32.000 ( 28.237)  top5   6.000 (  9.864)	
 | Test: [0][60/1000]    Time 1.149  Data 1.084  top1  30.000 ( 28.267)  top5  14.000 (  9.933)	
 | Test: [0][61/1000]    Time 0.065  Data 0.001  top1  28.000 ( 28.262)  top5  12.000 (  9.967)	
 | Test: [0][62/1000]    Time 1.133  Data 1.068  top1  18.000 ( 28.097)  top5   8.000 (  9.935)	
 | Test: [0][63/1000]    Time 0.065  Data 0.001  top1  30.000 ( 28.127)  top5  10.000 (  9.937)	
 | Test: [0][64/1000]    Time 1.056  Data 0.992  top1  32.000 ( 28.188)  top5  16.000 ( 10.031)	
 | Test: [0][65/1000]    Time 0.064  Data 0.001  top1  34.000 ( 28.277)  top5  10.000 ( 10.031)	
 | Test: [0][66/1000]    Time 1.124  Data 1.061  top1  26.000 ( 28.242)  top5  12.000 ( 10.061)	
 | Test: [0][67/1000]    Time 0.064  Data 0.001  top1  24.000 ( 28.179)  top5   8.000 ( 10.030)	
 | Test: [0][68/1000]    Time 1.032  Data 0.968  top1  32.000 ( 28.235)  top5   8.000 ( 10.000)	
 | Test: [0][69/1000]    Time 0.117  Data 0.054  top1  28.000 ( 28.232)  top5   8.000 (  9.971)	
 | Test: [0][70/1000]    Time 0.989  Data 0.925  top1  30.000 ( 28.257)  top5  12.000 ( 10.000)	
 | Test: [0][71/1000]    Time 0.119  Data 0.055  top1  16.000 ( 28.085)  top5   4.000 (  9.915)	
 | Test: [0][72/1000]    Time 1.135  Data 1.071  top1  32.000 ( 28.139)  top5  12.000 (  9.944)	
 | Test: [0][73/1000]    Time 0.065  Data 0.001  top1  34.000 ( 28.219)  top5  12.000 (  9.973)	
 | Test: [0][74/1000]    Time 1.073  Data 1.009  top1  26.000 ( 28.189)  top5   8.000 (  9.946)	
 | Test: [0][75/1000]    Time 0.251  Data 0.188  top1  32.000 ( 28.240)  top5  12.000 (  9.973)	
 | Test: [0][76/1000]    Time 1.034  Data 0.970  top1  36.000 ( 28.342)  top5   8.000 (  9.947)	
 | Test: [0][77/1000]    Time 0.099  Data 0.036  top1  28.000 ( 28.338)  top5  10.000 (  9.948)	
 | Test: [0][78/1000]    Time 1.071  Data 1.007  top1  32.000 ( 28.385)  top5  14.000 ( 10.000)	
 | Test: [0][79/1000]    Time 0.124  Data 0.060  top1  28.000 ( 28.380)  top5  12.000 ( 10.025)	
 | Test: [0][80/1000]    Time 1.177  Data 1.114  top1  20.000 ( 28.275)  top5   6.000 (  9.975)	
 | Test: [0][81/1000]    Time 0.064  Data 0.000  top1  24.000 ( 28.222)  top5   8.000 (  9.951)	
 | Test: [0][82/1000]    Time 1.157  Data 1.093  top1  30.000 ( 28.244)  top5  14.000 ( 10.000)	
 | Test: [0][83/1000]    Time 0.064  Data 0.001  top1  26.000 ( 28.217)  top5  10.000 ( 10.000)	
 | Test: [0][84/1000]    Time 1.090  Data 1.027  top1  22.000 ( 28.143)  top5   6.000 (  9.952)	
 | Test: [0][85/1000]    Time 0.065  Data 0.000  top1  30.000 ( 28.165)  top5  12.000 (  9.976)	
 | Test: [0][86/1000]    Time 1.242  Data 1.179  top1  34.000 ( 28.233)  top5  10.000 (  9.977)	
 | Test: [0][87/1000]    Time 0.064  Data 0.001  top1  30.000 ( 28.253)  top5   6.000 (  9.931)	
 | Test: [0][88/1000]    Time 1.145  Data 1.082  top1  10.000 ( 28.045)  top5   6.000 (  9.886)	
 | Test: [0][89/1000]    Time 0.064  Data 0.001  top1  30.000 ( 28.067)  top5  16.000 (  9.955)	
 | Test: [0][90/1000]    Time 1.175  Data 1.111  top1  30.000 ( 28.089)  top5  16.000 ( 10.022)	
 | Test: [0][91/1000]    Time 0.215  Data 0.152  top1  32.000 ( 28.132)  top5   4.000 (  9.956)	
 | Test: [0][92/1000]    Time 1.036  Data 0.967  top1  26.000 ( 28.109)  top5   8.000 (  9.935)	
 | Test: [0][93/1000]    Time 0.178  Data 0.114  top1  30.000 ( 28.129)  top5   8.000 (  9.914)	
 | Test: [0][94/1000]    Time 1.045  Data 0.982  top1  22.000 ( 28.064)  top5   8.000 (  9.894)	
 | Test: [0][95/1000]    Time 0.188  Data 0.124  top1  38.000 ( 28.168)  top5   8.000 (  9.874)	
 | Test: [0][96/1000]    Time 1.075  Data 1.007  top1  24.000 ( 28.125)  top5  18.000 (  9.958)	
 | Test: [0][97/1000]    Time 0.331  Data 0.261  top1  32.000 ( 28.165)  top5   8.000 (  9.938)	
 | Test: [0][98/1000]    Time 0.885  Data 0.817  top1  28.000 ( 28.163)  top5  16.000 ( 10.000)	
 | Test: [0][99/1000]    Time 0.355  Data 0.288  top1  32.000 ( 28.202)  top5   8.000 (  9.980)	
 | Test: [0][100/1000]    Time 0.828  Data 0.758  top1  24.000 ( 28.160)  top5   6.000 (  9.940)	
 | Test: [0][101/1000]    Time 0.416  Data 0.346  top1  24.000 ( 28.119)  top5   8.000 (  9.921)	
 | Test: [0][102/1000]    Time 0.776  Data 0.708  top1  24.000 ( 28.078)  top5   6.000 (  9.882)	
 | Test: [0][103/1000]    Time 0.472  Data 0.404  top1  36.000 ( 28.155)  top5  16.000 (  9.942)	
 | Test: [0][104/1000]    Time 0.699  Data 0.630  top1  24.000 ( 28.115)  top5  10.000 (  9.942)	
 | Test: [0][105/1000]    Time 0.498  Data 0.431  top1  30.000 ( 28.133)  top5   6.000 (  9.905)	
 | Test: [0][106/1000]    Time 0.677  Data 0.608  top1  30.000 ( 28.151)  top5  12.000 (  9.925)	
 | Test: [0][107/1000]    Time 0.517  Data 0.450  top1  26.000 ( 28.131)  top5   8.000 (  9.907)	
 | Test: [0][108/1000]    Time 0.679  Data 0.604  top1  30.000 ( 28.148)  top5   6.000 (  9.870)	
 | Test: [0][109/1000]    Time 0.552  Data 0.484  top1  28.000 ( 28.147)  top5  14.000 (  9.908)	
 | Test: [0][110/1000]    Time 0.558  Data 0.490  top1  24.000 ( 28.109)  top5   8.000 (  9.891)	
 | Test: [0][111/1000]    Time 0.610  Data 0.542  top1  22.000 ( 28.054)  top5   6.000 (  9.856)	
 | Test: [0][112/1000]    Time 0.554  Data 0.486  top1  38.000 ( 28.143)  top5  18.000 (  9.929)	
 | Test: [0][113/1000]    Time 0.579  Data 0.512  top1  28.000 ( 28.142)  top5  10.000 (  9.929)	
 | Test: [0][114/1000]    Time 0.647  Data 0.576  top1  22.000 ( 28.088)  top5   8.000 (  9.912)	
 | Test: [0][115/1000]    Time 0.519  Data 0.451  top1  26.000 ( 28.070)  top5   8.000 (  9.896)	
 | Test: [0][116/1000]    Time 0.656  Data 0.588  top1  28.000 ( 28.069)  top5  10.000 (  9.897)	
 | Test: [0][117/1000]    Time 0.549  Data 0.481  top1  36.000 ( 28.137)  top5   6.000 (  9.863)	
 | Test: [0][118/1000]    Time 0.657  Data 0.589  top1  30.000 ( 28.153)  top5   6.000 (  9.831)	
 | Test: [0][119/1000]    Time 0.492  Data 0.424  top1  30.000 ( 28.168)  top5  16.000 (  9.882)	
 | Test: [0][120/1000]    Time 0.857  Data 0.783  top1  22.000 ( 28.117)  top5  10.000 (  9.883)	
 | Test: [0][121/1000]    Time 0.611  Data 0.544  top1  28.000 ( 28.116)  top5   8.000 (  9.868)	
 | Test: [0][122/1000]    Time 0.505  Data 0.437  top1  22.000 ( 28.066)  top5  16.000 (  9.918)	
 | Test: [0][123/1000]    Time 0.608  Data 0.539  top1  34.000 ( 28.114)  top5  12.000 (  9.935)	
 | Test: [0][124/1000]    Time 0.726  Data 0.658  top1  38.000 ( 28.194)  top5  16.000 (  9.984)	
 | Test: [0][125/1000]    Time 0.498  Data 0.430  top1  20.000 ( 28.128)  top5   0.000 (  9.904)	
 | Test: [0][126/1000]    Time 0.724  Data 0.656  top1  38.000 ( 28.206)  top5  10.000 (  9.905)	
 | Test: [0][127/1000]    Time 0.487  Data 0.419  top1  22.000 ( 28.157)  top5   8.000 (  9.890)	
 | Test: [0][128/1000]    Time 0.712  Data 0.644  top1  22.000 ( 28.109)  top5   4.000 (  9.844)	
 | Test: [0][129/1000]    Time 0.569  Data 0.502  top1  36.000 ( 28.171)  top5   4.000 (  9.798)	
 | Test: [0][130/1000]    Time 0.683  Data 0.615  top1  34.000 ( 28.215)  top5  12.000 (  9.815)	
 | Test: [0][131/1000]    Time 0.622  Data 0.554  top1  28.000 ( 28.214)  top5   8.000 (  9.802)	
 | Test: [0][132/1000]    Time 0.557  Data 0.489  top1  24.000 ( 28.182)  top5   4.000 (  9.758)	
 | Test: [0][133/1000]    Time 0.628  Data 0.560  top1  32.000 ( 28.211)  top5   6.000 (  9.729)	
 | Test: [0][134/1000]    Time 0.581  Data 0.513  top1  26.000 ( 28.194)  top5   6.000 (  9.701)	
 | Test: [0][135/1000]    Time 0.596  Data 0.529  top1  32.000 ( 28.222)  top5   8.000 (  9.689)	
 | Test: [0][136/1000]    Time 0.636  Data 0.569  top1  28.000 ( 28.221)  top5   6.000 (  9.662)	
 | Test: [0][137/1000]    Time 0.521  Data 0.453  top1  28.000 ( 28.219)  top5  14.000 (  9.693)	
 | Test: [0][138/1000]    Time 0.690  Data 0.621  top1  26.000 ( 28.203)  top5   8.000 (  9.681)	
 | Test: [0][139/1000]    Time 0.505  Data 0.437  top1  30.000 ( 28.216)  top5  12.000 (  9.698)	
 | Test: [0][140/1000]    Time 0.662  Data 0.590  top1  28.000 ( 28.214)  top5  10.000 (  9.700)	
 | Test: [0][141/1000]    Time 0.550  Data 0.477  top1  38.000 ( 28.284)  top5  14.000 (  9.730)	
 | Test: [0][142/1000]    Time 0.665  Data 0.597  top1  28.000 ( 28.282)  top5  12.000 (  9.746)	
 | Test: [0][143/1000]    Time 0.617  Data 0.549  top1  32.000 ( 28.308)  top5   4.000 (  9.706)	
 | Test: [0][144/1000]    Time 0.631  Data 0.563  top1  28.000 ( 28.306)  top5   8.000 (  9.694)	
 | Test: [0][145/1000]    Time 0.701  Data 0.633  top1  24.000 ( 28.276)  top5   4.000 (  9.655)	
 | Test: [0][146/1000]    Time 0.506  Data 0.432  top1  36.000 ( 28.329)  top5  18.000 (  9.712)	
 | Test: [0][147/1000]    Time 0.918  Data 0.850  top1  24.000 ( 28.299)  top5  10.000 (  9.714)	
 | Test: [0][148/1000]    Time 0.296  Data 0.228  top1  40.000 ( 28.378)  top5  16.000 (  9.757)	
 | Test: [0][149/1000]    Time 0.872  Data 0.804  top1  26.000 ( 28.362)  top5   6.000 (  9.732)	
 | Test: [0][150/1000]    Time 0.303  Data 0.235  top1  38.000 ( 28.427)  top5  14.000 (  9.760)	
 | Test: [0][151/1000]    Time 0.854  Data 0.786  top1  30.000 ( 28.437)  top5  12.000 (  9.775)	
 | Test: [0][152/1000]    Time 0.352  Data 0.281  top1  26.000 ( 28.421)  top5  12.000 (  9.789)	
 | Test: [0][153/1000]    Time 0.863  Data 0.794  top1  26.000 ( 28.405)  top5   6.000 (  9.765)	
 | Test: [0][154/1000]    Time 0.355  Data 0.286  top1  34.000 ( 28.442)  top5  16.000 (  9.805)	
 | Test: [0][155/1000]    Time 0.838  Data 0.760  top1  30.000 ( 28.452)  top5  14.000 (  9.832)	
 | Test: [0][156/1000]    Time 0.386  Data 0.319  top1  36.000 ( 28.500)  top5  14.000 (  9.859)	
 | Test: [0][157/1000]    Time 0.774  Data 0.704  top1  26.000 ( 28.484)  top5  12.000 (  9.873)	
 | Test: [0][158/1000]    Time 0.405  Data 0.337  top1  38.000 ( 28.544)  top5  16.000 (  9.911)	
 | Test: [0][159/1000]    Time 0.795  Data 0.727  top1  16.000 ( 28.465)  top5   4.000 (  9.874)	
 | Test: [0][160/1000]    Time 0.409  Data 0.334  top1  26.000 ( 28.450)  top5  10.000 (  9.875)	
 | Test: [0][161/1000]    Time 0.805  Data 0.737  top1  28.000 ( 28.447)  top5   6.000 (  9.851)	
 | Test: [0][162/1000]    Time 0.323  Data 0.256  top1  34.000 ( 28.481)  top5  18.000 (  9.901)	
 | Test: [0][163/1000]    Time 0.914  Data 0.846  top1  36.000 ( 28.528)  top5  14.000 (  9.926)	
 | Test: [0][164/1000]    Time 0.332  Data 0.264  top1  26.000 ( 28.512)  top5   6.000 (  9.902)	
 | Test: [0][165/1000]    Time 0.924  Data 0.857  top1  24.000 ( 28.485)  top5   8.000 (  9.891)	
 | Test: [0][166/1000]    Time 0.328  Data 0.260  top1  34.000 ( 28.518)  top5  12.000 (  9.904)	
 | Test: [0][167/1000]    Time 0.874  Data 0.806  top1  38.000 ( 28.575)  top5  16.000 (  9.940)	
 | Test: [0][168/1000]    Time 0.429  Data 0.361  top1  28.000 ( 28.571)  top5  18.000 (  9.988)	
 | Test: [0][169/1000]    Time 0.946  Data 0.878  top1  34.000 ( 28.604)  top5   6.000 (  9.964)	
 | Test: [0][170/1000]    Time 0.372  Data 0.304  top1  12.000 ( 28.506)  top5   4.000 (  9.929)	
 | Test: [0][171/1000]    Time 0.767  Data 0.690  top1  16.000 ( 28.433)  top5   8.000 (  9.918)	
 | Test: [0][172/1000]    Time 0.409  Data 0.341  top1  34.000 ( 28.465)  top5  12.000 (  9.930)	
 | Test: [0][173/1000]    Time 0.707  Data 0.638  top1  28.000 ( 28.462)  top5   8.000 (  9.919)	
 | Test: [0][174/1000]    Time 0.553  Data 0.485  top1  20.000 ( 28.414)  top5  10.000 (  9.920)	
 | Test: [0][175/1000]    Time 0.702  Data 0.632  top1  24.000 ( 28.389)  top5  10.000 (  9.920)	
 | Test: [0][176/1000]    Time 0.528  Data 0.460  top1  30.000 ( 28.398)  top5  14.000 (  9.943)	
 | Test: [0][177/1000]    Time 0.689  Data 0.621  top1  20.000 ( 28.350)  top5   4.000 (  9.910)	
 | Test: [0][178/1000]    Time 0.557  Data 0.489  top1  22.000 ( 28.315)  top5   4.000 (  9.876)	
 | Test: [0][179/1000]    Time 0.735  Data 0.667  top1  28.000 ( 28.313)  top5  14.000 (  9.899)	
 | Test: [0][180/1000]    Time 0.442  Data 0.374  top1  40.000 ( 28.378)  top5  18.000 (  9.944)	
 | Test: [0][181/1000]    Time 0.762  Data 0.694  top1  36.000 ( 28.420)  top5  12.000 (  9.956)	
 | Test: [0][182/1000]    Time 0.506  Data 0.439  top1  34.000 ( 28.451)  top5  14.000 (  9.978)	
 | Test: [0][183/1000]    Time 0.741  Data 0.671  top1  34.000 ( 28.481)  top5  16.000 ( 10.011)	
 | Test: [0][184/1000]    Time 0.457  Data 0.389  top1  34.000 ( 28.511)  top5  10.000 ( 10.011)	
 | Test: [0][185/1000]    Time 0.713  Data 0.644  top1  36.000 ( 28.551)  top5  12.000 ( 10.022)	
 | Test: [0][186/1000]    Time 0.496  Data 0.428  top1  40.000 ( 28.613)  top5  16.000 ( 10.054)	
 | Test: [0][187/1000]    Time 0.777  Data 0.701  top1  20.000 ( 28.567)  top5   8.000 ( 10.043)	
 | Test: [0][188/1000]    Time 0.401  Data 0.330  top1  32.000 ( 28.585)  top5   6.000 ( 10.021)	
 | Test: [0][189/1000]    Time 0.808  Data 0.739  top1  32.000 ( 28.603)  top5   8.000 ( 10.011)	
 | Test: [0][190/1000]    Time 0.423  Data 0.352  top1  28.000 ( 28.600)  top5   8.000 ( 10.000)	
 | Test: [0][191/1000]    Time 0.752  Data 0.671  top1  24.000 ( 28.576)  top5   6.000 (  9.979)	
 | Test: [0][192/1000]    Time 0.457  Data 0.388  top1  28.000 ( 28.573)  top5  10.000 (  9.979)	
 | Test: [0][193/1000]    Time 0.695  Data 0.627  top1  34.000 ( 28.601)  top5  14.000 ( 10.000)	
 | Test: [0][194/1000]    Time 0.520  Data 0.452  top1  38.000 ( 28.649)  top5  16.000 ( 10.031)	
 | Test: [0][195/1000]    Time 0.638  Data 0.571  top1  28.000 ( 28.646)  top5  12.000 ( 10.041)	
 | Test: [0][196/1000]    Time 0.541  Data 0.473  top1  22.000 ( 28.612)  top5  12.000 ( 10.051)	
 | Test: [0][197/1000]    Time 0.795  Data 0.727  top1  32.000 ( 28.629)  top5  10.000 ( 10.051)	
 | Test: [0][198/1000]    Time 0.364  Data 0.296  top1  28.000 ( 28.626)  top5  14.000 ( 10.071)	
 | Test: [0][199/1000]    Time 0.869  Data 0.800  top1  36.000 ( 28.663)  top5  12.000 ( 10.080)	
 | Test: [0][200/1000]    Time 0.312  Data 0.249  top1  30.000 ( 28.670)  top5   8.000 ( 10.070)	
 | Test: [0][201/1000]    Time 0.970  Data 0.902  top1  30.000 ( 28.677)  top5   8.000 ( 10.060)	
 | Test: [0][202/1000]    Time 0.231  Data 0.163  top1  30.000 ( 28.683)  top5  14.000 ( 10.079)	
 | Test: [0][203/1000]    Time 0.959  Data 0.884  top1  32.000 ( 28.700)  top5   4.000 ( 10.049)	
 | Test: [0][204/1000]    Time 0.292  Data 0.223  top1  28.000 ( 28.696)  top5   6.000 ( 10.029)	
 | Test: [0][205/1000]    Time 1.061  Data 0.993  top1  34.000 ( 28.722)  top5   8.000 ( 10.020)	
 | Test: [0][206/1000]    Time 0.161  Data 0.093  top1  34.000 ( 28.748)  top5   6.000 ( 10.000)	
 | Test: [0][207/1000]    Time 1.019  Data 0.950  top1  24.000 ( 28.725)  top5   8.000 (  9.990)	
 | Test: [0][208/1000]    Time 0.190  Data 0.122  top1  28.000 ( 28.721)  top5   6.000 (  9.971)	
 | Test: [0][209/1000]    Time 1.032  Data 0.965  top1  34.000 ( 28.746)  top5  16.000 ( 10.000)	
 | Test: [0][210/1000]    Time 0.218  Data 0.150  top1  24.000 ( 28.724)  top5  12.000 ( 10.010)	
 | Test: [0][211/1000]    Time 1.061  Data 0.993  top1  22.000 ( 28.692)  top5   8.000 ( 10.000)	
 | Test: [0][212/1000]    Time 0.163  Data 0.095  top1  32.000 ( 28.708)  top5   6.000 (  9.981)	
 | Test: [0][213/1000]    Time 1.290  Data 1.221  top1  22.000 ( 28.676)  top5  12.000 (  9.991)	
 | Test: [0][214/1000]    Time 0.069  Data 0.001  top1  24.000 ( 28.654)  top5  10.000 (  9.991)	
 | Test: [0][215/1000]    Time 1.116  Data 1.042  top1  28.000 ( 28.651)  top5  12.000 ( 10.000)	
 | Test: [0][216/1000]    Time 0.156  Data 0.088  top1  38.000 ( 28.694)  top5  14.000 ( 10.019)	
 | Test: [0][217/1000]    Time 1.101  Data 1.034  top1  24.000 ( 28.673)  top5   2.000 (  9.982)	
 | Test: [0][218/1000]    Time 0.289  Data 0.221  top1  38.000 ( 28.716)  top5  26.000 ( 10.055)	
 | Test: [0][219/1000]    Time 0.895  Data 0.828  top1  32.000 ( 28.731)  top5  18.000 ( 10.091)	
 | Test: [0][220/1000]    Time 0.338  Data 0.269  top1  32.000 ( 28.745)  top5  12.000 ( 10.100)	
 | Test: [0][221/1000]    Time 0.828  Data 0.759  top1  28.000 ( 28.742)  top5  12.000 ( 10.109)	
 | Test: [0][222/1000]    Time 0.379  Data 0.309  top1  30.000 ( 28.748)  top5  20.000 ( 10.153)	
 | Test: [0][223/1000]    Time 0.994  Data 0.926  top1  40.000 ( 28.798)  top5  24.000 ( 10.215)	
 | Test: [0][224/1000]    Time 0.258  Data 0.190  top1  26.000 ( 28.786)  top5   4.000 ( 10.188)	
 | Test: [0][225/1000]    Time 1.110  Data 1.040  top1  36.000 ( 28.818)  top5  10.000 ( 10.187)	
 | Test: [0][226/1000]    Time 0.115  Data 0.047  top1  26.000 ( 28.805)  top5  18.000 ( 10.221)	
 | Test: [0][227/1000]    Time 1.127  Data 1.050  top1  18.000 ( 28.758)  top5   8.000 ( 10.211)	
 | Test: [0][228/1000]    Time 0.100  Data 0.033  top1  26.000 ( 28.746)  top5  12.000 ( 10.219)	
 | Test: [0][229/1000]    Time 1.131  Data 1.067  top1  24.000 ( 28.725)  top5   8.000 ( 10.210)	
 | Test: [0][230/1000]    Time 0.065  Data 0.001  top1  48.000 ( 28.809)  top5  20.000 ( 10.252)	
 | Test: [0][231/1000]    Time 1.131  Data 1.067  top1  32.000 ( 28.823)  top5  10.000 ( 10.251)	
 | Test: [0][232/1000]    Time 0.125  Data 0.060  top1  28.000 ( 28.819)  top5  12.000 ( 10.259)	
 | Test: [0][233/1000]    Time 1.083  Data 1.015  top1  24.000 ( 28.798)  top5  12.000 ( 10.266)	
 | Test: [0][234/1000]    Time 0.100  Data 0.032  top1  30.000 ( 28.803)  top5   8.000 ( 10.256)	
 | Test: [0][235/1000]    Time 1.072  Data 1.008  top1  38.000 ( 28.843)  top5  14.000 ( 10.272)	
 | Test: [0][236/1000]    Time 0.081  Data 0.016  top1  28.000 ( 28.839)  top5   4.000 ( 10.246)	
 | Test: [0][237/1000]    Time 1.108  Data 1.045  top1  28.000 ( 28.835)  top5  14.000 ( 10.262)	
 | Test: [0][238/1000]    Time 0.092  Data 0.028  top1  36.000 ( 28.866)  top5  14.000 ( 10.277)	
 | Test: [0][239/1000]    Time 1.167  Data 1.103  top1  30.000 ( 28.870)  top5  12.000 ( 10.285)	
 | Test: [0][240/1000]    Time 0.064  Data 0.001  top1  34.000 ( 28.892)  top5  12.000 ( 10.292)	
 | Test: [0][241/1000]    Time 1.258  Data 1.194  top1  38.000 ( 28.929)  top5  14.000 ( 10.307)	
 | Test: [0][242/1000]    Time 0.081  Data 0.017  top1  30.000 ( 28.934)  top5   4.000 ( 10.281)	
 | Test: [0][243/1000]    Time 1.153  Data 1.090  top1  30.000 ( 28.938)  top5   6.000 ( 10.263)	
 | Test: [0][244/1000]    Time 0.205  Data 0.141  top1  40.000 ( 28.984)  top5  20.000 ( 10.303)	
 | Test: [0][245/1000]    Time 1.041  Data 0.977  top1  38.000 ( 29.020)  top5  18.000 ( 10.335)	
 | Test: [0][246/1000]    Time 0.151  Data 0.088  top1  32.000 ( 29.033)  top5   8.000 ( 10.325)	
 | Test: [0][247/1000]    Time 1.049  Data 0.978  top1  24.000 ( 29.012)  top5   8.000 ( 10.316)	
 | Test: [0][248/1000]    Time 0.147  Data 0.083  top1  40.000 ( 29.056)  top5  22.000 ( 10.363)	
 | Test: [0][249/1000]    Time 1.061  Data 0.997  top1  26.000 ( 29.044)  top5  12.000 ( 10.369)	
 | Test: [0][250/1000]    Time 0.163  Data 0.099  top1  20.000 ( 29.008)  top5   8.000 ( 10.360)	
 | Test: [0][251/1000]    Time 0.962  Data 0.898  top1  30.000 ( 29.012)  top5   4.000 ( 10.335)	
 | Test: [0][252/1000]    Time 0.374  Data 0.310  top1  36.000 ( 29.040)  top5  22.000 ( 10.381)	
 | Test: [0][253/1000]    Time 0.757  Data 0.693  top1  30.000 ( 29.043)  top5   8.000 ( 10.372)	
 | Test: [0][254/1000]    Time 0.560  Data 0.496  top1  22.000 ( 29.016)  top5   6.000 ( 10.354)	
 | Test: [0][255/1000]    Time 0.677  Data 0.613  top1  36.000 ( 29.043)  top5  14.000 ( 10.369)	
 | Test: [0][256/1000]    Time 0.529  Data 0.465  top1  32.000 ( 29.055)  top5  10.000 ( 10.367)	
 | Test: [0][257/1000]    Time 0.804  Data 0.740  top1  26.000 ( 29.043)  top5   8.000 ( 10.358)	
 | Test: [0][258/1000]    Time 0.576  Data 0.512  top1  18.000 ( 29.000)  top5   8.000 ( 10.349)	
 | Test: [0][259/1000]    Time 0.719  Data 0.656  top1  26.000 ( 28.988)  top5   8.000 ( 10.340)	
 | Test: [0][260/1000]    Time 0.517  Data 0.453  top1  30.000 ( 28.992)  top5  12.000 ( 10.346)	
 | Test: [0][261/1000]    Time 0.851  Data 0.787  top1  30.000 ( 28.996)  top5  16.000 ( 10.368)	
 | Test: [0][262/1000]    Time 0.442  Data 0.379  top1  40.000 ( 29.038)  top5  16.000 ( 10.389)	
 | Test: [0][263/1000]    Time 0.713  Data 0.642  top1  30.000 ( 29.042)  top5  20.000 ( 10.426)	
 | Test: [0][264/1000]    Time 0.432  Data 0.369  top1  22.000 ( 29.015)  top5   4.000 ( 10.402)	
 | Test: [0][265/1000]    Time 0.622  Data 0.559  top1  36.000 ( 29.042)  top5   8.000 ( 10.392)	
 | Test: [0][266/1000]    Time 0.493  Data 0.429  top1  32.000 ( 29.053)  top5  12.000 ( 10.398)	
 | Test: [0][267/1000]    Time 0.661  Data 0.598  top1  28.000 ( 29.049)  top5  12.000 ( 10.404)	
 | Test: [0][268/1000]    Time 0.493  Data 0.430  top1  24.000 ( 29.030)  top5   8.000 ( 10.396)	
 | Test: [0][269/1000]    Time 0.668  Data 0.605  top1  30.000 ( 29.033)  top5   4.000 ( 10.372)	
 | Test: [0][270/1000]    Time 0.558  Data 0.494  top1  28.000 ( 29.030)  top5   6.000 ( 10.356)	
 | Test: [0][271/1000]    Time 0.812  Data 0.746  top1  24.000 ( 29.011)  top5  12.000 ( 10.362)	
 | Test: [0][272/1000]    Time 0.384  Data 0.320  top1  16.000 ( 28.963)  top5   0.000 ( 10.324)	
 | Test: [0][273/1000]    Time 0.906  Data 0.842  top1  36.000 ( 28.989)  top5  14.000 ( 10.337)	
 | Test: [0][274/1000]    Time 0.339  Data 0.275  top1  26.000 ( 28.978)  top5  10.000 ( 10.336)	
 | Test: [0][275/1000]    Time 0.789  Data 0.725  top1  18.000 ( 28.938)  top5   8.000 ( 10.327)	
 | Test: [0][276/1000]    Time 0.391  Data 0.328  top1  34.000 ( 28.957)  top5  10.000 ( 10.326)	
 | Test: [0][277/1000]    Time 0.848  Data 0.785  top1  38.000 ( 28.989)  top5  10.000 ( 10.325)	
 | Test: [0][278/1000]    Time 0.479  Data 0.415  top1  20.000 ( 28.957)  top5   8.000 ( 10.317)	
 | Test: [0][279/1000]    Time 0.702  Data 0.630  top1  32.000 ( 28.968)  top5  16.000 ( 10.337)	
 | Test: [0][280/1000]    Time 0.665  Data 0.601  top1  30.000 ( 28.971)  top5   8.000 ( 10.329)	
 | Test: [0][281/1000]    Time 0.559  Data 0.495  top1  24.000 ( 28.954)  top5   8.000 ( 10.320)	
 | Test: [0][282/1000]    Time 0.602  Data 0.538  top1  34.000 ( 28.972)  top5  12.000 ( 10.326)	
 | Test: [0][283/1000]    Time 0.654  Data 0.590  top1  26.000 ( 28.961)  top5  10.000 ( 10.325)	
 | Test: [0][284/1000]    Time 0.936  Data 0.872  top1  36.000 ( 28.986)  top5  20.000 ( 10.359)	
 | Test: [0][285/1000]    Time 0.265  Data 0.201  top1  36.000 ( 29.011)  top5  16.000 ( 10.379)	
 | Test: [0][286/1000]    Time 0.953  Data 0.889  top1  40.000 ( 29.049)  top5  10.000 ( 10.378)	
 | Test: [0][287/1000]    Time 0.228  Data 0.164  top1  42.000 ( 29.094)  top5  14.000 ( 10.390)	
 | Test: [0][288/1000]    Time 0.970  Data 0.907  top1  42.000 ( 29.139)  top5  22.000 ( 10.431)	
 | Test: [0][289/1000]    Time 0.354  Data 0.290  top1  22.000 ( 29.114)  top5   2.000 ( 10.401)	
 | Test: [0][290/1000]    Time 0.793  Data 0.729  top1  22.000 ( 29.090)  top5   6.000 ( 10.386)	
 | Test: [0][291/1000]    Time 0.374  Data 0.310  top1  28.000 ( 29.086)  top5  12.000 ( 10.392)	
 | Test: [0][292/1000]    Time 0.758  Data 0.694  top1  38.000 ( 29.116)  top5  14.000 ( 10.404)	
 | Test: [0][293/1000]    Time 0.509  Data 0.445  top1  28.000 ( 29.113)  top5   8.000 ( 10.396)	
 | Test: [0][294/1000]    Time 0.806  Data 0.741  top1  32.000 ( 29.122)  top5  14.000 ( 10.408)	
 | Test: [0][295/1000]    Time 0.423  Data 0.359  top1  30.000 ( 29.125)  top5   8.000 ( 10.400)	
 | Test: [0][296/1000]    Time 0.747  Data 0.672  top1  28.000 ( 29.122)  top5  10.000 ( 10.399)	
 | Test: [0][297/1000]    Time 0.397  Data 0.333  top1  24.000 ( 29.104)  top5  14.000 ( 10.411)	
 | Test: [0][298/1000]    Time 0.743  Data 0.678  top1  20.000 ( 29.074)  top5   8.000 ( 10.403)	
 | Test: [0][299/1000]    Time 0.403  Data 0.337  top1  24.000 ( 29.057)  top5   6.000 ( 10.388)	
 | Test: [0][300/1000]    Time 0.756  Data 0.692  top1  26.000 ( 29.047)  top5   8.000 ( 10.380)	
 | Test: [0][301/1000]    Time 0.457  Data 0.393  top1  20.000 ( 29.017)  top5   4.000 ( 10.359)	
 | Test: [0][302/1000]    Time 0.690  Data 0.626  top1  28.000 ( 29.013)  top5   4.000 ( 10.338)	
 | Test: [0][303/1000]    Time 0.471  Data 0.407  top1  38.000 ( 29.043)  top5  14.000 ( 10.350)	
 | Test: [0][304/1000]    Time 0.783  Data 0.719  top1  18.000 ( 29.007)  top5   6.000 ( 10.336)	
 | Test: [0][305/1000]    Time 0.431  Data 0.366  top1  30.000 ( 29.010)  top5  16.000 ( 10.354)	
 | Test: [0][306/1000]    Time 0.825  Data 0.760  top1  24.000 ( 28.993)  top5  12.000 ( 10.359)	
 | Test: [0][307/1000]    Time 0.330  Data 0.266  top1  34.000 ( 29.010)  top5  12.000 ( 10.365)	
 | Test: [0][308/1000]    Time 0.843  Data 0.775  top1  22.000 ( 28.987)  top5  12.000 ( 10.370)	
 | Test: [0][309/1000]    Time 0.388  Data 0.320  top1  24.000 ( 28.971)  top5  12.000 ( 10.375)	
 | Test: [0][310/1000]    Time 0.782  Data 0.714  top1  44.000 ( 29.019)  top5   8.000 ( 10.368)	
 | Test: [0][311/1000]    Time 0.394  Data 0.326  top1  26.000 ( 29.010)  top5  12.000 ( 10.373)	
 | Test: [0][312/1000]    Time 0.838  Data 0.760  top1  28.000 ( 29.006)  top5  10.000 ( 10.372)	
 | Test: [0][313/1000]    Time 0.364  Data 0.296  top1  24.000 ( 28.990)  top5   4.000 ( 10.351)	
 | Test: [0][314/1000]    Time 0.771  Data 0.702  top1  28.000 ( 28.987)  top5   8.000 ( 10.344)	
 | Test: [0][315/1000]    Time 0.576  Data 0.505  top1  24.000 ( 28.971)  top5  12.000 ( 10.349)	
 | Test: [0][316/1000]    Time 0.639  Data 0.570  top1  34.000 ( 28.987)  top5  14.000 ( 10.361)	
 | Test: [0][317/1000]    Time 0.579  Data 0.511  top1  28.000 ( 28.984)  top5   4.000 ( 10.341)	
 | Test: [0][318/1000]    Time 0.668  Data 0.600  top1  26.000 ( 28.975)  top5  10.000 ( 10.340)	
 | Test: [0][319/1000]    Time 0.551  Data 0.483  top1  28.000 ( 28.972)  top5  14.000 ( 10.351)	
 | Test: [0][320/1000]    Time 0.683  Data 0.611  top1  34.000 ( 28.988)  top5   6.000 ( 10.338)	
 | Test: [0][321/1000]    Time 0.541  Data 0.472  top1  24.000 ( 28.972)  top5  10.000 ( 10.336)	
 | Test: [0][322/1000]    Time 0.613  Data 0.545  top1  24.000 ( 28.957)  top5  10.000 ( 10.335)	
 | Test: [0][323/1000]    Time 0.544  Data 0.476  top1  26.000 ( 28.947)  top5  12.000 ( 10.341)	
 | Test: [0][324/1000]    Time 0.728  Data 0.660  top1  32.000 ( 28.957)  top5  16.000 ( 10.358)	
 | Test: [0][325/1000]    Time 0.440  Data 0.371  top1  22.000 ( 28.935)  top5   8.000 ( 10.351)	
 | Test: [0][326/1000]    Time 0.762  Data 0.694  top1  32.000 ( 28.945)  top5   8.000 ( 10.344)	
 | Test: [0][327/1000]    Time 0.403  Data 0.335  top1  30.000 ( 28.948)  top5  10.000 ( 10.343)	
 | Test: [0][328/1000]    Time 0.819  Data 0.741  top1  30.000 ( 28.951)  top5   4.000 ( 10.323)	
 | Test: [0][329/1000]    Time 0.366  Data 0.298  top1  26.000 ( 28.942)  top5   4.000 ( 10.304)	
 | Test: [0][330/1000]    Time 0.776  Data 0.708  top1  32.000 ( 28.952)  top5   8.000 ( 10.297)	
 | Test: [0][331/1000]    Time 0.555  Data 0.485  top1  28.000 ( 28.949)  top5  10.000 ( 10.296)	
 | Test: [0][332/1000]    Time 0.599  Data 0.531  top1  24.000 ( 28.934)  top5  12.000 ( 10.301)	
 | Test: [0][333/1000]    Time 0.602  Data 0.534  top1  24.000 ( 28.919)  top5   6.000 ( 10.288)	
 | Test: [0][334/1000]    Time 0.755  Data 0.687  top1  32.000 ( 28.928)  top5  14.000 ( 10.299)	
 | Test: [0][335/1000]    Time 0.476  Data 0.408  top1  36.000 ( 28.949)  top5  14.000 ( 10.310)	
 | Test: [0][336/1000]    Time 0.732  Data 0.664  top1  24.000 ( 28.935)  top5   2.000 ( 10.286)	
 | Test: [0][337/1000]    Time 0.588  Data 0.521  top1  26.000 ( 28.926)  top5   8.000 ( 10.279)	
 | Test: [0][338/1000]    Time 0.606  Data 0.538  top1  28.000 ( 28.923)  top5  10.000 ( 10.278)	
 | Test: [0][339/1000]    Time 0.685  Data 0.617  top1  32.000 ( 28.932)  top5  10.000 ( 10.277)	
 | Test: [0][340/1000]    Time 0.501  Data 0.433  top1  40.000 ( 28.965)  top5  10.000 ( 10.276)	
 | Test: [0][341/1000]    Time 0.941  Data 0.873  top1  24.000 ( 28.950)  top5  10.000 ( 10.276)	
 | Test: [0][342/1000]    Time 0.244  Data 0.176  top1  30.000 ( 28.953)  top5  14.000 ( 10.287)	
 | Test: [0][343/1000]    Time 0.972  Data 0.898  top1  30.000 ( 28.956)  top5  16.000 ( 10.303)	
 | Test: [0][344/1000]    Time 0.175  Data 0.107  top1  36.000 ( 28.977)  top5  16.000 ( 10.320)	
 | Test: [0][345/1000]    Time 1.064  Data 0.996  top1  36.000 ( 28.997)  top5  14.000 ( 10.330)	
 | Test: [0][346/1000]    Time 0.172  Data 0.104  top1  24.000 ( 28.983)  top5   8.000 ( 10.324)	
 | Test: [0][347/1000]    Time 1.016  Data 0.948  top1  30.000 ( 28.986)  top5  10.000 ( 10.323)	
 | Test: [0][348/1000]    Time 0.231  Data 0.163  top1  30.000 ( 28.989)  top5   6.000 ( 10.310)	
 | Test: [0][349/1000]    Time 1.005  Data 0.937  top1  22.000 ( 28.968)  top5  10.000 ( 10.309)	
 | Test: [0][350/1000]    Time 0.367  Data 0.299  top1  32.000 ( 28.977)  top5  12.000 ( 10.314)	
 | Test: [0][351/1000]    Time 0.833  Data 0.766  top1  26.000 ( 28.969)  top5   8.000 ( 10.308)	
 | Test: [0][352/1000]    Time 0.535  Data 0.466  top1  30.000 ( 28.972)  top5  12.000 ( 10.312)	
 | Test: [0][353/1000]    Time 0.692  Data 0.624  top1  32.000 ( 28.980)  top5  12.000 ( 10.317)	
 | Test: [0][354/1000]    Time 0.683  Data 0.615  top1  28.000 ( 28.977)  top5   8.000 ( 10.311)	
 | Test: [0][355/1000]    Time 0.521  Data 0.453  top1  40.000 ( 29.008)  top5  10.000 ( 10.310)	
 | Test: [0][356/1000]    Time 0.990  Data 0.922  top1  28.000 ( 29.006)  top5  10.000 ( 10.309)	
 | Test: [0][357/1000]    Time 0.261  Data 0.193  top1  24.000 ( 28.992)  top5   8.000 ( 10.303)	
 | Test: [0][358/1000]    Time 0.927  Data 0.859  top1  24.000 ( 28.978)  top5   8.000 ( 10.296)	
 | Test: [0][359/1000]    Time 0.316  Data 0.248  top1  38.000 ( 29.003)  top5  12.000 ( 10.301)	
 | Test: [0][360/1000]    Time 0.838  Data 0.770  top1  18.000 ( 28.972)  top5   8.000 ( 10.294)	
 | Test: [0][361/1000]    Time 0.457  Data 0.389  top1  28.000 ( 28.970)  top5  14.000 ( 10.305)	
 | Test: [0][362/1000]    Time 0.657  Data 0.590  top1  20.000 ( 28.945)  top5   8.000 ( 10.298)	
 | Test: [0][363/1000]    Time 0.529  Data 0.462  top1  28.000 ( 28.942)  top5  10.000 ( 10.298)	
 | Test: [0][364/1000]    Time 0.634  Data 0.566  top1  30.000 ( 28.945)  top5   8.000 ( 10.291)	
 | Test: [0][365/1000]    Time 0.627  Data 0.559  top1  34.000 ( 28.959)  top5  10.000 ( 10.290)	
 | Test: [0][366/1000]    Time 0.545  Data 0.477  top1  38.000 ( 28.984)  top5   8.000 ( 10.284)	
 | Test: [0][367/1000]    Time 0.741  Data 0.672  top1  26.000 ( 28.975)  top5  14.000 ( 10.294)	
 | Test: [0][368/1000]    Time 0.493  Data 0.425  top1  32.000 ( 28.984)  top5  14.000 ( 10.304)	
 | Test: [0][369/1000]    Time 0.689  Data 0.620  top1  20.000 ( 28.959)  top5   8.000 ( 10.298)	
 | Test: [0][370/1000]    Time 0.508  Data 0.440  top1  36.000 ( 28.978)  top5  26.000 ( 10.341)	
 | Test: [0][371/1000]    Time 0.677  Data 0.608  top1  32.000 ( 28.987)  top5   8.000 ( 10.334)	
 | Test: [0][372/1000]    Time 0.543  Data 0.475  top1  36.000 ( 29.005)  top5  12.000 ( 10.339)	
 | Test: [0][373/1000]    Time 0.855  Data 0.787  top1  28.000 ( 29.003)  top5  10.000 ( 10.338)	
 | Test: [0][374/1000]    Time 0.296  Data 0.227  top1  26.000 ( 28.995)  top5  12.000 ( 10.342)	
 | Test: [0][375/1000]    Time 0.983  Data 0.906  top1  36.000 ( 29.013)  top5  12.000 ( 10.347)	
 | Test: [0][376/1000]    Time 0.219  Data 0.151  top1  28.000 ( 29.011)  top5   8.000 ( 10.340)	
 | Test: [0][377/1000]    Time 0.880  Data 0.812  top1  32.000 ( 29.019)  top5  14.000 ( 10.350)	
 | Test: [0][378/1000]    Time 0.179  Data 0.111  top1  30.000 ( 29.021)  top5   4.000 ( 10.333)	
 | Test: [0][379/1000]    Time 1.070  Data 1.002  top1  24.000 ( 29.008)  top5   8.000 ( 10.327)	
 | Test: [0][380/1000]    Time 0.068  Data 0.001  top1  22.000 ( 28.989)  top5  10.000 ( 10.326)	
 | Test: [0][381/1000]    Time 1.101  Data 1.033  top1  28.000 ( 28.987)  top5   6.000 ( 10.315)	
 | Test: [0][382/1000]    Time 0.068  Data 0.001  top1  26.000 ( 28.979)  top5   8.000 ( 10.309)	
 | Test: [0][383/1000]    Time 1.035  Data 0.967  top1  36.000 ( 28.997)  top5   6.000 ( 10.298)	
 | Test: [0][384/1000]    Time 0.237  Data 0.169  top1  26.000 ( 28.990)  top5  12.000 ( 10.302)	
 | Test: [0][385/1000]    Time 0.834  Data 0.766  top1  42.000 ( 29.023)  top5  12.000 ( 10.306)	
 | Test: [0][386/1000]    Time 0.327  Data 0.259  top1  28.000 ( 29.021)  top5  12.000 ( 10.311)	
 | Test: [0][387/1000]    Time 0.744  Data 0.675  top1  32.000 ( 29.028)  top5  14.000 ( 10.320)	
 | Test: [0][388/1000]    Time 0.542  Data 0.473  top1  34.000 ( 29.041)  top5  10.000 ( 10.320)	
 | Test: [0][389/1000]    Time 0.562  Data 0.494  top1  22.000 ( 29.023)  top5  10.000 ( 10.319)	
 | Test: [0][390/1000]    Time 0.612  Data 0.544  top1  20.000 ( 29.000)  top5   2.000 ( 10.297)	
 | Test: [0][391/1000]    Time 0.493  Data 0.426  top1  34.000 ( 29.013)  top5  14.000 ( 10.307)	
 | Test: [0][392/1000]    Time 0.673  Data 0.595  top1  28.000 ( 29.010)  top5  12.000 ( 10.311)	
 | Test: [0][393/1000]    Time 0.452  Data 0.384  top1  36.000 ( 29.028)  top5  14.000 ( 10.321)	
 | Test: [0][394/1000]    Time 0.675  Data 0.607  top1  32.000 ( 29.036)  top5   6.000 ( 10.310)	
 | Test: [0][395/1000]    Time 0.511  Data 0.442  top1  26.000 ( 29.028)  top5   6.000 ( 10.299)	
 | Test: [0][396/1000]    Time 1.055  Data 0.982  top1  34.000 ( 29.040)  top5  12.000 ( 10.303)	
 | Test: [0][397/1000]    Time 0.085  Data 0.017  top1  32.000 ( 29.048)  top5   8.000 ( 10.297)	
 | Test: [0][398/1000]    Time 1.068  Data 1.000  top1  24.000 ( 29.035)  top5   6.000 ( 10.286)	
 | Test: [0][399/1000]    Time 0.188  Data 0.120  top1  28.000 ( 29.033)  top5  14.000 ( 10.296)	
 | Test: [0][400/1000]    Time 1.001  Data 0.933  top1  26.000 ( 29.025)  top5  10.000 ( 10.295)	
 | Test: [0][401/1000]    Time 0.259  Data 0.191  top1  40.000 ( 29.052)  top5  10.000 ( 10.294)	
 | Test: [0][402/1000]    Time 0.926  Data 0.859  top1  38.000 ( 29.075)  top5  18.000 ( 10.313)	
 | Test: [0][403/1000]    Time 0.338  Data 0.270  top1  20.000 ( 29.052)  top5   8.000 ( 10.308)	
 | Test: [0][404/1000]    Time 0.849  Data 0.781  top1  46.000 ( 29.094)  top5  18.000 ( 10.327)	
 | Test: [0][405/1000]    Time 0.242  Data 0.174  top1  38.000 ( 29.116)  top5  22.000 ( 10.356)	
 | Test: [0][406/1000]    Time 1.035  Data 0.965  top1  34.000 ( 29.128)  top5  12.000 ( 10.360)	
 | Test: [0][407/1000]    Time 0.068  Data 0.001  top1  28.000 ( 29.125)  top5   2.000 ( 10.339)	
 | Test: [0][408/1000]    Time 1.135  Data 1.067  top1  32.000 ( 29.132)  top5  10.000 ( 10.338)	
 | Test: [0][409/1000]    Time 0.068  Data 0.001  top1  34.000 ( 29.144)  top5  16.000 ( 10.352)	
 | Test: [0][410/1000]    Time 0.997  Data 0.929  top1  30.000 ( 29.146)  top5  18.000 ( 10.371)	
 | Test: [0][411/1000]    Time 0.107  Data 0.039  top1  28.000 ( 29.144)  top5  12.000 ( 10.375)	
 | Test: [0][412/1000]    Time 1.088  Data 1.023  top1  26.000 ( 29.136)  top5  16.000 ( 10.388)	
 | Test: [0][413/1000]    Time 0.074  Data 0.009  top1  32.000 ( 29.143)  top5  14.000 ( 10.397)	
 | Test: [0][414/1000]    Time 1.088  Data 1.029  top1  28.000 ( 29.140)  top5   8.000 ( 10.391)	
 | Test: [0][415/1000]    Time 0.101  Data 0.036  top1  32.000 ( 29.147)  top5  10.000 ( 10.390)	
 | Test: [0][416/1000]    Time 1.083  Data 1.019  top1  30.000 ( 29.149)  top5   8.000 ( 10.385)	
 | Test: [0][417/1000]    Time 0.092  Data 0.028  top1  24.000 ( 29.137)  top5   6.000 ( 10.374)	
 | Test: [0][418/1000]    Time 1.087  Data 1.023  top1  28.000 ( 29.134)  top5  10.000 ( 10.373)	
 | Test: [0][419/1000]    Time 0.070  Data 0.007  top1  28.000 ( 29.131)  top5   8.000 ( 10.368)	
 | Test: [0][420/1000]    Time 1.085  Data 1.021  top1  34.000 ( 29.143)  top5  10.000 ( 10.367)	
 | Test: [0][421/1000]    Time 0.064  Data 0.000  top1  28.000 ( 29.140)  top5  12.000 ( 10.371)	
 | Test: [0][422/1000]    Time 1.175  Data 1.111  top1  30.000 ( 29.142)  top5   8.000 ( 10.365)	
 | Test: [0][423/1000]    Time 0.064  Data 0.001  top1  32.000 ( 29.149)  top5  10.000 ( 10.364)	
 | Test: [0][424/1000]    Time 1.130  Data 1.066  top1  44.000 ( 29.184)  top5  20.000 ( 10.387)	
 | Test: [0][425/1000]    Time 0.064  Data 0.001  top1  26.000 ( 29.176)  top5  14.000 ( 10.395)	
 | Test: [0][426/1000]    Time 1.115  Data 1.051  top1  34.000 ( 29.188)  top5  14.000 ( 10.404)	
 | Test: [0][427/1000]    Time 0.075  Data 0.001  top1  26.000 ( 29.180)  top5   8.000 ( 10.398)	
 | Test: [0][428/1000]    Time 1.068  Data 1.004  top1  26.000 ( 29.173)  top5   6.000 ( 10.388)	
 | Test: [0][429/1000]    Time 0.064  Data 0.001  top1  30.000 ( 29.175)  top5  10.000 ( 10.387)	
 | Test: [0][430/1000]    Time 1.053  Data 0.989  top1  16.000 ( 29.144)  top5   0.000 ( 10.363)	
 | Test: [0][431/1000]    Time 0.069  Data 0.005  top1  38.000 ( 29.165)  top5  10.000 ( 10.362)	
 | Test: [0][432/1000]    Time 1.168  Data 1.104  top1  22.000 ( 29.148)  top5  12.000 ( 10.366)	
 | Test: [0][433/1000]    Time 0.065  Data 0.000  top1  36.000 ( 29.164)  top5  12.000 ( 10.370)	
 | Test: [0][434/1000]    Time 1.113  Data 1.049  top1  32.000 ( 29.171)  top5  10.000 ( 10.369)	
 | Test: [0][435/1000]    Time 0.136  Data 0.068  top1  24.000 ( 29.159)  top5   8.000 ( 10.363)	
 | Test: [0][436/1000]    Time 1.020  Data 0.956  top1  26.000 ( 29.151)  top5  14.000 ( 10.372)	
 | Test: [0][437/1000]    Time 0.197  Data 0.133  top1  24.000 ( 29.140)  top5   6.000 ( 10.362)	
 | Test: [0][438/1000]    Time 1.004  Data 0.940  top1  28.000 ( 29.137)  top5   8.000 ( 10.356)	
 | Test: [0][439/1000]    Time 0.229  Data 0.165  top1  28.000 ( 29.134)  top5  10.000 ( 10.355)	
 | Test: [0][440/1000]    Time 0.928  Data 0.860  top1  24.000 ( 29.123)  top5   8.000 ( 10.350)	
 | Test: [0][441/1000]    Time 0.259  Data 0.192  top1  34.000 ( 29.134)  top5  14.000 ( 10.358)	
 | Test: [0][442/1000]    Time 0.949  Data 0.881  top1  32.000 ( 29.140)  top5  16.000 ( 10.371)	
 | Test: [0][443/1000]    Time 0.233  Data 0.166  top1  32.000 ( 29.147)  top5  16.000 ( 10.384)	
 | Test: [0][444/1000]    Time 0.900  Data 0.832  top1  14.000 ( 29.113)  top5   2.000 ( 10.365)	
 | Test: [0][445/1000]    Time 0.352  Data 0.285  top1  32.000 ( 29.119)  top5   4.000 ( 10.351)	
 | Test: [0][446/1000]    Time 0.778  Data 0.706  top1  24.000 ( 29.108)  top5   8.000 ( 10.345)	
 | Test: [0][447/1000]    Time 0.392  Data 0.322  top1  32.000 ( 29.114)  top5  10.000 ( 10.345)	
 | Test: [0][448/1000]    Time 0.803  Data 0.734  top1  24.000 ( 29.103)  top5   4.000 ( 10.330)	
 | Test: [0][449/1000]    Time 0.577  Data 0.509  top1  40.000 ( 29.127)  top5  14.000 ( 10.339)	
 | Test: [0][450/1000]    Time 0.610  Data 0.539  top1  36.000 ( 29.142)  top5  20.000 ( 10.360)	
 | Test: [0][451/1000]    Time 0.577  Data 0.509  top1  24.000 ( 29.131)  top5   8.000 ( 10.355)	
 | Test: [0][452/1000]    Time 0.703  Data 0.635  top1  34.000 ( 29.142)  top5   8.000 ( 10.350)	
 | Test: [0][453/1000]    Time 0.451  Data 0.383  top1  26.000 ( 29.135)  top5   4.000 ( 10.336)	
 | Test: [0][454/1000]    Time 0.689  Data 0.621  top1  26.000 ( 29.128)  top5   4.000 ( 10.322)	
 | Test: [0][455/1000]    Time 0.487  Data 0.419  top1  34.000 ( 29.138)  top5  12.000 ( 10.325)	
 | Test: [0][456/1000]    Time 0.655  Data 0.587  top1  22.000 ( 29.123)  top5  10.000 ( 10.325)	
 | Test: [0][457/1000]    Time 0.621  Data 0.553  top1  28.000 ( 29.120)  top5  18.000 ( 10.341)	
 | Test: [0][458/1000]    Time 0.536  Data 0.468  top1  24.000 ( 29.109)  top5   6.000 ( 10.332)	
 | Test: [0][459/1000]    Time 0.672  Data 0.597  top1  26.000 ( 29.102)  top5  10.000 ( 10.331)	
 | Test: [0][460/1000]    Time 0.478  Data 0.410  top1  36.000 ( 29.117)  top5   8.000 ( 10.326)	
 | Test: [0][461/1000]    Time 0.617  Data 0.549  top1  34.000 ( 29.128)  top5  18.000 ( 10.343)	
 | Test: [0][462/1000]    Time 0.577  Data 0.509  top1  30.000 ( 29.130)  top5  12.000 ( 10.346)	
 | Test: [0][463/1000]    Time 0.586  Data 0.512  top1  38.000 ( 29.149)  top5  10.000 ( 10.346)	
 | Test: [0][464/1000]    Time 0.710  Data 0.641  top1  30.000 ( 29.151)  top5  12.000 ( 10.349)	
 | Test: [0][465/1000]    Time 0.489  Data 0.421  top1  22.000 ( 29.135)  top5   4.000 ( 10.335)	
 | Test: [0][466/1000]    Time 0.708  Data 0.640  top1  32.000 ( 29.142)  top5  18.000 ( 10.352)	
 | Test: [0][467/1000]    Time 0.433  Data 0.365  top1  36.000 ( 29.156)  top5   8.000 ( 10.347)	
 | Test: [0][468/1000]    Time 0.709  Data 0.641  top1  18.000 ( 29.132)  top5   4.000 ( 10.333)	
 | Test: [0][469/1000]    Time 0.504  Data 0.430  top1  36.000 ( 29.147)  top5  12.000 ( 10.337)	
 | Test: [0][470/1000]    Time 0.677  Data 0.609  top1  36.000 ( 29.162)  top5  12.000 ( 10.340)	
 | Test: [0][471/1000]    Time 0.556  Data 0.489  top1  26.000 ( 29.155)  top5  16.000 ( 10.352)	
 | Test: [0][472/1000]    Time 0.609  Data 0.541  top1  28.000 ( 29.153)  top5  10.000 ( 10.352)	
 | Test: [0][473/1000]    Time 0.576  Data 0.509  top1  26.000 ( 29.146)  top5  12.000 ( 10.355)	
 | Test: [0][474/1000]    Time 0.629  Data 0.562  top1  20.000 ( 29.127)  top5  10.000 ( 10.354)	
 | Test: [0][475/1000]    Time 0.565  Data 0.496  top1  24.000 ( 29.116)  top5  12.000 ( 10.358)	
 | Test: [0][476/1000]    Time 0.599  Data 0.523  top1  24.000 ( 29.105)  top5   8.000 ( 10.353)	
 | Test: [0][477/1000]    Time 0.520  Data 0.452  top1  36.000 ( 29.119)  top5  12.000 ( 10.356)	
 | Test: [0][478/1000]    Time 0.659  Data 0.592  top1  32.000 ( 29.126)  top5  12.000 ( 10.360)	
 | Test: [0][479/1000]    Time 0.476  Data 0.409  top1  32.000 ( 29.132)  top5   6.000 ( 10.351)	
 | Test: [0][480/1000]    Time 0.823  Data 0.754  top1  38.000 ( 29.150)  top5  10.000 ( 10.350)	
 | Test: [0][481/1000]    Time 0.383  Data 0.309  top1  28.000 ( 29.148)  top5  10.000 ( 10.349)	
 | Test: [0][482/1000]    Time 0.822  Data 0.753  top1  34.000 ( 29.158)  top5  12.000 ( 10.353)	
 | Test: [0][483/1000]    Time 0.377  Data 0.309  top1  36.000 ( 29.172)  top5  12.000 ( 10.356)	
 | Test: [0][484/1000]    Time 0.794  Data 0.725  top1  26.000 ( 29.165)  top5   8.000 ( 10.351)	
 | Test: [0][485/1000]    Time 0.401  Data 0.333  top1  22.000 ( 29.151)  top5   8.000 ( 10.346)	
 | Test: [0][486/1000]    Time 0.734  Data 0.665  top1  24.000 ( 29.140)  top5  12.000 ( 10.350)	
 | Test: [0][487/1000]    Time 0.415  Data 0.346  top1  32.000 ( 29.146)  top5  12.000 ( 10.353)	
 | Test: [0][488/1000]    Time 0.734  Data 0.666  top1  38.000 ( 29.164)  top5   4.000 ( 10.340)	
 | Test: [0][489/1000]    Time 0.458  Data 0.390  top1  26.000 ( 29.157)  top5   8.000 ( 10.335)	
 | Test: [0][490/1000]    Time 0.713  Data 0.645  top1  38.000 ( 29.176)  top5  10.000 ( 10.335)	
 | Test: [0][491/1000]    Time 0.450  Data 0.382  top1  22.000 ( 29.161)  top5  10.000 ( 10.334)	
 | Test: [0][492/1000]    Time 0.794  Data 0.720  top1  22.000 ( 29.146)  top5   8.000 ( 10.329)	
 | Test: [0][493/1000]    Time 0.481  Data 0.413  top1  26.000 ( 29.140)  top5   6.000 ( 10.320)	
 | Test: [0][494/1000]    Time 0.761  Data 0.693  top1  34.000 ( 29.150)  top5  14.000 ( 10.328)	
 | Test: [0][495/1000]    Time 0.368  Data 0.300  top1  22.000 ( 29.135)  top5  10.000 ( 10.327)	
 | Test: [0][496/1000]    Time 0.801  Data 0.733  top1  24.000 ( 29.125)  top5   6.000 ( 10.319)	
 | Test: [0][497/1000]    Time 0.407  Data 0.339  top1  28.000 ( 29.123)  top5   8.000 ( 10.314)	
 | Test: [0][498/1000]    Time 0.770  Data 0.700  top1  26.000 ( 29.116)  top5   8.000 ( 10.309)	
 | Test: [0][499/1000]    Time 0.392  Data 0.324  top1  24.000 ( 29.106)  top5   8.000 ( 10.305)	
 | Test: [0][500/1000]    Time 0.842  Data 0.774  top1  24.000 ( 29.096)  top5   4.000 ( 10.292)	
 | Test: [0][501/1000]    Time 0.497  Data 0.429  top1  30.000 ( 29.098)  top5  12.000 ( 10.295)	
 | Test: [0][502/1000]    Time 0.881  Data 0.813  top1  26.000 ( 29.092)  top5  12.000 ( 10.299)	
 | Test: [0][503/1000]    Time 0.408  Data 0.341  top1  16.000 ( 29.066)  top5   6.000 ( 10.290)	
 | Test: [0][504/1000]    Time 0.850  Data 0.782  top1  36.000 ( 29.079)  top5   4.000 ( 10.278)	
 | Test: [0][505/1000]    Time 0.455  Data 0.387  top1  18.000 ( 29.057)  top5   6.000 ( 10.269)	
 | Test: [0][506/1000]    Time 0.808  Data 0.740  top1  32.000 ( 29.063)  top5   6.000 ( 10.261)	
 | Test: [0][507/1000]    Time 0.370  Data 0.302  top1  36.000 ( 29.077)  top5  14.000 ( 10.268)	
 | Test: [0][508/1000]    Time 0.872  Data 0.798  top1  26.000 ( 29.071)  top5  12.000 ( 10.272)	
 | Test: [0][509/1000]    Time 0.335  Data 0.267  top1  24.000 ( 29.061)  top5   4.000 ( 10.259)	
 | Test: [0][510/1000]    Time 0.809  Data 0.738  top1  24.000 ( 29.051)  top5  10.000 ( 10.259)	
 | Test: [0][511/1000]    Time 0.423  Data 0.355  top1  32.000 ( 29.057)  top5  14.000 ( 10.266)	
 | Test: [0][512/1000]    Time 0.763  Data 0.695  top1  26.000 ( 29.051)  top5  16.000 ( 10.277)	
 | Test: [0][513/1000]    Time 0.399  Data 0.331  top1  16.000 ( 29.025)  top5   8.000 ( 10.273)	
 | Test: [0][514/1000]    Time 0.811  Data 0.743  top1  34.000 ( 29.035)  top5  12.000 ( 10.276)	
 | Test: [0][515/1000]    Time 0.312  Data 0.244  top1  34.000 ( 29.045)  top5   4.000 ( 10.264)	
 | Test: [0][516/1000]    Time 0.893  Data 0.825  top1  42.000 ( 29.070)  top5  14.000 ( 10.271)	
 | Test: [0][517/1000]    Time 0.347  Data 0.280  top1  30.000 ( 29.072)  top5  10.000 ( 10.271)	
 | Test: [0][518/1000]    Time 0.844  Data 0.776  top1  38.000 ( 29.089)  top5  14.000 ( 10.278)	
 | Test: [0][519/1000]    Time 0.352  Data 0.285  top1  36.000 ( 29.102)  top5  12.000 ( 10.281)	
 | Test: [0][520/1000]    Time 0.820  Data 0.752  top1  28.000 ( 29.100)  top5  16.000 ( 10.292)	
 | Test: [0][521/1000]    Time 0.419  Data 0.351  top1  30.000 ( 29.102)  top5  16.000 ( 10.303)	
 | Test: [0][522/1000]    Time 0.753  Data 0.685  top1  28.000 ( 29.100)  top5   8.000 ( 10.299)	
 | Test: [0][523/1000]    Time 0.546  Data 0.478  top1  34.000 ( 29.109)  top5   8.000 ( 10.294)	
 | Test: [0][524/1000]    Time 0.638  Data 0.570  top1  24.000 ( 29.099)  top5  10.000 ( 10.294)	
 | Test: [0][525/1000]    Time 0.547  Data 0.479  top1  22.000 ( 29.086)  top5   8.000 ( 10.290)	
 | Test: [0][526/1000]    Time 0.654  Data 0.586  top1  24.000 ( 29.076)  top5   2.000 ( 10.274)	
 | Test: [0][527/1000]    Time 0.505  Data 0.437  top1  40.000 ( 29.097)  top5  16.000 ( 10.285)	
 | Test: [0][528/1000]    Time 0.623  Data 0.555  top1  34.000 ( 29.106)  top5   4.000 ( 10.273)	
 | Test: [0][529/1000]    Time 0.548  Data 0.480  top1  22.000 ( 29.093)  top5   4.000 ( 10.261)	
 | Test: [0][530/1000]    Time 0.580  Data 0.507  top1  32.000 ( 29.098)  top5   8.000 ( 10.257)	
 | Test: [0][531/1000]    Time 0.752  Data 0.684  top1  32.000 ( 29.104)  top5  16.000 ( 10.267)	
 | Test: [0][532/1000]    Time 0.432  Data 0.364  top1  38.000 ( 29.120)  top5   8.000 ( 10.263)	
 | Test: [0][533/1000]    Time 0.731  Data 0.663  top1  40.000 ( 29.141)  top5   8.000 ( 10.259)	
 | Test: [0][534/1000]    Time 0.541  Data 0.472  top1  22.000 ( 29.127)  top5   8.000 ( 10.255)	
 | Test: [0][535/1000]    Time 0.615  Data 0.547  top1  32.000 ( 29.133)  top5  10.000 ( 10.254)	
 | Test: [0][536/1000]    Time 0.615  Data 0.547  top1  26.000 ( 29.127)  top5   6.000 ( 10.246)	
 | Test: [0][537/1000]    Time 0.656  Data 0.588  top1  36.000 ( 29.140)  top5  10.000 ( 10.246)	
 | Test: [0][538/1000]    Time 0.468  Data 0.400  top1  38.000 ( 29.156)  top5  14.000 ( 10.253)	
 | Test: [0][539/1000]    Time 0.736  Data 0.668  top1  34.000 ( 29.165)  top5  16.000 ( 10.263)	
 | Test: [0][540/1000]    Time 0.642  Data 0.574  top1  24.000 ( 29.156)  top5   8.000 ( 10.259)	
 | Test: [0][541/1000]    Time 0.573  Data 0.505  top1  26.000 ( 29.150)  top5  14.000 ( 10.266)	
 | Test: [0][542/1000]    Time 0.545  Data 0.477  top1  22.000 ( 29.137)  top5   4.000 ( 10.255)	
 | Test: [0][543/1000]    Time 0.540  Data 0.465  top1  24.000 ( 29.127)  top5   6.000 ( 10.247)	
 | Test: [0][544/1000]    Time 0.886  Data 0.817  top1  24.000 ( 29.118)  top5   8.000 ( 10.243)	
 | Test: [0][545/1000]    Time 0.375  Data 0.307  top1  30.000 ( 29.119)  top5  10.000 ( 10.242)	
 | Test: [0][546/1000]    Time 0.911  Data 0.842  top1  24.000 ( 29.110)  top5   8.000 ( 10.238)	
 | Test: [0][547/1000]    Time 0.275  Data 0.208  top1  14.000 ( 29.082)  top5   8.000 ( 10.234)	
 | Test: [0][548/1000]    Time 0.937  Data 0.866  top1  20.000 ( 29.066)  top5   6.000 ( 10.226)	
 | Test: [0][549/1000]    Time 0.259  Data 0.189  top1  26.000 ( 29.060)  top5  12.000 ( 10.230)	
 | Test: [0][550/1000]    Time 1.030  Data 0.963  top1  32.000 ( 29.065)  top5  14.000 ( 10.236)	
 | Test: [0][551/1000]    Time 0.203  Data 0.136  top1  24.000 ( 29.056)  top5  10.000 ( 10.236)	
 | Test: [0][552/1000]    Time 1.076  Data 1.007  top1  18.000 ( 29.036)  top5   4.000 ( 10.225)	
 | Test: [0][553/1000]    Time 0.175  Data 0.101  top1  36.000 ( 29.049)  top5  12.000 ( 10.228)	
 | Test: [0][554/1000]    Time 1.067  Data 0.999  top1  34.000 ( 29.058)  top5  10.000 ( 10.227)	
 | Test: [0][555/1000]    Time 0.135  Data 0.067  top1  30.000 ( 29.059)  top5  10.000 ( 10.227)	
 | Test: [0][556/1000]    Time 1.072  Data 1.003  top1  30.000 ( 29.061)  top5   6.000 ( 10.219)	
 | Test: [0][557/1000]    Time 0.132  Data 0.064  top1  28.000 ( 29.059)  top5   6.000 ( 10.212)	
 | Test: [0][558/1000]    Time 1.091  Data 1.027  top1  38.000 ( 29.075)  top5  10.000 ( 10.211)	
 | Test: [0][559/1000]    Time 0.130  Data 0.066  top1  26.000 ( 29.070)  top5   6.000 ( 10.204)	
 | Test: [0][560/1000]    Time 1.224  Data 1.161  top1  22.000 ( 29.057)  top5   8.000 ( 10.200)	
 | Test: [0][561/1000]    Time 0.068  Data 0.004  top1  42.000 ( 29.080)  top5  16.000 ( 10.210)	
 | Test: [0][562/1000]    Time 1.055  Data 0.991  top1  42.000 ( 29.103)  top5  12.000 ( 10.214)	
 | Test: [0][563/1000]    Time 0.120  Data 0.056  top1  36.000 ( 29.115)  top5  12.000 ( 10.217)	
 | Test: [0][564/1000]    Time 1.008  Data 0.944  top1  30.000 ( 29.117)  top5  10.000 ( 10.216)	
 | Test: [0][565/1000]    Time 0.127  Data 0.063  top1  30.000 ( 29.119)  top5  16.000 ( 10.227)	
 | Test: [0][566/1000]    Time 1.083  Data 1.019  top1  26.000 ( 29.113)  top5  10.000 ( 10.226)	
 | Test: [0][567/1000]    Time 0.243  Data 0.179  top1  34.000 ( 29.122)  top5  16.000 ( 10.236)	
 | Test: [0][568/1000]    Time 0.903  Data 0.834  top1  24.000 ( 29.113)  top5   8.000 ( 10.232)	
 | Test: [0][569/1000]    Time 0.700  Data 0.632  top1  20.000 ( 29.097)  top5   8.000 ( 10.228)	
 | Test: [0][570/1000]    Time 0.462  Data 0.394  top1  40.000 ( 29.116)  top5  14.000 ( 10.235)	
 | Test: [0][571/1000]    Time 0.711  Data 0.643  top1  28.000 ( 29.114)  top5  14.000 ( 10.242)	
 | Test: [0][572/1000]    Time 0.501  Data 0.433  top1  34.000 ( 29.122)  top5  10.000 ( 10.241)	
 | Test: [0][573/1000]    Time 0.669  Data 0.601  top1  26.000 ( 29.117)  top5   6.000 ( 10.234)	
 | Test: [0][574/1000]    Time 0.627  Data 0.558  top1  34.000 ( 29.125)  top5  10.000 ( 10.233)	
 | Test: [0][575/1000]    Time 0.546  Data 0.478  top1  24.000 ( 29.117)  top5   6.000 ( 10.226)	
 | Test: [0][576/1000]    Time 0.705  Data 0.638  top1  22.000 ( 29.104)  top5  10.000 ( 10.226)	
 | Test: [0][577/1000]    Time 0.485  Data 0.418  top1  28.000 ( 29.102)  top5   8.000 ( 10.222)	
 | Test: [0][578/1000]    Time 0.693  Data 0.625  top1  34.000 ( 29.111)  top5   6.000 ( 10.215)	
 | Test: [0][579/1000]    Time 0.451  Data 0.384  top1  32.000 ( 29.116)  top5  12.000 ( 10.218)	
 | Test: [0][580/1000]    Time 0.733  Data 0.665  top1  32.000 ( 29.121)  top5   4.000 ( 10.207)	
 | Test: [0][581/1000]    Time 0.592  Data 0.524  top1  18.000 ( 29.102)  top5   2.000 ( 10.193)	
 | Test: [0][582/1000]    Time 0.635  Data 0.567  top1  28.000 ( 29.100)  top5  12.000 ( 10.196)	
 | Test: [0][583/1000]    Time 0.538  Data 0.470  top1  50.000 ( 29.136)  top5  16.000 ( 10.206)	
 | Test: [0][584/1000]    Time 0.648  Data 0.573  top1  36.000 ( 29.147)  top5   6.000 ( 10.199)	
 | Test: [0][585/1000]    Time 0.628  Data 0.560  top1  16.000 ( 29.125)  top5   6.000 ( 10.191)	
 | Test: [0][586/1000]    Time 0.480  Data 0.412  top1  36.000 ( 29.137)  top5  12.000 ( 10.195)	
 | Test: [0][587/1000]    Time 0.690  Data 0.622  top1  28.000 ( 29.135)  top5   8.000 ( 10.191)	
 | Test: [0][588/1000]    Time 0.633  Data 0.565  top1  20.000 ( 29.119)  top5   8.000 ( 10.187)	
 | Test: [0][589/1000]    Time 0.506  Data 0.438  top1  34.000 ( 29.127)  top5  10.000 ( 10.187)	
 | Test: [0][590/1000]    Time 0.835  Data 0.767  top1  34.000 ( 29.136)  top5   8.000 ( 10.183)	
 | Test: [0][591/1000]    Time 0.416  Data 0.348  top1  36.000 ( 29.147)  top5  16.000 ( 10.193)	
 | Test: [0][592/1000]    Time 0.762  Data 0.694  top1  36.000 ( 29.159)  top5   8.000 ( 10.189)	
 | Test: [0][593/1000]    Time 0.489  Data 0.421  top1  28.000 ( 29.157)  top5  14.000 ( 10.196)	
 | Test: [0][594/1000]    Time 0.700  Data 0.632  top1  32.000 ( 29.162)  top5   6.000 ( 10.189)	
 | Test: [0][595/1000]    Time 0.503  Data 0.436  top1  30.000 ( 29.163)  top5  18.000 ( 10.202)	
 | Test: [0][596/1000]    Time 0.652  Data 0.584  top1  34.000 ( 29.171)  top5  14.000 ( 10.208)	
 | Test: [0][597/1000]    Time 0.533  Data 0.465  top1  36.000 ( 29.183)  top5   2.000 ( 10.194)	
 | Test: [0][598/1000]    Time 0.645  Data 0.577  top1  36.000 ( 29.194)  top5  10.000 ( 10.194)	
 | Test: [0][599/1000]    Time 0.560  Data 0.493  top1  24.000 ( 29.185)  top5   8.000 ( 10.190)	
 | Test: [0][600/1000]    Time 0.616  Data 0.548  top1  48.000 ( 29.217)  top5  12.000 ( 10.193)	
 | Test: [0][601/1000]    Time 0.560  Data 0.492  top1  34.000 ( 29.225)  top5  14.000 ( 10.200)	
 | Test: [0][602/1000]    Time 0.693  Data 0.625  top1  30.000 ( 29.226)  top5  14.000 ( 10.206)	
 | Test: [0][603/1000]    Time 0.484  Data 0.416  top1  32.000 ( 29.231)  top5   8.000 ( 10.202)	
 | Test: [0][604/1000]    Time 0.619  Data 0.551  top1  30.000 ( 29.232)  top5  10.000 ( 10.202)	
 | Test: [0][605/1000]    Time 0.646  Data 0.578  top1  34.000 ( 29.240)  top5  18.000 ( 10.215)	
 | Test: [0][606/1000]    Time 0.518  Data 0.450  top1  28.000 ( 29.238)  top5  10.000 ( 10.215)	
 | Test: [0][607/1000]    Time 0.955  Data 0.887  top1  30.000 ( 29.239)  top5  16.000 ( 10.224)	
 | Test: [0][608/1000]    Time 0.198  Data 0.130  top1  36.000 ( 29.250)  top5   2.000 ( 10.211)	
 | Test: [0][609/1000]    Time 1.092  Data 1.024  top1  30.000 ( 29.251)  top5  12.000 ( 10.213)	
 | Test: [0][610/1000]    Time 0.068  Data 0.001  top1  34.000 ( 29.259)  top5   8.000 ( 10.210)	
 | Test: [0][611/1000]    Time 1.113  Data 1.049  top1  28.000 ( 29.257)  top5  20.000 ( 10.226)	
 | Test: [0][612/1000]    Time 0.065  Data 0.001  top1  20.000 ( 29.242)  top5  12.000 ( 10.229)	
 | Test: [0][613/1000]    Time 1.177  Data 1.113  top1  34.000 ( 29.250)  top5  16.000 ( 10.238)	
 | Test: [0][614/1000]    Time 0.258  Data 0.194  top1  28.000 ( 29.248)  top5  10.000 ( 10.238)	
 | Test: [0][615/1000]    Time 0.883  Data 0.819  top1  28.000 ( 29.246)  top5  10.000 ( 10.237)	
 | Test: [0][616/1000]    Time 0.386  Data 0.322  top1  32.000 ( 29.250)  top5   6.000 ( 10.231)	
 | Test: [0][617/1000]    Time 0.899  Data 0.835  top1  32.000 ( 29.254)  top5  10.000 ( 10.230)	
 | Test: [0][618/1000]    Time 0.458  Data 0.393  top1  38.000 ( 29.269)  top5  14.000 ( 10.236)	
 | Test: [0][619/1000]    Time 0.808  Data 0.734  top1  28.000 ( 29.267)  top5   8.000 ( 10.233)	
 | Test: [0][620/1000]    Time 0.617  Data 0.553  top1  16.000 ( 29.245)  top5   8.000 ( 10.229)	
 | Test: [0][621/1000]    Time 0.544  Data 0.480  top1  22.000 ( 29.233)  top5   2.000 ( 10.216)	
 | Test: [0][622/1000]    Time 0.570  Data 0.506  top1  22.000 ( 29.222)  top5   8.000 ( 10.212)	
 | Test: [0][623/1000]    Time 0.577  Data 0.513  top1  32.000 ( 29.226)  top5  14.000 ( 10.218)	
 | Test: [0][624/1000]    Time 0.649  Data 0.585  top1  38.000 ( 29.240)  top5  18.000 ( 10.231)	
 | Test: [0][625/1000]    Time 0.548  Data 0.484  top1  36.000 ( 29.251)  top5   8.000 ( 10.227)	
 | Test: [0][626/1000]    Time 0.655  Data 0.591  top1  32.000 ( 29.256)  top5  12.000 ( 10.230)	
 | Test: [0][627/1000]    Time 0.531  Data 0.467  top1  42.000 ( 29.276)  top5   8.000 ( 10.226)	
 | Test: [0][628/1000]    Time 0.743  Data 0.679  top1  32.000 ( 29.280)  top5   8.000 ( 10.223)	
 | Test: [0][629/1000]    Time 0.525  Data 0.457  top1  22.000 ( 29.269)  top5  10.000 ( 10.223)	
 | Test: [0][630/1000]    Time 0.714  Data 0.650  top1  16.000 ( 29.248)  top5   4.000 ( 10.213)	
 | Test: [0][631/1000]    Time 0.441  Data 0.376  top1  32.000 ( 29.252)  top5  18.000 ( 10.225)	
 | Test: [0][632/1000]    Time 0.726  Data 0.662  top1  28.000 ( 29.250)  top5  10.000 ( 10.225)	
 | Test: [0][633/1000]    Time 0.539  Data 0.475  top1  20.000 ( 29.235)  top5   2.000 ( 10.212)	
 | Test: [0][634/1000]    Time 0.636  Data 0.572  top1  34.000 ( 29.243)  top5   8.000 ( 10.208)	
 | Test: [0][635/1000]    Time 0.584  Data 0.520  top1  36.000 ( 29.254)  top5  12.000 ( 10.211)	
 | Test: [0][636/1000]    Time 0.580  Data 0.506  top1  28.000 ( 29.252)  top5   8.000 ( 10.208)	
 | Test: [0][637/1000]    Time 0.569  Data 0.505  top1  18.000 ( 29.234)  top5   8.000 ( 10.204)	
 | Test: [0][638/1000]    Time 0.560  Data 0.496  top1  46.000 ( 29.260)  top5  26.000 ( 10.229)	
 | Test: [0][639/1000]    Time 0.600  Data 0.536  top1  22.000 ( 29.249)  top5   6.000 ( 10.222)	
 | Test: [0][640/1000]    Time 0.644  Data 0.580  top1  20.000 ( 29.234)  top5   2.000 ( 10.209)	
 | Test: [0][641/1000]    Time 0.502  Data 0.438  top1  30.000 ( 29.236)  top5   8.000 ( 10.206)	
 | Test: [0][642/1000]    Time 0.697  Data 0.633  top1  34.000 ( 29.243)  top5  10.000 ( 10.206)	
 | Test: [0][643/1000]    Time 0.596  Data 0.528  top1  38.000 ( 29.257)  top5   6.000 ( 10.199)	
 | Test: [0][644/1000]    Time 0.665  Data 0.597  top1  34.000 ( 29.264)  top5  10.000 ( 10.199)	
 | Test: [0][645/1000]    Time 0.516  Data 0.448  top1  28.000 ( 29.262)  top5   8.000 ( 10.195)	
 | Test: [0][646/1000]    Time 0.706  Data 0.636  top1  24.000 ( 29.254)  top5  10.000 ( 10.195)	
 | Test: [0][647/1000]    Time 0.453  Data 0.385  top1  30.000 ( 29.255)  top5  12.000 ( 10.198)	
 | Test: [0][648/1000]    Time 0.730  Data 0.662  top1  24.000 ( 29.247)  top5  10.000 ( 10.198)	
 | Test: [0][649/1000]    Time 0.509  Data 0.441  top1  26.000 ( 29.242)  top5  12.000 ( 10.200)	
 | Test: [0][650/1000]    Time 0.663  Data 0.596  top1  24.000 ( 29.234)  top5   8.000 ( 10.197)	
 | Test: [0][651/1000]    Time 0.495  Data 0.427  top1  34.000 ( 29.241)  top5  14.000 ( 10.203)	
 | Test: [0][652/1000]    Time 0.807  Data 0.733  top1  24.000 ( 29.233)  top5   6.000 ( 10.196)	
 | Test: [0][653/1000]    Time 0.358  Data 0.291  top1  26.000 ( 29.228)  top5  12.000 ( 10.199)	
 | Test: [0][654/1000]    Time 0.753  Data 0.685  top1  46.000 ( 29.254)  top5  12.000 ( 10.202)	
 | Test: [0][655/1000]    Time 0.496  Data 0.428  top1  20.000 ( 29.240)  top5   4.000 ( 10.192)	
 | Test: [0][656/1000]    Time 0.695  Data 0.627  top1  30.000 ( 29.241)  top5  16.000 ( 10.201)	
 | Test: [0][657/1000]    Time 0.487  Data 0.419  top1  28.000 ( 29.239)  top5  10.000 ( 10.201)	
 | Test: [0][658/1000]    Time 0.797  Data 0.729  top1  32.000 ( 29.243)  top5  10.000 ( 10.201)	
 | Test: [0][659/1000]    Time 0.438  Data 0.368  top1  18.000 ( 29.226)  top5   6.000 ( 10.194)	
 | Test: [0][660/1000]    Time 0.739  Data 0.671  top1  30.000 ( 29.227)  top5   6.000 ( 10.188)	
 | Test: [0][661/1000]    Time 0.490  Data 0.423  top1  32.000 ( 29.231)  top5  16.000 ( 10.197)	
 | Test: [0][662/1000]    Time 0.688  Data 0.620  top1  24.000 ( 29.224)  top5   6.000 ( 10.190)	
 | Test: [0][663/1000]    Time 0.497  Data 0.430  top1  30.000 ( 29.225)  top5  12.000 ( 10.193)	
 | Test: [0][664/1000]    Time 0.688  Data 0.620  top1  32.000 ( 29.229)  top5  10.000 ( 10.193)	
 | Test: [0][665/1000]    Time 0.540  Data 0.472  top1  28.000 ( 29.227)  top5  10.000 ( 10.192)	
 | Test: [0][666/1000]    Time 0.757  Data 0.689  top1  34.000 ( 29.234)  top5   4.000 ( 10.183)	
 | Test: [0][667/1000]    Time 0.434  Data 0.366  top1  34.000 ( 29.241)  top5  10.000 ( 10.183)	
 | Test: [0][668/1000]    Time 0.763  Data 0.685  top1  34.000 ( 29.249)  top5  16.000 ( 10.192)	
 | Test: [0][669/1000]    Time 0.424  Data 0.356  top1  30.000 ( 29.250)  top5  10.000 ( 10.191)	
 | Test: [0][670/1000]    Time 0.707  Data 0.639  top1  24.000 ( 29.242)  top5   6.000 ( 10.185)	
 | Test: [0][671/1000]    Time 0.373  Data 0.305  top1  20.000 ( 29.228)  top5   4.000 ( 10.176)	
 | Test: [0][672/1000]    Time 0.809  Data 0.741  top1  16.000 ( 29.208)  top5   4.000 ( 10.167)	
 | Test: [0][673/1000]    Time 0.303  Data 0.235  top1  32.000 ( 29.212)  top5   2.000 ( 10.155)	
 | Test: [0][674/1000]    Time 0.850  Data 0.782  top1  26.000 ( 29.208)  top5  14.000 ( 10.160)	
 | Test: [0][675/1000]    Time 0.403  Data 0.335  top1  44.000 ( 29.230)  top5  14.000 ( 10.166)	
 | Test: [0][676/1000]    Time 0.780  Data 0.712  top1  26.000 ( 29.225)  top5  12.000 ( 10.169)	
 | Test: [0][677/1000]    Time 0.307  Data 0.239  top1  24.000 ( 29.217)  top5   6.000 ( 10.162)	
 | Test: [0][678/1000]    Time 0.854  Data 0.786  top1  22.000 ( 29.206)  top5   6.000 ( 10.156)	
 | Test: [0][679/1000]    Time 0.333  Data 0.266  top1  30.000 ( 29.208)  top5   8.000 ( 10.153)	
 | Test: [0][680/1000]    Time 0.824  Data 0.755  top1  28.000 ( 29.206)  top5  20.000 ( 10.168)	
 | Test: [0][681/1000]    Time 0.310  Data 0.242  top1  22.000 ( 29.195)  top5   6.000 ( 10.162)	
 | Test: [0][682/1000]    Time 0.904  Data 0.836  top1  34.000 ( 29.202)  top5  14.000 ( 10.167)	
 | Test: [0][683/1000]    Time 0.319  Data 0.250  top1  26.000 ( 29.198)  top5  12.000 ( 10.170)	
 | Test: [0][684/1000]    Time 1.001  Data 0.926  top1  26.000 ( 29.193)  top5  12.000 ( 10.173)	
 | Test: [0][685/1000]    Time 0.279  Data 0.211  top1  38.000 ( 29.206)  top5   8.000 ( 10.169)	
 | Test: [0][686/1000]    Time 0.849  Data 0.781  top1  40.000 ( 29.222)  top5  12.000 ( 10.172)	
 | Test: [0][687/1000]    Time 0.205  Data 0.137  top1  34.000 ( 29.229)  top5   6.000 ( 10.166)	
 | Test: [0][688/1000]    Time 0.954  Data 0.887  top1  34.000 ( 29.235)  top5  10.000 ( 10.166)	
 | Test: [0][689/1000]    Time 0.172  Data 0.104  top1  28.000 ( 29.234)  top5   2.000 ( 10.154)	
 | Test: [0][690/1000]    Time 1.027  Data 0.959  top1  14.000 ( 29.212)  top5   6.000 ( 10.148)	
 | Test: [0][691/1000]    Time 0.182  Data 0.114  top1  28.000 ( 29.210)  top5   8.000 ( 10.145)	
 | Test: [0][692/1000]    Time 1.000  Data 0.932  top1  38.000 ( 29.223)  top5  18.000 ( 10.156)	
 | Test: [0][693/1000]    Time 0.327  Data 0.258  top1  36.000 ( 29.232)  top5  14.000 ( 10.162)	
 | Test: [0][694/1000]    Time 1.023  Data 0.953  top1  34.000 ( 29.239)  top5  14.000 ( 10.167)	
 | Test: [0][695/1000]    Time 0.145  Data 0.077  top1  32.000 ( 29.243)  top5  16.000 ( 10.176)	
 | Test: [0][696/1000]    Time 1.059  Data 0.990  top1  22.000 ( 29.233)  top5   6.000 ( 10.170)	
 | Test: [0][697/1000]    Time 0.069  Data 0.001  top1  26.000 ( 29.228)  top5  12.000 ( 10.172)	
 | Test: [0][698/1000]    Time 1.049  Data 0.983  top1  36.000 ( 29.238)  top5  12.000 ( 10.175)	
 | Test: [0][699/1000]    Time 0.080  Data 0.015  top1  26.000 ( 29.233)  top5   6.000 ( 10.169)	
 | Test: [0][700/1000]    Time 1.124  Data 1.050  top1  34.000 ( 29.240)  top5   8.000 ( 10.166)	
 | Test: [0][701/1000]    Time 0.134  Data 0.069  top1  28.000 ( 29.238)  top5   6.000 ( 10.160)	
 | Test: [0][702/1000]    Time 1.025  Data 0.961  top1  28.000 ( 29.236)  top5  12.000 ( 10.162)	
 | Test: [0][703/1000]    Time 0.105  Data 0.040  top1  34.000 ( 29.243)  top5  20.000 ( 10.176)	
 | Test: [0][704/1000]    Time 1.013  Data 0.948  top1  14.000 ( 29.222)  top5   8.000 ( 10.173)	
 | Test: [0][705/1000]    Time 0.180  Data 0.113  top1  28.000 ( 29.220)  top5  10.000 ( 10.173)	
 | Test: [0][706/1000]    Time 1.057  Data 0.991  top1  28.000 ( 29.218)  top5   6.000 ( 10.167)	
 | Test: [0][707/1000]    Time 0.429  Data 0.362  top1  26.000 ( 29.214)  top5   8.000 ( 10.164)	
 | Test: [0][708/1000]    Time 0.828  Data 0.763  top1  30.000 ( 29.215)  top5  12.000 ( 10.167)	
 | Test: [0][709/1000]    Time 0.396  Data 0.331  top1  26.000 ( 29.210)  top5  12.000 ( 10.169)	
 | Test: [0][710/1000]    Time 0.735  Data 0.668  top1  36.000 ( 29.220)  top5  16.000 ( 10.177)	
 | Test: [0][711/1000]    Time 0.435  Data 0.370  top1  38.000 ( 29.232)  top5   8.000 ( 10.174)	
 | Test: [0][712/1000]    Time 0.754  Data 0.689  top1  36.000 ( 29.242)  top5  14.000 ( 10.180)	
 | Test: [0][713/1000]    Time 0.410  Data 0.344  top1  40.000 ( 29.257)  top5  14.000 ( 10.185)	
 | Test: [0][714/1000]    Time 0.812  Data 0.747  top1  16.000 ( 29.238)  top5   8.000 ( 10.182)	
 | Test: [0][715/1000]    Time 0.349  Data 0.289  top1  30.000 ( 29.239)  top5  14.000 ( 10.187)	
 | Test: [0][716/1000]    Time 0.806  Data 0.734  top1  28.000 ( 29.237)  top5  14.000 ( 10.193)	
 | Test: [0][717/1000]    Time 0.436  Data 0.368  top1  38.000 ( 29.250)  top5  12.000 ( 10.195)	
 | Test: [0][718/1000]    Time 0.687  Data 0.622  top1  26.000 ( 29.245)  top5  14.000 ( 10.201)	
 | Test: [0][719/1000]    Time 0.409  Data 0.344  top1  20.000 ( 29.232)  top5   8.000 ( 10.197)	
 | Test: [0][720/1000]    Time 0.733  Data 0.667  top1  20.000 ( 29.219)  top5   8.000 ( 10.194)	
 | Test: [0][721/1000]    Time 0.467  Data 0.393  top1  38.000 ( 29.232)  top5  20.000 ( 10.208)	
 | Test: [0][722/1000]    Time 0.730  Data 0.662  top1  30.000 ( 29.233)  top5   8.000 ( 10.205)	
 | Test: [0][723/1000]    Time 0.412  Data 0.344  top1  26.000 ( 29.228)  top5  10.000 ( 10.205)	
 | Test: [0][724/1000]    Time 1.111  Data 1.043  top1  32.000 ( 29.232)  top5  14.000 ( 10.210)	
 | Test: [0][725/1000]    Time 0.067  Data 0.001  top1  34.000 ( 29.239)  top5  10.000 ( 10.210)	
 | Test: [0][726/1000]    Time 1.073  Data 1.009  top1  28.000 ( 29.237)  top5   4.000 ( 10.201)	
 | Test: [0][727/1000]    Time 0.131  Data 0.065  top1  22.000 ( 29.227)  top5   8.000 ( 10.198)	
 | Test: [0][728/1000]    Time 0.985  Data 0.917  top1  34.000 ( 29.234)  top5  10.000 ( 10.198)	
 | Test: [0][729/1000]    Time 0.255  Data 0.191  top1  18.000 ( 29.218)  top5   6.000 ( 10.192)	
 | Test: [0][730/1000]    Time 0.997  Data 0.933  top1  36.000 ( 29.227)  top5  10.000 ( 10.192)	
 | Test: [0][731/1000]    Time 0.189  Data 0.124  top1  42.000 ( 29.245)  top5   8.000 ( 10.189)	
 | Test: [0][732/1000]    Time 1.020  Data 0.946  top1  26.000 ( 29.240)  top5   6.000 ( 10.183)	
 | Test: [0][733/1000]    Time 0.222  Data 0.157  top1  32.000 ( 29.244)  top5  10.000 ( 10.183)	
 | Test: [0][734/1000]    Time 0.893  Data 0.829  top1  22.000 ( 29.234)  top5   8.000 ( 10.180)	
 | Test: [0][735/1000]    Time 0.322  Data 0.257  top1  32.000 ( 29.238)  top5  12.000 ( 10.182)	
 | Test: [0][736/1000]    Time 0.808  Data 0.744  top1  40.000 ( 29.253)  top5  22.000 ( 10.198)	
 | Test: [0][737/1000]    Time 0.297  Data 0.231  top1  24.000 ( 29.246)  top5   6.000 ( 10.193)	
 | Test: [0][738/1000]    Time 0.813  Data 0.749  top1  20.000 ( 29.233)  top5  12.000 ( 10.195)	
 | Test: [0][739/1000]    Time 0.686  Data 0.620  top1  36.000 ( 29.242)  top5  12.000 ( 10.198)	
 | Test: [0][740/1000]    Time 0.446  Data 0.378  top1  42.000 ( 29.259)  top5  12.000 ( 10.200)	
 | Test: [0][741/1000]    Time 0.737  Data 0.672  top1  10.000 ( 29.233)  top5   4.000 ( 10.192)	
 | Test: [0][742/1000]    Time 0.466  Data 0.402  top1  22.000 ( 29.224)  top5   8.000 ( 10.189)	
 | Test: [0][743/1000]    Time 0.670  Data 0.606  top1  16.000 ( 29.206)  top5   6.000 ( 10.183)	
 | Test: [0][744/1000]    Time 0.717  Data 0.650  top1  30.000 ( 29.207)  top5  12.000 ( 10.185)	
 | Test: [0][745/1000]    Time 0.457  Data 0.393  top1  30.000 ( 29.208)  top5  10.000 ( 10.185)	
 | Test: [0][746/1000]    Time 0.778  Data 0.714  top1  30.000 ( 29.209)  top5  10.000 ( 10.185)	
 | Test: [0][747/1000]    Time 0.438  Data 0.374  top1  20.000 ( 29.197)  top5   6.000 ( 10.179)	
 | Test: [0][748/1000]    Time 0.860  Data 0.787  top1  36.000 ( 29.206)  top5  10.000 ( 10.179)	
 | Test: [0][749/1000]    Time 0.405  Data 0.341  top1  40.000 ( 29.220)  top5  14.000 ( 10.184)	
 | Test: [0][750/1000]    Time 0.693  Data 0.629  top1  30.000 ( 29.221)  top5  12.000 ( 10.187)	
 | Test: [0][751/1000]    Time 0.518  Data 0.454  top1  36.000 ( 29.230)  top5  16.000 ( 10.194)	
 | Test: [0][752/1000]    Time 0.651  Data 0.587  top1  32.000 ( 29.234)  top5  12.000 ( 10.197)	
 | Test: [0][753/1000]    Time 0.519  Data 0.455  top1  48.000 ( 29.259)  top5  18.000 ( 10.207)	
 | Test: [0][754/1000]    Time 0.683  Data 0.619  top1  30.000 ( 29.260)  top5   8.000 ( 10.204)	
 | Test: [0][755/1000]    Time 0.475  Data 0.411  top1  26.000 ( 29.256)  top5   6.000 ( 10.199)	
 | Test: [0][756/1000]    Time 0.682  Data 0.618  top1  30.000 ( 29.257)  top5   6.000 ( 10.193)	
 | Test: [0][757/1000]    Time 0.507  Data 0.443  top1  26.000 ( 29.252)  top5  10.000 ( 10.193)	
 | Test: [0][758/1000]    Time 0.686  Data 0.622  top1  18.000 ( 29.237)  top5   8.000 ( 10.190)	
 | Test: [0][759/1000]    Time 0.554  Data 0.490  top1  20.000 ( 29.225)  top5   6.000 ( 10.184)	
 | Test: [0][760/1000]    Time 0.630  Data 0.566  top1  34.000 ( 29.232)  top5  10.000 ( 10.184)	
 | Test: [0][761/1000]    Time 0.662  Data 0.598  top1  22.000 ( 29.222)  top5   8.000 ( 10.181)	
 | Test: [0][762/1000]    Time 0.549  Data 0.485  top1  32.000 ( 29.226)  top5  14.000 ( 10.186)	
 | Test: [0][763/1000]    Time 0.659  Data 0.595  top1  26.000 ( 29.221)  top5  10.000 ( 10.186)	
 | Test: [0][764/1000]    Time 0.526  Data 0.462  top1  26.000 ( 29.217)  top5   8.000 ( 10.183)	
 | Test: [0][765/1000]    Time 0.719  Data 0.655  top1  44.000 ( 29.237)  top5  14.000 ( 10.188)	
 | Test: [0][766/1000]    Time 0.479  Data 0.415  top1  30.000 ( 29.238)  top5  10.000 ( 10.188)	
 | Test: [0][767/1000]    Time 0.736  Data 0.665  top1  18.000 ( 29.223)  top5   6.000 ( 10.183)	
 | Test: [0][768/1000]    Time 0.466  Data 0.402  top1  30.000 ( 29.224)  top5  16.000 ( 10.190)	
 | Test: [0][769/1000]    Time 0.647  Data 0.584  top1  26.000 ( 29.220)  top5  12.000 ( 10.192)	
 | Test: [0][770/1000]    Time 0.488  Data 0.424  top1  24.000 ( 29.213)  top5   8.000 ( 10.190)	
 | Test: [0][771/1000]    Time 0.676  Data 0.611  top1  28.000 ( 29.211)  top5  16.000 ( 10.197)	
 | Test: [0][772/1000]    Time 0.575  Data 0.506  top1  34.000 ( 29.218)  top5   8.000 ( 10.194)	
 | Test: [0][773/1000]    Time 0.637  Data 0.571  top1  18.000 ( 29.203)  top5   6.000 ( 10.189)	
 | Test: [0][774/1000]    Time 0.711  Data 0.646  top1  26.000 ( 29.199)  top5  10.000 ( 10.189)	
 | Test: [0][775/1000]    Time 0.660  Data 0.596  top1  34.000 ( 29.205)  top5  14.000 ( 10.194)	
 | Test: [0][776/1000]    Time 0.503  Data 0.436  top1  30.000 ( 29.206)  top5  10.000 ( 10.193)	
 | Test: [0][777/1000]    Time 0.679  Data 0.615  top1  42.000 ( 29.223)  top5  20.000 ( 10.206)	
 | Test: [0][778/1000]    Time 0.599  Data 0.535  top1  28.000 ( 29.221)  top5  12.000 ( 10.208)	
 | Test: [0][779/1000]    Time 0.605  Data 0.541  top1  32.000 ( 29.225)  top5   2.000 ( 10.198)	
 | Test: [0][780/1000]    Time 0.596  Data 0.532  top1  20.000 ( 29.213)  top5   4.000 ( 10.190)	
 | Test: [0][781/1000]    Time 0.638  Data 0.574  top1  30.000 ( 29.214)  top5  10.000 ( 10.190)	
 | Test: [0][782/1000]    Time 0.659  Data 0.594  top1  18.000 ( 29.199)  top5   2.000 ( 10.179)	
 | Test: [0][783/1000]    Time 0.688  Data 0.624  top1  30.000 ( 29.201)  top5  14.000 ( 10.184)	
 | Test: [0][784/1000]    Time 0.474  Data 0.409  top1  26.000 ( 29.196)  top5  14.000 ( 10.189)	
 | Test: [0][785/1000]    Time 0.690  Data 0.625  top1  30.000 ( 29.197)  top5  18.000 ( 10.199)	
 | Test: [0][786/1000]    Time 0.477  Data 0.413  top1  28.000 ( 29.196)  top5  10.000 ( 10.198)	
 | Test: [0][787/1000]    Time 0.738  Data 0.667  top1  30.000 ( 29.197)  top5  14.000 ( 10.203)	
 | Test: [0][788/1000]    Time 0.430  Data 0.367  top1  26.000 ( 29.193)  top5   4.000 ( 10.195)	
 | Test: [0][789/1000]    Time 0.690  Data 0.626  top1  20.000 ( 29.181)  top5   4.000 ( 10.188)	
 | Test: [0][790/1000]    Time 0.498  Data 0.432  top1  26.000 ( 29.177)  top5   6.000 ( 10.182)	
 | Test: [0][791/1000]    Time 0.661  Data 0.596  top1  32.000 ( 29.181)  top5  12.000 ( 10.185)	
 | Test: [0][792/1000]    Time 0.516  Data 0.452  top1  26.000 ( 29.177)  top5  10.000 ( 10.184)	
 | Test: [0][793/1000]    Time 0.749  Data 0.685  top1  24.000 ( 29.170)  top5  10.000 ( 10.184)	
 | Test: [0][794/1000]    Time 0.454  Data 0.390  top1  24.000 ( 29.164)  top5   8.000 ( 10.181)	
 | Test: [0][795/1000]    Time 0.883  Data 0.817  top1  26.000 ( 29.160)  top5  10.000 ( 10.181)	
 | Test: [0][796/1000]    Time 0.273  Data 0.205  top1  20.000 ( 29.148)  top5   8.000 ( 10.178)	
 | Test: [0][797/1000]    Time 0.905  Data 0.837  top1  22.000 ( 29.139)  top5   8.000 ( 10.176)	
 | Test: [0][798/1000]    Time 0.263  Data 0.194  top1  22.000 ( 29.130)  top5   8.000 ( 10.173)	
 | Test: [0][799/1000]    Time 0.929  Data 0.861  top1  28.000 ( 29.129)  top5  14.000 ( 10.178)	
 | Test: [0][800/1000]    Time 0.266  Data 0.198  top1  34.000 ( 29.135)  top5  14.000 ( 10.182)	
 | Test: [0][801/1000]    Time 1.204  Data 1.136  top1  32.000 ( 29.139)  top5   6.000 ( 10.177)	
 | Test: [0][802/1000]    Time 0.069  Data 0.001  top1  36.000 ( 29.147)  top5   8.000 ( 10.175)	
 | Test: [0][803/1000]    Time 1.201  Data 1.127  top1  40.000 ( 29.161)  top5  18.000 ( 10.184)	
 | Test: [0][804/1000]    Time 0.140  Data 0.072  top1  38.000 ( 29.172)  top5  16.000 ( 10.192)	
 | Test: [0][805/1000]    Time 0.927  Data 0.859  top1  26.000 ( 29.168)  top5   2.000 ( 10.181)	
 | Test: [0][806/1000]    Time 0.285  Data 0.217  top1  38.000 ( 29.179)  top5  16.000 ( 10.189)	
 | Test: [0][807/1000]    Time 0.863  Data 0.795  top1  28.000 ( 29.177)  top5   8.000 ( 10.186)	
 | Test: [0][808/1000]    Time 0.309  Data 0.241  top1  34.000 ( 29.183)  top5  14.000 ( 10.191)	
 | Test: [0][809/1000]    Time 0.839  Data 0.771  top1  22.000 ( 29.174)  top5   4.000 ( 10.183)	
 | Test: [0][810/1000]    Time 0.342  Data 0.274  top1  28.000 ( 29.173)  top5   6.000 ( 10.178)	
 | Test: [0][811/1000]    Time 0.912  Data 0.845  top1  38.000 ( 29.184)  top5  16.000 ( 10.185)	
 | Test: [0][812/1000]    Time 0.275  Data 0.207  top1  34.000 ( 29.190)  top5  16.000 ( 10.192)	
 | Test: [0][813/1000]    Time 0.963  Data 0.895  top1  22.000 ( 29.181)  top5   6.000 ( 10.187)	
 | Test: [0][814/1000]    Time 0.226  Data 0.158  top1  26.000 ( 29.177)  top5  14.000 ( 10.192)	
 | Test: [0][815/1000]    Time 1.002  Data 0.934  top1  32.000 ( 29.180)  top5  10.000 ( 10.191)	
 | Test: [0][816/1000]    Time 0.186  Data 0.118  top1  26.000 ( 29.176)  top5  10.000 ( 10.191)	
 | Test: [0][817/1000]    Time 0.992  Data 0.924  top1  36.000 ( 29.185)  top5  10.000 ( 10.191)	
 | Test: [0][818/1000]    Time 0.179  Data 0.109  top1  22.000 ( 29.176)  top5  10.000 ( 10.191)	
 | Test: [0][819/1000]    Time 1.026  Data 0.951  top1  30.000 ( 29.177)  top5   6.000 ( 10.186)	
 | Test: [0][820/1000]    Time 0.151  Data 0.083  top1  30.000 ( 29.178)  top5   8.000 ( 10.183)	
 | Test: [0][821/1000]    Time 1.248  Data 1.180  top1  32.000 ( 29.181)  top5  10.000 ( 10.183)	
 | Test: [0][822/1000]    Time 0.068  Data 0.001  top1  24.000 ( 29.175)  top5   2.000 ( 10.173)	
 | Test: [0][823/1000]    Time 1.103  Data 1.038  top1  30.000 ( 29.176)  top5  14.000 ( 10.177)	
 | Test: [0][824/1000]    Time 0.065  Data 0.001  top1  30.000 ( 29.177)  top5   8.000 ( 10.175)	
 | Test: [0][825/1000]    Time 1.147  Data 1.083  top1  24.000 ( 29.171)  top5  10.000 ( 10.175)	
 | Test: [0][826/1000]    Time 0.064  Data 0.001  top1  28.000 ( 29.169)  top5  10.000 ( 10.174)	
 | Test: [0][827/1000]    Time 1.116  Data 1.052  top1  32.000 ( 29.173)  top5   6.000 ( 10.169)	
 | Test: [0][828/1000]    Time 0.064  Data 0.001  top1  40.000 ( 29.186)  top5  16.000 ( 10.176)	
 | Test: [0][829/1000]    Time 1.053  Data 0.989  top1  38.000 ( 29.197)  top5   6.000 ( 10.171)	
 | Test: [0][830/1000]    Time 0.094  Data 0.030  top1  22.000 ( 29.188)  top5   4.000 ( 10.164)	
 | Test: [0][831/1000]    Time 1.107  Data 1.043  top1  18.000 ( 29.174)  top5   2.000 ( 10.154)	
 | Test: [0][832/1000]    Time 0.108  Data 0.044  top1  34.000 ( 29.180)  top5   8.000 ( 10.151)	
 | Test: [0][833/1000]    Time 1.062  Data 0.998  top1  18.000 ( 29.167)  top5   6.000 ( 10.146)	
 | Test: [0][834/1000]    Time 0.182  Data 0.118  top1  24.000 ( 29.161)  top5   8.000 ( 10.144)	
 | Test: [0][835/1000]    Time 0.998  Data 0.925  top1  32.000 ( 29.164)  top5  10.000 ( 10.144)	
 | Test: [0][836/1000]    Time 0.219  Data 0.155  top1  28.000 ( 29.163)  top5   8.000 ( 10.141)	
 | Test: [0][837/1000]    Time 0.939  Data 0.875  top1  26.000 ( 29.159)  top5  16.000 ( 10.148)	
 | Test: [0][838/1000]    Time 0.370  Data 0.306  top1  28.000 ( 29.158)  top5  14.000 ( 10.153)	
 | Test: [0][839/1000]    Time 0.862  Data 0.794  top1  26.000 ( 29.154)  top5   8.000 ( 10.150)	
 | Test: [0][840/1000]    Time 0.312  Data 0.246  top1  40.000 ( 29.167)  top5  10.000 ( 10.150)	
 | Test: [0][841/1000]    Time 0.853  Data 0.788  top1  38.000 ( 29.177)  top5  18.000 ( 10.159)	
 | Test: [0][842/1000]    Time 0.378  Data 0.314  top1  26.000 ( 29.173)  top5   4.000 ( 10.152)	
 | Test: [0][843/1000]    Time 0.793  Data 0.729  top1  36.000 ( 29.181)  top5  16.000 ( 10.159)	
 | Test: [0][844/1000]    Time 0.466  Data 0.402  top1  32.000 ( 29.185)  top5  12.000 ( 10.161)	
 | Test: [0][845/1000]    Time 0.690  Data 0.626  top1  32.000 ( 29.188)  top5  10.000 ( 10.161)	
 | Test: [0][846/1000]    Time 0.482  Data 0.417  top1  28.000 ( 29.187)  top5   8.000 ( 10.158)	
 | Test: [0][847/1000]    Time 0.739  Data 0.675  top1  32.000 ( 29.190)  top5   8.000 ( 10.156)	
 | Test: [0][848/1000]    Time 0.439  Data 0.375  top1  24.000 ( 29.184)  top5   8.000 ( 10.153)	
 | Test: [0][849/1000]    Time 0.796  Data 0.732  top1  18.000 ( 29.171)  top5   2.000 ( 10.144)	
 | Test: [0][850/1000]    Time 0.588  Data 0.525  top1  24.000 ( 29.165)  top5   6.000 ( 10.139)	
 | Test: [0][851/1000]    Time 0.662  Data 0.598  top1  30.000 ( 29.166)  top5  14.000 ( 10.143)	
 | Test: [0][852/1000]    Time 0.497  Data 0.433  top1  28.000 ( 29.164)  top5   6.000 ( 10.138)	
 | Test: [0][853/1000]    Time 0.676  Data 0.612  top1  18.000 ( 29.151)  top5   6.000 ( 10.134)	
 | Test: [0][854/1000]    Time 0.567  Data 0.503  top1  26.000 ( 29.148)  top5  16.000 ( 10.141)	
 | Test: [0][855/1000]    Time 0.658  Data 0.594  top1  32.000 ( 29.151)  top5   6.000 ( 10.136)	
 | Test: [0][856/1000]    Time 0.481  Data 0.417  top1  34.000 ( 29.157)  top5  12.000 ( 10.138)	
 | Test: [0][857/1000]    Time 0.664  Data 0.600  top1  22.000 ( 29.148)  top5   8.000 ( 10.135)	
 | Test: [0][858/1000]    Time 0.470  Data 0.406  top1  26.000 ( 29.145)  top5   6.000 ( 10.131)	
 | Test: [0][859/1000]    Time 0.763  Data 0.699  top1  34.000 ( 29.150)  top5  12.000 ( 10.133)	
 | Test: [0][860/1000]    Time 0.670  Data 0.601  top1  30.000 ( 29.151)  top5  12.000 ( 10.135)	
 | Test: [0][861/1000]    Time 0.503  Data 0.439  top1  28.000 ( 29.150)  top5  10.000 ( 10.135)	
 | Test: [0][862/1000]    Time 0.650  Data 0.585  top1  20.000 ( 29.139)  top5   6.000 ( 10.130)	
 | Test: [0][863/1000]    Time 0.542  Data 0.477  top1  42.000 ( 29.154)  top5  20.000 ( 10.141)	
 | Test: [0][864/1000]    Time 0.592  Data 0.528  top1  46.000 ( 29.174)  top5  18.000 ( 10.150)	
 | Test: [0][865/1000]    Time 0.670  Data 0.606  top1  32.000 ( 29.177)  top5  16.000 ( 10.157)	
 | Test: [0][866/1000]    Time 0.560  Data 0.496  top1  32.000 ( 29.180)  top5  16.000 ( 10.164)	
 | Test: [0][867/1000]    Time 0.760  Data 0.696  top1  24.000 ( 29.174)  top5  14.000 ( 10.168)	
 | Test: [0][868/1000]    Time 0.449  Data 0.385  top1  46.000 ( 29.194)  top5  14.000 ( 10.173)	
 | Test: [0][869/1000]    Time 0.802  Data 0.738  top1  30.000 ( 29.194)  top5  10.000 ( 10.173)	
 | Test: [0][870/1000]    Time 0.328  Data 0.264  top1  22.000 ( 29.186)  top5  14.000 ( 10.177)	
 | Test: [0][871/1000]    Time 0.893  Data 0.822  top1  34.000 ( 29.192)  top5  14.000 ( 10.181)	
 | Test: [0][872/1000]    Time 0.295  Data 0.231  top1  32.000 ( 29.195)  top5   4.000 ( 10.174)	
 | Test: [0][873/1000]    Time 0.968  Data 0.900  top1  32.000 ( 29.198)  top5  10.000 ( 10.174)	
 | Test: [0][874/1000]    Time 0.144  Data 0.076  top1  26.000 ( 29.195)  top5   6.000 ( 10.169)	
 | Test: [0][875/1000]    Time 1.015  Data 0.947  top1  36.000 ( 29.202)  top5   6.000 ( 10.165)	
 | Test: [0][876/1000]    Time 0.144  Data 0.076  top1  40.000 ( 29.215)  top5   8.000 ( 10.162)	
 | Test: [0][877/1000]    Time 1.044  Data 0.976  top1  32.000 ( 29.218)  top5   6.000 ( 10.157)	
 | Test: [0][878/1000]    Time 0.109  Data 0.041  top1  16.000 ( 29.203)  top5   6.000 ( 10.153)	
 | Test: [0][879/1000]    Time 1.092  Data 1.024  top1  32.000 ( 29.206)  top5  12.000 ( 10.155)	
 | Test: [0][880/1000]    Time 0.103  Data 0.035  top1  18.000 ( 29.193)  top5   4.000 ( 10.148)	
 | Test: [0][881/1000]    Time 1.035  Data 0.967  top1  26.000 ( 29.190)  top5   6.000 ( 10.143)	
 | Test: [0][882/1000]    Time 0.163  Data 0.095  top1  46.000 ( 29.209)  top5  12.000 ( 10.145)	
 | Test: [0][883/1000]    Time 0.985  Data 0.917  top1  16.000 ( 29.194)  top5   2.000 ( 10.136)	
 | Test: [0][884/1000]    Time 0.209  Data 0.141  top1  26.000 ( 29.190)  top5   8.000 ( 10.133)	
 | Test: [0][885/1000]    Time 1.004  Data 0.936  top1  34.000 ( 29.195)  top5   6.000 ( 10.129)	
 | Test: [0][886/1000]    Time 0.219  Data 0.151  top1  22.000 ( 29.187)  top5  10.000 ( 10.129)	
 | Test: [0][887/1000]    Time 1.242  Data 1.172  top1  32.000 ( 29.191)  top5  14.000 ( 10.133)	
 | Test: [0][888/1000]    Time 0.068  Data 0.001  top1  28.000 ( 29.189)  top5  16.000 ( 10.140)	
 | Test: [0][889/1000]    Time 1.142  Data 1.074  top1  28.000 ( 29.188)  top5   8.000 ( 10.137)	
 | Test: [0][890/1000]    Time 0.062  Data 0.001  top1  24.000 ( 29.182)  top5   8.000 ( 10.135)	
 | Test: [0][891/1000]    Time 1.135  Data 1.068  top1  40.000 ( 29.194)  top5  18.000 ( 10.144)	
 | Test: [0][892/1000]    Time 0.076  Data 0.001  top1  34.000 ( 29.200)  top5   8.000 ( 10.141)	
 | Test: [0][893/1000]    Time 1.062  Data 0.998  top1  28.000 ( 29.198)  top5  10.000 ( 10.141)	
 | Test: [0][894/1000]    Time 0.065  Data 0.001  top1  30.000 ( 29.199)  top5  14.000 ( 10.145)	
 | Test: [0][895/1000]    Time 1.117  Data 1.053  top1  26.000 ( 29.196)  top5  12.000 ( 10.147)	
 | Test: [0][896/1000]    Time 0.072  Data 0.008  top1  34.000 ( 29.201)  top5   8.000 ( 10.145)	
 | Test: [0][897/1000]    Time 1.147  Data 1.083  top1  32.000 ( 29.204)  top5  10.000 ( 10.145)	
 | Test: [0][898/1000]    Time 0.117  Data 0.053  top1  32.000 ( 29.207)  top5  14.000 ( 10.149)	
 | Test: [0][899/1000]    Time 1.114  Data 1.049  top1  42.000 ( 29.221)  top5  28.000 ( 10.169)	
 | Test: [0][900/1000]    Time 0.306  Data 0.242  top1  28.000 ( 29.220)  top5   8.000 ( 10.167)	
 | Test: [0][901/1000]    Time 0.878  Data 0.811  top1  32.000 ( 29.223)  top5   8.000 ( 10.164)	
 | Test: [0][902/1000]    Time 0.298  Data 0.231  top1  22.000 ( 29.215)  top5  10.000 ( 10.164)	
 | Test: [0][903/1000]    Time 0.899  Data 0.835  top1  26.000 ( 29.212)  top5   6.000 ( 10.159)	
 | Test: [0][904/1000]    Time 0.253  Data 0.189  top1  22.000 ( 29.204)  top5   6.000 ( 10.155)	
 | Test: [0][905/1000]    Time 1.021  Data 0.957  top1  32.000 ( 29.207)  top5  12.000 ( 10.157)	
 | Test: [0][906/1000]    Time 0.471  Data 0.407  top1  30.000 ( 29.208)  top5   8.000 ( 10.155)	
 | Test: [0][907/1000]    Time 0.604  Data 0.541  top1  28.000 ( 29.206)  top5  12.000 ( 10.157)	
 | Test: [0][908/1000]    Time 0.573  Data 0.514  top1  20.000 ( 29.196)  top5   8.000 ( 10.154)	
 | Test: [0][909/1000]    Time 0.655  Data 0.591  top1  28.000 ( 29.195)  top5   8.000 ( 10.152)	
 | Test: [0][910/1000]    Time 0.574  Data 0.510  top1  28.000 ( 29.193)  top5  10.000 ( 10.152)	
 | Test: [0][911/1000]    Time 0.635  Data 0.568  top1  24.000 ( 29.188)  top5   4.000 ( 10.145)	
 | Test: [0][912/1000]    Time 0.514  Data 0.450  top1  34.000 ( 29.193)  top5  12.000 ( 10.147)	
 | Test: [0][913/1000]    Time 0.679  Data 0.615  top1  30.000 ( 29.194)  top5  14.000 ( 10.151)	
 | Test: [0][914/1000]    Time 0.416  Data 0.349  top1  30.000 ( 29.195)  top5   6.000 ( 10.147)	
 | Test: [0][915/1000]    Time 0.838  Data 0.774  top1  32.000 ( 29.198)  top5  12.000 ( 10.149)	
 | Test: [0][916/1000]    Time 0.273  Data 0.209  top1  24.000 ( 29.192)  top5   6.000 ( 10.144)	
 | Test: [0][917/1000]    Time 0.902  Data 0.837  top1  28.000 ( 29.191)  top5   4.000 ( 10.137)	
 | Test: [0][918/1000]    Time 0.251  Data 0.187  top1  38.000 ( 29.200)  top5  16.000 ( 10.144)	
 | Test: [0][919/1000]    Time 0.895  Data 0.831  top1  20.000 ( 29.190)  top5   8.000 ( 10.141)	
 | Test: [0][920/1000]    Time 0.262  Data 0.199  top1  24.000 ( 29.185)  top5   6.000 ( 10.137)	
 | Test: [0][921/1000]    Time 0.946  Data 0.882  top1  28.000 ( 29.183)  top5  12.000 ( 10.139)	
 | Test: [0][922/1000]    Time 0.293  Data 0.229  top1  24.000 ( 29.178)  top5   8.000 ( 10.137)	
 | Test: [0][923/1000]    Time 0.982  Data 0.918  top1  30.000 ( 29.179)  top5   0.000 ( 10.126)	
 | Test: [0][924/1000]    Time 0.191  Data 0.126  top1  18.000 ( 29.167)  top5   4.000 ( 10.119)	
 | Test: [0][925/1000]    Time 1.052  Data 0.988  top1  34.000 ( 29.172)  top5   8.000 ( 10.117)	
 | Test: [0][926/1000]    Time 0.116  Data 0.052  top1  30.000 ( 29.173)  top5   8.000 ( 10.114)	
 | Test: [0][927/1000]    Time 1.081  Data 1.009  top1  36.000 ( 29.180)  top5   4.000 ( 10.108)	
 | Test: [0][928/1000]    Time 0.158  Data 0.094  top1  30.000 ( 29.181)  top5  12.000 ( 10.110)	
 | Test: [0][929/1000]    Time 1.073  Data 1.009  top1  38.000 ( 29.191)  top5  14.000 ( 10.114)	
 | Test: [0][930/1000]    Time 0.171  Data 0.107  top1  36.000 ( 29.198)  top5  12.000 ( 10.116)	
 | Test: [0][931/1000]    Time 0.933  Data 0.869  top1  22.000 ( 29.190)  top5  12.000 ( 10.118)	
 | Test: [0][932/1000]    Time 0.298  Data 0.234  top1  24.000 ( 29.185)  top5  12.000 ( 10.120)	
 | Test: [0][933/1000]    Time 0.872  Data 0.808  top1  30.000 ( 29.185)  top5  10.000 ( 10.120)	
 | Test: [0][934/1000]    Time 0.490  Data 0.426  top1  28.000 ( 29.184)  top5  12.000 ( 10.122)	
 | Test: [0][935/1000]    Time 0.708  Data 0.643  top1  16.000 ( 29.170)  top5   8.000 ( 10.120)	
 | Test: [0][936/1000]    Time 0.699  Data 0.635  top1  30.000 ( 29.171)  top5  10.000 ( 10.120)	
 | Test: [0][937/1000]    Time 0.570  Data 0.505  top1  32.000 ( 29.174)  top5  10.000 ( 10.120)	
 | Test: [0][938/1000]    Time 0.685  Data 0.621  top1  26.000 ( 29.171)  top5  12.000 ( 10.122)	
 | Test: [0][939/1000]    Time 0.524  Data 0.460  top1  40.000 ( 29.182)  top5  16.000 ( 10.128)	
 | Test: [0][940/1000]    Time 0.649  Data 0.585  top1  28.000 ( 29.181)  top5  10.000 ( 10.128)	
 | Test: [0][941/1000]    Time 0.530  Data 0.466  top1  22.000 ( 29.173)  top5   8.000 ( 10.125)	
 | Test: [0][942/1000]    Time 0.694  Data 0.630  top1  32.000 ( 29.176)  top5  14.000 ( 10.130)	
 | Test: [0][943/1000]    Time 0.681  Data 0.617  top1  22.000 ( 29.169)  top5   8.000 ( 10.127)	
 | Test: [0][944/1000]    Time 0.654  Data 0.590  top1  20.000 ( 29.159)  top5   2.000 ( 10.119)	
 | Test: [0][945/1000]    Time 0.549  Data 0.485  top1  32.000 ( 29.162)  top5   8.000 ( 10.116)	
 | Test: [0][946/1000]    Time 0.719  Data 0.651  top1  18.000 ( 29.150)  top5   2.000 ( 10.108)	
 | Test: [0][947/1000]    Time 0.483  Data 0.415  top1  36.000 ( 29.157)  top5  16.000 ( 10.114)	
 | Test: [0][948/1000]    Time 0.832  Data 0.764  top1  28.000 ( 29.156)  top5   8.000 ( 10.112)	
 | Test: [0][949/1000]    Time 0.357  Data 0.289  top1  30.000 ( 29.157)  top5  14.000 ( 10.116)	
 | Test: [0][950/1000]    Time 0.925  Data 0.858  top1  30.000 ( 29.158)  top5  16.000 ( 10.122)	
 | Test: [0][951/1000]    Time 0.362  Data 0.294  top1  36.000 ( 29.165)  top5  12.000 ( 10.124)	
 | Test: [0][952/1000]    Time 0.895  Data 0.827  top1  24.000 ( 29.160)  top5   8.000 ( 10.122)	
 | Test: [0][953/1000]    Time 0.404  Data 0.336  top1  28.000 ( 29.158)  top5  14.000 ( 10.126)	
 | Test: [0][954/1000]    Time 0.856  Data 0.788  top1  26.000 ( 29.155)  top5  16.000 ( 10.132)	
 | Test: [0][955/1000]    Time 0.323  Data 0.255  top1  36.000 ( 29.162)  top5   6.000 ( 10.128)	
 | Test: [0][956/1000]    Time 0.905  Data 0.837  top1  38.000 ( 29.172)  top5   8.000 ( 10.126)	
 | Test: [0][957/1000]    Time 0.303  Data 0.235  top1  26.000 ( 29.168)  top5  10.000 ( 10.125)	
 | Test: [0][958/1000]    Time 0.880  Data 0.811  top1  34.000 ( 29.173)  top5  14.000 ( 10.129)	
 | Test: [0][959/1000]    Time 0.274  Data 0.206  top1  30.000 ( 29.174)  top5  10.000 ( 10.129)	
 | Test: [0][960/1000]    Time 0.827  Data 0.759  top1  28.000 ( 29.173)  top5   6.000 ( 10.125)	
 | Test: [0][961/1000]    Time 0.364  Data 0.296  top1  24.000 ( 29.168)  top5   8.000 ( 10.123)	
 | Test: [0][962/1000]    Time 0.823  Data 0.755  top1  20.000 ( 29.158)  top5  10.000 ( 10.123)	
 | Test: [0][963/1000]    Time 0.303  Data 0.235  top1  40.000 ( 29.169)  top5  20.000 ( 10.133)	
 | Test: [0][964/1000]    Time 0.830  Data 0.762  top1  32.000 ( 29.172)  top5  14.000 ( 10.137)	
 | Test: [0][965/1000]    Time 0.294  Data 0.226  top1  32.000 ( 29.175)  top5  12.000 ( 10.139)	
 | Test: [0][966/1000]    Time 0.880  Data 0.812  top1  30.000 ( 29.176)  top5  12.000 ( 10.141)	
 | Test: [0][967/1000]    Time 0.285  Data 0.211  top1  30.000 ( 29.177)  top5  12.000 ( 10.143)	
 | Test: [0][968/1000]    Time 0.910  Data 0.842  top1  30.000 ( 29.178)  top5  12.000 ( 10.145)	
 | Test: [0][969/1000]    Time 0.278  Data 0.210  top1  26.000 ( 29.174)  top5   6.000 ( 10.140)	
 | Test: [0][970/1000]    Time 0.958  Data 0.889  top1  30.000 ( 29.175)  top5   8.000 ( 10.138)	
 | Test: [0][971/1000]    Time 0.196  Data 0.128  top1  30.000 ( 29.176)  top5  10.000 ( 10.138)	
 | Test: [0][972/1000]    Time 1.245  Data 1.170  top1  20.000 ( 29.167)  top5   8.000 ( 10.136)	
 | Test: [0][973/1000]    Time 0.123  Data 0.055  top1  16.000 ( 29.153)  top5  12.000 ( 10.138)	
 | Test: [0][974/1000]    Time 1.166  Data 1.095  top1  26.000 ( 29.150)  top5  10.000 ( 10.138)	
 | Test: [0][975/1000]    Time 0.066  Data 0.001  top1  36.000 ( 29.157)  top5  16.000 ( 10.144)	
 | Test: [0][976/1000]    Time 1.137  Data 1.072  top1  32.000 ( 29.160)  top5  18.000 ( 10.152)	
 | Test: [0][977/1000]    Time 0.066  Data 0.001  top1  26.000 ( 29.157)  top5   8.000 ( 10.149)	
 | Test: [0][978/1000]    Time 1.110  Data 1.046  top1  40.000 ( 29.168)  top5  12.000 ( 10.151)	
 | Test: [0][979/1000]    Time 0.069  Data 0.001  top1  30.000 ( 29.169)  top5  12.000 ( 10.153)	
 | Test: [0][980/1000]    Time 1.158  Data 1.094  top1  28.000 ( 29.167)  top5   4.000 ( 10.147)	
 | Test: [0][981/1000]    Time 0.112  Data 0.047  top1  22.000 ( 29.160)  top5   2.000 ( 10.139)	
 | Test: [0][982/1000]    Time 1.072  Data 1.007  top1  30.000 ( 29.161)  top5  10.000 ( 10.138)	
 | Test: [0][983/1000]    Time 0.148  Data 0.083  top1  18.000 ( 29.150)  top5  10.000 ( 10.138)	
 | Test: [0][984/1000]    Time 1.004  Data 0.940  top1  26.000 ( 29.146)  top5   8.000 ( 10.136)	
 | Test: [0][985/1000]    Time 0.290  Data 0.226  top1  30.000 ( 29.147)  top5  14.000 ( 10.140)	
 | Test: [0][986/1000]    Time 0.889  Data 0.825  top1  34.000 ( 29.152)  top5  12.000 ( 10.142)	
 | Test: [0][987/1000]    Time 0.264  Data 0.200  top1  26.000 ( 29.149)  top5   6.000 ( 10.138)	
 | Test: [0][988/1000]    Time 0.919  Data 0.848  top1  28.000 ( 29.148)  top5   4.000 ( 10.132)	
 | Test: [0][989/1000]    Time 0.332  Data 0.268  top1  34.000 ( 29.153)  top5   8.000 ( 10.129)	
 | Test: [0][990/1000]    Time 0.800  Data 0.736  top1  24.000 ( 29.147)  top5   8.000 ( 10.127)	
 | Test: [0][991/1000]    Time 0.380  Data 0.311  top1  24.000 ( 29.142)  top5  14.000 ( 10.131)	
 | Test: [0][992/1000]    Time 0.731  Data 0.667  top1  50.000 ( 29.163)  top5  12.000 ( 10.133)	
 | Test: [0][993/1000]    Time 0.520  Data 0.456  top1  34.000 ( 29.168)  top5  18.000 ( 10.141)	
 | Test: [0][994/1000]    Time 0.622  Data 0.555  top1  34.000 ( 29.173)  top5  10.000 ( 10.141)	
 | Test: [0][995/1000]    Time 0.577  Data 0.513  top1  36.000 ( 29.180)  top5  14.000 ( 10.145)	
 | Test: [0][996/1000]    Time 0.729  Data 0.664  top1  30.000 ( 29.181)  top5   8.000 ( 10.143)	
 | Test: [0][997/1000]    Time 0.465  Data 0.401  top1  24.000 ( 29.176)  top5   8.000 ( 10.140)	
 | Test: [0][998/1000]    Time 0.875  Data 0.811  top1  28.000 ( 29.174)  top5   6.000 ( 10.136)	
 | Test: [0][999/1000]    Time 0.456  Data 0.392  top1  28.000 ( 29.173)  top5   4.000 ( 10.130)	
 | Test: [0][1000/1000]    Time 0.686  Data 0.623  top1  24.000 ( 29.168)  top5  10.000 ( 10.130)	
 * Finished epoch # 0     top1:  29.168  top5:  10.130
	
 * Results top1: 29.168  top5: 10.130	
